#
# There is insufficient memory for the Java Runtime Environment to continue.
# Native memory allocation (malloc) failed to allocate 1275536 bytes for Chunk::new
# Possible reasons:
#   The system is out of physical RAM or swap space
#   The process is running with CompressedOops enabled, and the Java Heap may be blocking the growth of the native heap
# Possible solutions:
#   Reduce memory load on the system
#   Increase physical memory or swap space
#   Check if swap backing store is full
#   Decrease Java heap size (-Xmx/-Xms)
#   Decrease number of Java threads
#   Decrease Java thread stack sizes (-Xss)
#   Set larger code cache with -XX:ReservedCodeCacheSize=
#   JVM is running with Unscaled Compressed Oops mode in which the Java heap is
#     placed in the first 4GB address space. The Java Heap base address is the
#     maximum limit for the native heap growth. Please use -XX:HeapBaseMinAddress
#     to set the Java Heap base and to place the Java Heap above 4GB virtual address.
# This output file may be truncated or incomplete.
#
#  Out of Memory Error (allocation.cpp:389), pid=15636, tid=0x00000000000024ac
#
# JRE version: Java(TM) SE Runtime Environment (8.0_211-b12) (build 1.8.0_211-b12)
# Java VM: Java HotSpot(TM) 64-Bit Server VM (25.211-b12 mixed mode windows-amd64 compressed oops)
# Failed to write core dump. Minidumps are not enabled by default on client versions of Windows
#

---------------  T H R E A D  ---------------

Current thread (0x000000001987f000):  JavaThread "C2 CompilerThread0" daemon [_thread_in_native, id=9388, stack(0x000000001a040000,0x000000001a140000)]

Stack: [0x000000001a040000,0x000000001a140000]
[error occurred during error reporting (printing stack bounds), id 0xc0000005]

Native frames: (J=compiled Java code, j=interpreted, Vv=VM code, C=native code)


Current CompileTask:
C2:   3280 3280   !   4       org.springframework.core.annotation.AnnotatedElementUtils::searchWithFindSemantics (774 bytes)


---------------  P R O C E S S  ---------------

Java Threads: ( => current thread )
  0x000000001e329800 JavaThread "container-0" [_thread_blocked, id=4136, stack(0x0000000020b00000,0x0000000020c00000)]
  0x0000000021658800 JavaThread "Catalina-utility-2" [_thread_blocked, id=9492, stack(0x0000000020a00000,0x0000000020b00000)]
  0x000000001e4d7800 JavaThread "Catalina-utility-1" [_thread_blocked, id=13200, stack(0x0000000020900000,0x0000000020a00000)]
  0x000000001990f000 JavaThread "Service Thread" daemon [_thread_blocked, id=12036, stack(0x000000001a440000,0x000000001a540000)]
  0x000000001988b800 JavaThread "C1 CompilerThread3" daemon [_thread_blocked, id=3264, stack(0x000000001a340000,0x000000001a440000)]
  0x0000000019886000 JavaThread "C2 CompilerThread2" daemon [_thread_blocked, id=16132, stack(0x000000001a240000,0x000000001a340000)]
  0x0000000019882000 JavaThread "C2 CompilerThread1" daemon [_thread_blocked, id=13504, stack(0x000000001a140000,0x000000001a240000)]
=>0x000000001987f000 JavaThread "C2 CompilerThread0" daemon [_thread_in_native, id=9388, stack(0x000000001a040000,0x000000001a140000)]
  0x000000001987b000 JavaThread "Attach Listener" daemon [_thread_blocked, id=16144, stack(0x0000000019f40000,0x000000001a040000)]
  0x000000001987a000 JavaThread "Signal Dispatcher" daemon [_thread_blocked, id=11316, stack(0x0000000019e40000,0x0000000019f40000)]
  0x0000000019870800 JavaThread "Finalizer" daemon [_thread_blocked, id=11136, stack(0x0000000019c50000,0x0000000019d50000)]
  0x00000000029fb000 JavaThread "Reference Handler" daemon [_thread_blocked, id=10732, stack(0x0000000019750000,0x0000000019850000)]
  0x0000000002904000 JavaThread "main" [_thread_in_vm, id=2304, stack(0x00000000027a0000,0x00000000028a0000)]

Other Threads:
  0x0000000017979800 VMThread [stack: 0x0000000019650000,0x0000000019750000] [id=15316]
  0x000000001994a800 WatcherThread [stack: 0x000000001a540000,0x000000001a640000] [id=3176]

VM state:not at safepoint (normal execution)

VM Mutex/Monitor currently owned by a thread: None

heap address: 0x0000000081c00000, size: 2020 MB, Compressed Oops mode: 32-bit
Narrow klass base: 0x0000000000000000, Narrow klass shift: 3
Compressed class space size: 1073741824 Address: 0x0000000100000000

Heap:
 PSYoungGen      total 111104K, used 10616K [0x00000000d5f00000, 0x00000000dd600000, 0x0000000100000000)
  eden space 100352K, 10% used [0x00000000d5f00000,0x00000000d695e3f0,0x00000000dc100000)
  from space 10752K, 0% used [0x00000000dc100000,0x00000000dc100000,0x00000000dcb80000)
  to   space 9216K, 0% used [0x00000000dcd00000,0x00000000dcd00000,0x00000000dd600000)
 ParOldGen       total 92160K, used 15397K [0x0000000081c00000, 0x0000000087600000, 0x00000000d5f00000)
  object space 92160K, 16% used [0x0000000081c00000,0x0000000082b09760,0x0000000087600000)
 Metaspace       used 35550K, capacity 37092K, committed 37248K, reserved 1081344K
  class space    used 4574K, capacity 4903K, committed 4992K, reserved 1048576K

Card table byte_map: [0x0000000011dc0000,0x00000000121c0000] byte_map_base: 0x00000000119b2000

Marking Bits: (ParMarkBitMap*) 0x000000006cfb5ce0
 Begin Bits: [0x0000000012c70000, 0x0000000014c00000)
 End Bits:   [0x0000000014c00000, 0x0000000016b90000)

Polling page: 0x00000000007f0000

CodeCache: size=245760Kb used=12189Kb max_used=12199Kb free=233570Kb
 bounds [0x0000000002a00000, 0x0000000003600000, 0x0000000011a00000]
 total_blobs=3849 nmethods=3404 adapters=357
 compilation: enabled

Compilation events (10 events):
Event: 3.200 Thread 0x000000001988b800 3403       1       java.lang.Enum::name (5 bytes)
Event: 3.200 Thread 0x000000001988b800 nmethod 3403 0x00000000035d7dd0 code [0x00000000035d7f20, 0x00000000035d8030]
Event: 3.201 Thread 0x000000001988b800 3404       3       java.util.regex.Pattern::append (39 bytes)
Event: 3.201 Thread 0x000000001988b800 nmethod 3404 0x00000000035d77d0 code [0x00000000035d7940, 0x00000000035d7c88]
Event: 3.203 Thread 0x000000001988b800 3405       3       java.lang.Integer::stringSize (21 bytes)
Event: 3.204 Thread 0x000000001988b800 nmethod 3405 0x00000000035d7350 code [0x00000000035d74c0, 0x00000000035d76d0]
Event: 3.208 Thread 0x000000001988b800 3406   !   3       java.lang.ClassLoader::checkCerts (195 bytes)
Event: 3.209 Thread 0x000000001988b800 nmethod 3406 0x00000000035de6d0 code [0x00000000035de980, 0x00000000035e0058]
Event: 3.242 Thread 0x0000000019886000 3407       4       sun.misc.PerfCounter::addElapsedTimeFrom (10 bytes)
Event: 3.244 Thread 0x0000000019886000 nmethod 3407 0x00000000035d1590 code [0x00000000035d16e0, 0x00000000035d1958]

GC Heap History (10 events):
Event: 1.176 GC heap before
{Heap before GC invocations=5 (full 1):
 PSYoungGen      total 71680K, used 5116K [0x00000000d5f00000, 0x00000000daa00000, 0x0000000100000000)
  eden space 66560K, 0% used [0x00000000d5f00000,0x00000000d5f00000,0x00000000da000000)
  from space 5120K, 99% used [0x00000000da500000,0x00000000da9ff028,0x00000000daa00000)
  to   space 5120K, 0% used [0x00000000da000000,0x00000000da000000,0x00000000da500000)
 ParOldGen       total 87552K, used 5545K [0x0000000081c00000, 0x0000000087180000, 0x00000000d5f00000)
  object space 87552K, 6% used [0x0000000081c00000,0x000000008216a560,0x0000000087180000)
 Metaspace       used 20674K, capacity 21234K, committed 21296K, reserved 1067008K
  class space    used 2708K, capacity 2894K, committed 2944K, reserved 1048576K
Event: 1.202 GC heap after
Heap after GC invocations=5 (full 1):
 PSYoungGen      total 71680K, used 0K [0x00000000d5f00000, 0x00000000daa00000, 0x0000000100000000)
  eden space 66560K, 0% used [0x00000000d5f00000,0x00000000d5f00000,0x00000000da000000)
  from space 5120K, 0% used [0x00000000da500000,0x00000000da500000,0x00000000daa00000)
  to   space 5120K, 0% used [0x00000000da000000,0x00000000da000000,0x00000000da500000)
 ParOldGen       total 58368K, used 7500K [0x0000000081c00000, 0x0000000085500000, 0x00000000d5f00000)
  object space 58368K, 12% used [0x0000000081c00000,0x0000000082353118,0x0000000085500000)
 Metaspace       used 20673K, capacity 21228K, committed 21296K, reserved 1067008K
  class space    used 2707K, capacity 2893K, committed 2944K, reserved 1048576K
}
Event: 1.581 GC heap before
{Heap before GC invocations=6 (full 1):
 PSYoungGen      total 71680K, used 66560K [0x00000000d5f00000, 0x00000000daa00000, 0x0000000100000000)
  eden space 66560K, 100% used [0x00000000d5f00000,0x00000000da000000,0x00000000da000000)
  from space 5120K, 0% used [0x00000000da500000,0x00000000da500000,0x00000000daa00000)
  to   space 5120K, 0% used [0x00000000da000000,0x00000000da000000,0x00000000da500000)
 ParOldGen       total 58368K, used 7500K [0x0000000081c00000, 0x0000000085500000, 0x00000000d5f00000)
  object space 58368K, 12% used [0x0000000081c00000,0x0000000082353118,0x0000000085500000)
 Metaspace       used 23633K, capacity 24338K, committed 24576K, reserved 1071104K
  class space    used 3085K, capacity 3282K, committed 3328K, reserved 1048576K
Event: 1.585 GC heap after
Heap after GC invocations=6 (full 1):
 PSYoungGen      total 71680K, used 4222K [0x00000000d5f00000, 0x00000000dd600000, 0x0000000100000000)
  eden space 66560K, 0% used [0x00000000d5f00000,0x00000000d5f00000,0x00000000da000000)
  from space 5120K, 82% used [0x00000000da000000,0x00000000da41fba8,0x00000000da500000)
  to   space 9216K, 0% used [0x00000000dcd00000,0x00000000dcd00000,0x00000000dd600000)
 ParOldGen       total 58368K, used 7572K [0x0000000081c00000, 0x0000000085500000, 0x00000000d5f00000)
  object space 58368K, 12% used [0x0000000081c00000,0x0000000082365128,0x0000000085500000)
 Metaspace       used 23633K, capacity 24338K, committed 24576K, reserved 1071104K
  class space    used 3085K, capacity 3282K, committed 3328K, reserved 1048576K
}
Event: 2.412 GC heap before
{Heap before GC invocations=7 (full 1):
 PSYoungGen      total 71680K, used 70782K [0x00000000d5f00000, 0x00000000dd600000, 0x0000000100000000)
  eden space 66560K, 100% used [0x00000000d5f00000,0x00000000da000000,0x00000000da000000)
  from space 5120K, 82% used [0x00000000da000000,0x00000000da41fba8,0x00000000da500000)
  to   space 9216K, 0% used [0x00000000dcd00000,0x00000000dcd00000,0x00000000dd600000)
 ParOldGen       total 58368K, used 7572K [0x0000000081c00000, 0x0000000085500000, 0x00000000d5f00000)
  object space 58368K, 12% used [0x0000000081c00000,0x0000000082365128,0x0000000085500000)
 Metaspace       used 29125K, capacity 30522K, committed 30848K, reserved 1075200K
  class space    used 3856K, capacity 4136K, committed 4224K, reserved 1048576K
Event: 2.420 GC heap after
Heap after GC invocations=7 (full 1):
 PSYoungGen      total 109568K, used 9188K [0x00000000d5f00000, 0x00000000dd600000, 0x0000000100000000)
  eden space 100352K, 0% used [0x00000000d5f00000,0x00000000d5f00000,0x00000000dc100000)
  from space 9216K, 99% used [0x00000000dcd00000,0x00000000dd5f91d0,0x00000000dd600000)
  to   space 10752K, 0% used [0x00000000dc100000,0x00000000dc100000,0x00000000dcb80000)
 ParOldGen       total 58368K, used 8079K [0x0000000081c00000, 0x0000000085500000, 0x00000000d5f00000)
  object space 58368K, 13% used [0x0000000081c00000,0x00000000823e3f28,0x0000000085500000)
 Metaspace       used 29125K, capacity 30522K, committed 30848K, reserved 1075200K
  class space    used 3856K, capacity 4136K, committed 4224K, reserved 1048576K
}
Event: 3.109 GC heap before
{Heap before GC invocations=8 (full 1):
 PSYoungGen      total 109568K, used 79841K [0x00000000d5f00000, 0x00000000dd600000, 0x0000000100000000)
  eden space 100352K, 70% used [0x00000000d5f00000,0x00000000da3ff288,0x00000000dc100000)
  from space 9216K, 99% used [0x00000000dcd00000,0x00000000dd5f91d0,0x00000000dd600000)
  to   space 10752K, 0% used [0x00000000dc100000,0x00000000dc100000,0x00000000dcb80000)
 ParOldGen       total 58368K, used 8079K [0x0000000081c00000, 0x0000000085500000, 0x00000000d5f00000)
  object space 58368K, 13% used [0x0000000081c00000,0x00000000823e3f28,0x0000000085500000)
 Metaspace       used 33822K, capacity 35300K, committed 35456K, reserved 1079296K
  class space    used 4374K, capacity 4647K, committed 4736K, reserved 1048576K
Event: 3.120 GC heap after
Heap after GC invocations=8 (full 1):
 PSYoungGen      total 111104K, used 10735K [0x00000000d5f00000, 0x00000000dd600000, 0x0000000100000000)
  eden space 100352K, 0% used [0x00000000d5f00000,0x00000000d5f00000,0x00000000dc100000)
  from space 10752K, 99% used [0x00000000dc100000,0x00000000dcb7bd78,0x00000000dcb80000)
  to   space 9216K, 0% used [0x00000000dcd00000,0x00000000dcd00000,0x00000000dd600000)
 ParOldGen       total 58368K, used 8693K [0x0000000081c00000, 0x0000000085500000, 0x00000000d5f00000)
  object space 58368K, 14% used [0x0000000081c00000,0x000000008247d5f8,0x0000000085500000)
 Metaspace       used 33822K, capacity 35300K, committed 35456K, reserved 1079296K
  class space    used 4374K, capacity 4647K, committed 4736K, reserved 1048576K
}
Event: 3.120 GC heap before
{Heap before GC invocations=9 (full 2):
 PSYoungGen      total 111104K, used 10735K [0x00000000d5f00000, 0x00000000dd600000, 0x0000000100000000)
  eden space 100352K, 0% used [0x00000000d5f00000,0x00000000d5f00000,0x00000000dc100000)
  from space 10752K, 99% used [0x00000000dc100000,0x00000000dcb7bd78,0x00000000dcb80000)
  to   space 9216K, 0% used [0x00000000dcd00000,0x00000000dcd00000,0x00000000dd600000)
 ParOldGen       total 58368K, used 8693K [0x0000000081c00000, 0x0000000085500000, 0x00000000d5f00000)
  object space 58368K, 14% used [0x0000000081c00000,0x000000008247d5f8,0x0000000085500000)
 Metaspace       used 33822K, capacity 35300K, committed 35456K, reserved 1079296K
  class space    used 4374K, capacity 4647K, committed 4736K, reserved 1048576K
Event: 3.176 GC heap after
Heap after GC invocations=9 (full 2):
 PSYoungGen      total 111104K, used 0K [0x00000000d5f00000, 0x00000000dd600000, 0x0000000100000000)
  eden space 100352K, 0% used [0x00000000d5f00000,0x00000000d5f00000,0x00000000dc100000)
  from space 10752K, 0% used [0x00000000dc100000,0x00000000dc100000,0x00000000dcb80000)
  to   space 9216K, 0% used [0x00000000dcd00000,0x00000000dcd00000,0x00000000dd600000)
 ParOldGen       total 92160K, used 15397K [0x0000000081c00000, 0x0000000087600000, 0x00000000d5f00000)
  object space 92160K, 16% used [0x0000000081c00000,0x0000000082b09760,0x0000000087600000)
 Metaspace       used 33822K, capacity 35300K, committed 35456K, reserved 1079296K
  class space    used 4374K, capacity 4647K, committed 4736K, reserved 1048576K
}

Deoptimization events (10 events):
Event: 2.979 Thread 0x0000000002904000 Uncommon trap: reason=unstable_if action=reinterpret pc=0x00000000030b7dc8 method=org.springframework.boot.context.properties.source.ConfigurationPropertyName.equals(Ljava/lang/Object;)Z @ 8
Event: 2.982 Thread 0x0000000002904000 Uncommon trap: reason=unstable_if action=reinterpret pc=0x0000000002c4ab08 method=java.lang.AbstractStringBuilder.append(Ljava/lang/String;)Ljava/lang/AbstractStringBuilder; @ 1
Event: 2.984 Thread 0x0000000002904000 Uncommon trap: reason=class_check action=maybe_recompile pc=0x000000000354b4b8 method=org.springframework.core.annotation.AnnotationUtils.hasPlainJavaAnnotationsOnly(Ljava/lang/Object;)Z @ 1
Event: 2.991 Thread 0x0000000002904000 Uncommon trap: reason=unstable_if action=reinterpret pc=0x00000000033867d0 method=org.springframework.beans.factory.support.DefaultSingletonBeanRegistry.getSingleton(Ljava/lang/String;Z)Ljava/lang/Object; @ 47
Event: 2.993 Thread 0x0000000002904000 Uncommon trap: reason=unstable_if action=reinterpret pc=0x00000000033f4610 method=java.util.concurrent.ConcurrentHashMap.get(Ljava/lang/Object;)Ljava/lang/Object; @ 152
Event: 3.020 Thread 0x0000000002904000 Uncommon trap: reason=unstable_if action=reinterpret pc=0x000000000334b2e0 method=org.springframework.asm.Frame.push(I)V @ 26
Event: 3.087 Thread 0x0000000002904000 Uncommon trap: reason=class_check action=maybe_recompile pc=0x00000000034f1cd4 method=java.util.Properties$LineReader.readLine()I @ 62
Event: 3.087 Thread 0x0000000002904000 Uncommon trap: reason=class_check action=maybe_recompile pc=0x00000000034f1cd4 method=java.util.Properties$LineReader.readLine()I @ 62
Event: 3.087 Thread 0x0000000002904000 Uncommon trap: reason=class_check action=maybe_recompile pc=0x00000000034f1cf8 method=java.util.Properties$LineReader.readLine()I @ 410
Event: 3.087 Thread 0x0000000002904000 Uncommon trap: reason=class_check action=maybe_recompile pc=0x00000000034f1cd4 method=java.util.Properties$LineReader.readLine()I @ 62

Classes redefined (0 events):
No events

Internal exceptions (10 events):
Event: 2.983 Thread 0x0000000002904000 Implicit null exception at 0x00000000035649bd to 0x0000000003564f1b
Event: 2.983 Thread 0x0000000002904000 Exception <a 'java/lang/NullPointerException'> (0x00000000d9c13090) thrown at [C:\re\workspace\8-2-build-windows-amd64-cygwin\jdk8u211\12973\hotspot\src\share\vm\runtime\sharedRuntime.cpp, line 605]
Event: 2.983 Thread 0x0000000002904000 Implicit null exception at 0x00000000035649bd to 0x0000000003564f1b
Event: 2.983 Thread 0x0000000002904000 Exception <a 'java/lang/NullPointerException'> (0x00000000d9c13e48) thrown at [C:\re\workspace\8-2-build-windows-amd64-cygwin\jdk8u211\12973\hotspot\src\share\vm\runtime\sharedRuntime.cpp, line 605]
Event: 2.983 Thread 0x0000000002904000 Implicit null exception at 0x00000000035649bd to 0x0000000003564f1b
Event: 2.983 Thread 0x0000000002904000 Exception <a 'java/lang/NullPointerException'> (0x00000000d9c14bf0) thrown at [C:\re\workspace\8-2-build-windows-amd64-cygwin\jdk8u211\12973\hotspot\src\share\vm\runtime\sharedRuntime.cpp, line 605]
Event: 2.984 Thread 0x0000000002904000 Implicit null exception at 0x00000000035649bd to 0x0000000003564f1b
Event: 2.984 Thread 0x0000000002904000 Exception <a 'java/lang/NullPointerException'> (0x00000000d9c159f0) thrown at [C:\re\workspace\8-2-build-windows-amd64-cygwin\jdk8u211\12973\hotspot\src\share\vm\runtime\sharedRuntime.cpp, line 605]
Event: 2.984 Thread 0x0000000002904000 Implicit null exception at 0x00000000035649bd to 0x0000000003564f1b
Event: 2.984 Thread 0x0000000002904000 Exception <a 'java/lang/NullPointerException'> (0x00000000d9c16818) thrown at [C:\re\workspace\8-2-build-windows-amd64-cygwin\jdk8u211\12973\hotspot\src\share\vm\runtime\sharedRuntime.cpp, line 605]

Events (10 events):
Event: 3.275 loading class org/h2/command/ddl/DropFunctionAlias
Event: 3.275 loading class org/h2/command/ddl/DropFunctionAlias done
Event: 3.275 loading class org/h2/command/ddl/DropSchema
Event: 3.275 loading class org/h2/command/ddl/DropSchema done
Event: 3.275 loading class org/h2/command/ddl/DropDatabase
Event: 3.275 loading class org/h2/command/ddl/DropDatabase done
Event: 3.276 loading class org/h2/command/ddl/DropDomain
Event: 3.276 loading class org/h2/command/ddl/DropDomain done
Event: 3.276 loading class org/h2/command/ddl/DropAggregate
Event: 3.276 loading class org/h2/command/ddl/DropAggregate done


Dynamic libraries:
0x00007ff623e00000 - 0x00007ff623e37000 	C:\Program Files\Java\jre1.8.0_211\bin\javaw.exe
0x00007ffe479f0000 - 0x00007ffe47bd1000 	C:\Windows\SYSTEM32\ntdll.dll
0x00007ffe47900000 - 0x00007ffe479b1000 	C:\Windows\System32\KERNEL32.DLL
0x00007ffe44a50000 - 0x00007ffe44cc3000 	C:\Windows\System32\KERNELBASE.dll
0x00007ffe45010000 - 0x00007ffe450b1000 	C:\Windows\System32\ADVAPI32.dll
0x00007ffe47860000 - 0x00007ffe478fe000 	C:\Windows\System32\msvcrt.dll
0x00007ffe47450000 - 0x00007ffe474ab000 	C:\Windows\System32\sechost.dll
0x00007ffe47320000 - 0x00007ffe47444000 	C:\Windows\System32\RPCRT4.dll
0x00007ffe44e80000 - 0x00007ffe45010000 	C:\Windows\System32\USER32.dll
0x00007ffe43e10000 - 0x00007ffe43e30000 	C:\Windows\System32\win32u.dll
0x00007ffe476a0000 - 0x00007ffe476c8000 	C:\Windows\System32\GDI32.dll
0x00007ffe441a0000 - 0x00007ffe44331000 	C:\Windows\System32\gdi32full.dll
0x00007ffe44de0000 - 0x00007ffe44e7f000 	C:\Windows\System32\msvcp_win.dll
0x00007ffe43e30000 - 0x00007ffe43f28000 	C:\Windows\System32\ucrtbase.dll
0x00007ffe33e90000 - 0x00007ffe340f9000 	C:\Windows\WinSxS\amd64_microsoft.windows.common-controls_6595b64144ccf1df_6.0.17134.885_none_fb42a3473065565f\COMCTL32.dll
0x00007ffe45270000 - 0x00007ffe45592000 	C:\Windows\System32\combase.dll
0x00007ffe43f30000 - 0x00007ffe43fa9000 	C:\Windows\System32\bcryptPrimitives.dll
0x00007ffe476d0000 - 0x00007ffe476fd000 	C:\Windows\System32\IMM32.DLL
0x000000006c5d0000 - 0x000000006c6a2000 	C:\Program Files\Java\jre1.8.0_211\bin\msvcr100.dll
0x000000006c790000 - 0x000000006d035000 	C:\Program Files\Java\jre1.8.0_211\bin\server\jvm.dll
0x00007ffe45a00000 - 0x00007ffe45a08000 	C:\Windows\System32\PSAPI.DLL
0x00007ffe415a0000 - 0x00007ffe415c3000 	C:\Windows\SYSTEM32\WINMM.dll
0x00007ffe32080000 - 0x00007ffe32089000 	C:\Windows\SYSTEM32\WSOCK32.dll
0x00007ffe3f0f0000 - 0x00007ffe3f0fa000 	C:\Windows\SYSTEM32\VERSION.dll
0x00007ffe41450000 - 0x00007ffe4147a000 	C:\Windows\SYSTEM32\winmmbase.dll
0x00007ffe43dc0000 - 0x00007ffe43e09000 	C:\Windows\System32\cfgmgr32.dll
0x00007ffe45a10000 - 0x00007ffe45a7c000 	C:\Windows\System32\WS2_32.dll
0x00007ffe3c6d0000 - 0x00007ffe3c6df000 	C:\Program Files\Java\jre1.8.0_211\bin\verify.dll
0x00007ffe38c70000 - 0x00007ffe38c99000 	C:\Program Files\Java\jre1.8.0_211\bin\java.dll
0x00007ffe3c070000 - 0x00007ffe3c086000 	C:\Program Files\Java\jre1.8.0_211\bin\zip.dll
0x00007ffe45e80000 - 0x00007ffe472c0000 	C:\Windows\System32\SHELL32.dll
0x00007ffe45a80000 - 0x00007ffe45b29000 	C:\Windows\System32\shcore.dll
0x00007ffe44340000 - 0x00007ffe44a4d000 	C:\Windows\System32\windows.storage.dll
0x00007ffe45210000 - 0x00007ffe45261000 	C:\Windows\System32\shlwapi.dll
0x00007ffe43d60000 - 0x00007ffe43d71000 	C:\Windows\System32\kernel.appcore.dll
0x00007ffe43d80000 - 0x00007ffe43d9f000 	C:\Windows\System32\profapi.dll
0x00007ffe43d10000 - 0x00007ffe43d5c000 	C:\Windows\System32\powrprof.dll
0x00007ffe43d00000 - 0x00007ffe43d0a000 	C:\Windows\System32\FLTLIB.DLL
0x00007ffe3f670000 - 0x00007ffe3f67d000 	C:\Program Files\Java\jre1.8.0_211\bin\management.dll
0x00007ffe394e0000 - 0x00007ffe394fa000 	C:\Program Files\Java\jre1.8.0_211\bin\net.dll
0x00007ffe3b520000 - 0x00007ffe3b6e9000 	C:\Windows\SYSTEM32\urlmon.dll
0x00007ffe3b1c0000 - 0x00007ffe3b466000 	C:\Windows\SYSTEM32\iertutil.dll
0x00007ffe43750000 - 0x00007ffe4375b000 	C:\Windows\SYSTEM32\CRYPTBASE.DLL
0x00007ffe43580000 - 0x00007ffe435e6000 	C:\Windows\system32\mswsock.dll
0x00007ffe2d290000 - 0x00007ffe2d2a6000 	C:\Windows\system32\napinsp.dll
0x00007ffe2c480000 - 0x00007ffe2c49a000 	C:\Windows\system32\pnrpnsp.dll
0x00007ffe3fd60000 - 0x00007ffe3fd79000 	C:\Windows\system32\NLAapi.dll
0x00007ffe432f0000 - 0x00007ffe433ae000 	C:\Windows\SYSTEM32\DNSAPI.dll
0x00007ffe47510000 - 0x00007ffe47518000 	C:\Windows\System32\NSI.dll
0x00007ffe432b0000 - 0x00007ffe432e8000 	C:\Windows\SYSTEM32\IPHLPAPI.DLL
0x00007ffe2d280000 - 0x00007ffe2d28e000 	C:\Windows\System32\winrnr.dll
0x00007ffe2c300000 - 0x00007ffe2c315000 	C:\Windows\System32\wshbth.dll
0x00007ffe36db0000 - 0x00007ffe36dba000 	C:\Windows\System32\rasadhlp.dll
0x00007ffe36eb0000 - 0x00007ffe36f22000 	C:\Windows\System32\fwpuclnt.dll
0x00007ffe43860000 - 0x00007ffe43885000 	C:\Windows\SYSTEM32\bcrypt.dll
0x00007ffe39460000 - 0x00007ffe39472000 	C:\Program Files\Java\jre1.8.0_211\bin\nio.dll
0x00007ffe43730000 - 0x00007ffe43747000 	C:\Windows\SYSTEM32\CRYPTSP.dll
0x00007ffe43110000 - 0x00007ffe43143000 	C:\Windows\system32\rsaenh.dll
0x00007ffe43c30000 - 0x00007ffe43c58000 	C:\Windows\SYSTEM32\USERENV.dll
0x00007ffe3bb20000 - 0x00007ffe3bb36000 	C:\Windows\SYSTEM32\dhcpcsvc6.DLL
0x00007ffe3d0d0000 - 0x00007ffe3d0ea000 	C:\Windows\SYSTEM32\dhcpcsvc.DLL

VM Arguments:
jvm_args: -Dfile.encoding=UTF-8 
java_command: com.niit.CourseRatingServiceApplication
java_class_path (initial): D:\KAREN\backuplatest\STSWorkspace\CourseRatingService\target\classes;C:\Users\Karen\.m2\repository\org\springframework\boot\spring-boot-starter-data-jpa\2.1.6.RELEASE\spring-boot-starter-data-jpa-2.1.6.RELEASE.jar;C:\Users\Karen\.m2\repository\org\springframework\boot\spring-boot-starter-aop\2.1.6.RELEASE\spring-boot-starter-aop-2.1.6.RELEASE.jar;C:\Users\Karen\.m2\repository\org\springframework\spring-aop\5.1.8.RELEASE\spring-aop-5.1.8.RELEASE.jar;C:\Users\Karen\.m2\repository\org\aspectj\aspectjweaver\1.9.4\aspectjweaver-1.9.4.jar;C:\Users\Karen\.m2\repository\org\springframework\boot\spring-boot-starter-jdbc\2.1.6.RELEASE\spring-boot-starter-jdbc-2.1.6.RELEASE.jar;C:\Users\Karen\.m2\repository\com\zaxxer\HikariCP\3.2.0\HikariCP-3.2.0.jar;C:\Users\Karen\.m2\repository\org\springframework\spring-jdbc\5.1.8.RELEASE\spring-jdbc-5.1.8.RELEASE.jar;C:\Users\Karen\.m2\repository\javax\transaction\javax.transaction-api\1.3\javax.transaction-api-1.3.jar;C:\Users\Karen\.m2\repository\javax\xml\bind\jaxb-api\2.3.1\jaxb-api-2.3.1.jar;C:\Users\Karen\.m2\repository\javax\activation\javax.activation-api\1.2.0\javax.activation-api-1.2.0.jar;C:\Users\Karen\.m2\repository\org\hibernate\hibernate-core\5.3.10.Final\hibernate-core-5.3.10.Final.jar;C:\Users\Karen\.m2\repository\org\jboss\logging\jboss-logging\3.3.2.Final\jboss-logging-3.3.2.Final.jar;C:\Users\Karen\.m2\repository\javax\persistence\javax.persistence-api\2.2\javax.persistence-api-2.2.jar;C:\Users\Karen\.m2\repository\org\javassist\javassist\3.23.2-GA\javassist-3.23.2-GA.jar;C:\Users\Karen\.m2\repository\net\bytebuddy\byte-buddy\1.9.13\byte-buddy-1.9.13.jar;C:\Users\Karen\.m2\repository\antlr\antlr\2.7.7\antlr-2.7.7.jar;C:\Users\Karen\.m2\repository\org\jboss\jandex\2.0.5.Final\jandex-2.0.5.Final.jar;C:\Users\Karen\.m2\repository\com\fasterxml\classmate\1.4.0\classmate-1.4.0.jar;C:\Users\Karen\.m2\repository\org\dom4j\dom4j\2.1.1\dom4j-2.1.1.jar;C:\Users\Karen\.m2\repository\org\hibernate\com
Launcher Type: SUN_STANDARD

Environment Variables:
JAVA_HOME=C:\Program Files\Java\jdk1.8.0_181
PATH=C:/Program Files/Java/jre1.8.0_211/bin/server;C:/Program Files/Java/jre1.8.0_211/bin;C:/Program Files/Java/jre1.8.0_211/lib/amd64;C:\Program Files (x86)\Common Files\Oracle\Java\javapath;C:\Program Files (x86)\Intel\Intel(R) Management Engine Components\iCLS\;C:\Program Files\Intel\Intel(R) Management Engine Components\iCLS\;C:\Windows\system32;C:\Windows;C:\Windows\System32\Wbem;C:\Windows\System32\WindowsPowerShell\v1.0\;C:\Windows\System32\OpenSSH\;C:\Program Files (x86)\NVIDIA Corporation\PhysX\Common;C:\Program Files (x86)\Intel\Intel(R) Management Engine Components\DAL;C:\Program Files\Intel\Intel(R) Management Engine Components\DAL;C:\Program Files (x86)\Intel\Intel(R) Management Engine Components\IPT;C:\Program Files\Intel\Intel(R) Management Engine Components\IPT;C:\Program Files\Intel\WiFi\bin\;C:\Program Files\Common Files\Intel\WirelessCommon\;C:\Program Files\MySQL\MySQL Utilities 1.6\;C:\Program Files\Java\jdk1.8.0_181\bin;C:\Users\Karen\AppData\Local\Programs\Python\Python37-32\Scripts\;C:\Users\Karen\AppData\Local\Programs\Python\Python37-32\;C:\Users\Karen\AppData\Local\Microsoft\WindowsApps;C:\Users\Karen\AppData\Local\Programs\Microsoft VS Code\bin;;C:\SpringSTS\sts-4.3.0.RELEASE;
USERNAME=Karen
OS=Windows_NT
PROCESSOR_IDENTIFIER=Intel64 Family 6 Model 142 Stepping 10, GenuineIntel



---------------  S Y S T E M  ---------------

OS: Windows 10.0 , 64 bit Build 17134 (10.0.17134.753)

CPU:total 8 (initial active 8) (4 cores per cpu, 2 threads per core) family 6 model 142 stepping 10, cmov, cx8, fxsr, mmx, sse, sse2, sse3, ssse3, sse4.1, sse4.2, popcnt, avx, avx2, aes, clmul, erms, 3dnowpref, lzcnt, ht, tsc, tscinvbit, bmi1, bmi2, adx

Memory: 4k page, physical 8267536k(814596k free), swap 8267536k(5152k free)

vm_info: Java HotSpot(TM) 64-Bit Server VM (25.211-b12) for windows-amd64 JRE (1.8.0_211-b12), built on Apr  1 2019 20:53:26 by "java_re" with MS VC++ 10.0 (VS2010)

time: Tue Jul 23 14:42:51 2019
timezone: India Standard Time
elapsed time: 3 seconds (0d 0h 0m 3s)

