#
# There is insufficient memory for the Java Runtime Environment to continue.
# Native memory allocation (malloc) failed to allocate 549776 bytes for Chunk::new
# Possible reasons:
#   The system is out of physical RAM or swap space
#   The process is running with CompressedOops enabled, and the Java Heap may be blocking the growth of the native heap
# Possible solutions:
#   Reduce memory load on the system
#   Increase physical memory or swap space
#   Check if swap backing store is full
#   Decrease Java heap size (-Xmx/-Xms)
#   Decrease number of Java threads
#   Decrease Java thread stack sizes (-Xss)
#   Set larger code cache with -XX:ReservedCodeCacheSize=
#   JVM is running with Unscaled Compressed Oops mode in which the Java heap is
#     placed in the first 4GB address space. The Java Heap base address is the
#     maximum limit for the native heap growth. Please use -XX:HeapBaseMinAddress
#     to set the Java Heap base and to place the Java Heap above 4GB virtual address.
# This output file may be truncated or incomplete.
#
#  Out of Memory Error (allocation.cpp:389), pid=14184, tid=0x00000000000038c8
#
# JRE version: Java(TM) SE Runtime Environment (8.0_211-b12) (build 1.8.0_211-b12)
# Java VM: Java HotSpot(TM) 64-Bit Server VM (25.211-b12 mixed mode windows-amd64 compressed oops)
# Failed to write core dump. Minidumps are not enabled by default on client versions of Windows
#

---------------  T H R E A D  ---------------

Current thread (0x000000001a0e5800):  JavaThread "C2 CompilerThread1" daemon [_thread_in_native, id=14536, stack(0x000000001a9a0000,0x000000001aaa0000)]

Stack: [0x000000001a9a0000,0x000000001aaa0000]
[error occurred during error reporting (printing stack bounds), id 0xc0000005]

Native frames: (J=compiled Java code, j=interpreted, Vv=VM code, C=native code)


Current CompileTask:
C2:    913 1261       4       java.io.WinNTFileSystem::normalize (143 bytes)


---------------  P R O C E S S  ---------------

Java Threads: ( => current thread )
  0x000000001b48f000 JavaThread "background-preinit" [_thread_in_native, id=18996, stack(0x000000001c7b0000,0x000000001c8b0000)]
  0x000000001a184000 JavaThread "Service Thread" daemon [_thread_blocked, id=604, stack(0x000000001aca0000,0x000000001ada0000)]
  0x000000001a0fc000 JavaThread "C1 CompilerThread3" daemon [_thread_blocked, id=8520, stack(0x000000001aba0000,0x000000001aca0000)]
  0x000000001a0e9000 JavaThread "C2 CompilerThread2" daemon [_thread_in_native, id=5164, stack(0x000000001aaa0000,0x000000001aba0000)]
=>0x000000001a0e5800 JavaThread "C2 CompilerThread1" daemon [_thread_in_native, id=14536, stack(0x000000001a9a0000,0x000000001aaa0000)]
  0x000000001a0e2800 JavaThread "C2 CompilerThread0" daemon [_thread_in_native, id=14788, stack(0x000000001a8a0000,0x000000001a9a0000)]
  0x000000001a0e1000 JavaThread "Attach Listener" daemon [_thread_blocked, id=4808, stack(0x000000001a7a0000,0x000000001a8a0000)]
  0x000000001a0e0800 JavaThread "Signal Dispatcher" daemon [_thread_blocked, id=4312, stack(0x000000001a6a0000,0x000000001a7a0000)]
  0x00000000181c6000 JavaThread "Finalizer" daemon [_thread_blocked, id=5584, stack(0x000000001a4b0000,0x000000001a5b0000)]
  0x00000000181bf000 JavaThread "Reference Handler" daemon [_thread_blocked, id=7960, stack(0x0000000019fb0000,0x000000001a0b0000)]
  0x0000000003148000 JavaThread "main" [_thread_in_vm, id=18660, stack(0x0000000003040000,0x0000000003140000)]

Other Threads:
  0x000000000323e800 VMThread [stack: 0x0000000019eb0000,0x0000000019fb0000] [id=16760]
  0x000000001a1b8000 WatcherThread [stack: 0x000000001ada0000,0x000000001aea0000] [id=17908]

VM state:not at safepoint (normal execution)

VM Mutex/Monitor currently owned by a thread: None

heap address: 0x0000000081c00000, size: 2020 MB, Compressed Oops mode: 32-bit
Narrow klass base: 0x0000000000000000, Narrow klass shift: 3
Compressed class space size: 1073741824 Address: 0x0000000100000000

Heap:
 PSYoungGen      total 38400K, used 6704K [0x00000000d5f00000, 0x00000000daa00000, 0x0000000100000000)
  eden space 33280K, 4% used [0x00000000d5f00000,0x00000000d608c890,0x00000000d7f80000)
  from space 5120K, 99% used [0x00000000d7f80000,0x00000000d847f988,0x00000000d8480000)
  to   space 5120K, 0% used [0x00000000da500000,0x00000000da500000,0x00000000daa00000)
 ParOldGen       total 87552K, used 2748K [0x0000000081c00000, 0x0000000087180000, 0x00000000d5f00000)
  object space 87552K, 3% used [0x0000000081c00000,0x0000000081eaf2d0,0x0000000087180000)
 Metaspace       used 16731K, capacity 17278K, committed 17536K, reserved 1064960K
  class space    used 2160K, capacity 2322K, committed 2432K, reserved 1048576K

Card table byte_map: [0x0000000012600000,0x0000000012a00000] byte_map_base: 0x00000000121f2000

Marking Bits: (ParMarkBitMap*) 0x000000006da35ce0
 Begin Bits: [0x00000000134b0000, 0x0000000015440000)
 End Bits:   [0x0000000015440000, 0x00000000173d0000)

Polling page: 0x0000000002e40000

CodeCache: size=245760Kb used=4274Kb max_used=4274Kb free=241485Kb
 bounds [0x0000000003240000, 0x0000000003670000, 0x0000000012240000]
 total_blobs=1614 nmethods=1272 adapters=255
 compilation: enabled

Compilation events (10 events):
Event: 0.909 Thread 0x000000001a0fc000 nmethod 1268 0x0000000003669950 code [0x0000000003669b40, 0x000000000366a478]
Event: 0.909 Thread 0x000000001a0fc000 1272       1       java.lang.Class::getAnnotationType (5 bytes)
Event: 0.909 Thread 0x000000001a0fc000 nmethod 1272 0x0000000003665410 code [0x0000000003665560, 0x0000000003665670]
Event: 0.909 Thread 0x000000001a0e9000 nmethod 1264 0x000000000366d890 code [0x000000000366d9e0, 0x000000000366dcf8]
Event: 0.909 Thread 0x000000001a0e9000 1271   !   4       java.util.WeakHashMap::expungeStaleEntries (139 bytes)
Event: 0.910 Thread 0x000000001a0fc000 1273       3       sun.misc.ProxyGenerator::access$900 (5 bytes)
Event: 0.910 Thread 0x000000001a0fc000 nmethod 1273 0x000000000366d3d0 code [0x000000000366d540, 0x000000000366d7a8]
Event: 0.910 Thread 0x000000001a0fc000 1274       3       sun.misc.ProxyGenerator$ConstantPool::getMethodRef (33 bytes)
Event: 0.911 Thread 0x000000001a0fc000 nmethod 1274 0x000000000366b4d0 code [0x000000000366b760, 0x000000000366c508]
Event: 0.911 Thread 0x000000001a0fc000 1275       3       sun.reflect.NativeConstructorAccessorImpl::newInstance (89 bytes)

GC Heap History (6 events):
Event: 0.595 GC heap before
{Heap before GC invocations=1 (full 0):
 PSYoungGen      total 38400K, used 33280K [0x00000000d5f00000, 0x00000000d8980000, 0x0000000100000000)
  eden space 33280K, 100% used [0x00000000d5f00000,0x00000000d7f80000,0x00000000d7f80000)
  from space 5120K, 0% used [0x00000000d8480000,0x00000000d8480000,0x00000000d8980000)
  to   space 5120K, 0% used [0x00000000d7f80000,0x00000000d7f80000,0x00000000d8480000)
 ParOldGen       total 87552K, used 0K [0x0000000081c00000, 0x0000000087180000, 0x00000000d5f00000)
  object space 87552K, 0% used [0x0000000081c00000,0x0000000081c00000,0x0000000087180000)
 Metaspace       used 9469K, capacity 9692K, committed 9984K, reserved 1058816K
  class space    used 1115K, capacity 1208K, committed 1280K, reserved 1048576K
Event: 0.599 GC heap after
Heap after GC invocations=1 (full 0):
 PSYoungGen      total 38400K, used 5107K [0x00000000d5f00000, 0x00000000d8980000, 0x0000000100000000)
  eden space 33280K, 0% used [0x00000000d5f00000,0x00000000d5f00000,0x00000000d7f80000)
  from space 5120K, 99% used [0x00000000d7f80000,0x00000000d847cf20,0x00000000d8480000)
  to   space 5120K, 0% used [0x00000000d8480000,0x00000000d8480000,0x00000000d8980000)
 ParOldGen       total 87552K, used 215K [0x0000000081c00000, 0x0000000087180000, 0x00000000d5f00000)
  object space 87552K, 0% used [0x0000000081c00000,0x0000000081c35eb0,0x0000000087180000)
 Metaspace       used 9469K, capacity 9692K, committed 9984K, reserved 1058816K
  class space    used 1115K, capacity 1208K, committed 1280K, reserved 1048576K
}
Event: 0.765 GC heap before
{Heap before GC invocations=2 (full 0):
 PSYoungGen      total 38400K, used 38387K [0x00000000d5f00000, 0x00000000d8980000, 0x0000000100000000)
  eden space 33280K, 100% used [0x00000000d5f00000,0x00000000d7f80000,0x00000000d7f80000)
  from space 5120K, 99% used [0x00000000d7f80000,0x00000000d847cf20,0x00000000d8480000)
  to   space 5120K, 0% used [0x00000000d8480000,0x00000000d8480000,0x00000000d8980000)
 ParOldGen       total 87552K, used 215K [0x0000000081c00000, 0x0000000087180000, 0x00000000d5f00000)
  object space 87552K, 0% used [0x0000000081c00000,0x0000000081c35eb0,0x0000000087180000)
 Metaspace       used 12629K, capacity 12948K, committed 13056K, reserved 1060864K
  class space    used 1647K, capacity 1749K, committed 1792K, reserved 1048576K
Event: 0.770 GC heap after
Heap after GC invocations=2 (full 0):
 PSYoungGen      total 38400K, used 5111K [0x00000000d5f00000, 0x00000000daa00000, 0x0000000100000000)
  eden space 33280K, 0% used [0x00000000d5f00000,0x00000000d5f00000,0x00000000d7f80000)
  from space 5120K, 99% used [0x00000000d8480000,0x00000000d897dcd8,0x00000000d8980000)
  to   space 5120K, 0% used [0x00000000d7f80000,0x00000000d7f80000,0x00000000d8480000)
 ParOldGen       total 87552K, used 488K [0x0000000081c00000, 0x0000000087180000, 0x00000000d5f00000)
  object space 87552K, 0% used [0x0000000081c00000,0x0000000081c7a3b8,0x0000000087180000)
 Metaspace       used 12629K, capacity 12948K, committed 13056K, reserved 1060864K
  class space    used 1647K, capacity 1749K, committed 1792K, reserved 1048576K
}
Event: 0.901 GC heap before
{Heap before GC invocations=3 (full 0):
 PSYoungGen      total 38400K, used 38391K [0x00000000d5f00000, 0x00000000daa00000, 0x0000000100000000)
  eden space 33280K, 100% used [0x00000000d5f00000,0x00000000d7f80000,0x00000000d7f80000)
  from space 5120K, 99% used [0x00000000d8480000,0x00000000d897dcd8,0x00000000d8980000)
  to   space 5120K, 0% used [0x00000000d7f80000,0x00000000d7f80000,0x00000000d8480000)
 ParOldGen       total 87552K, used 488K [0x0000000081c00000, 0x0000000087180000, 0x00000000d5f00000)
  object space 87552K, 0% used [0x0000000081c00000,0x0000000081c7a3b8,0x0000000087180000)
 Metaspace       used 16595K, capacity 17114K, committed 17408K, reserved 1064960K
  class space    used 2145K, capacity 2288K, committed 2304K, reserved 1048576K
Event: 0.907 GC heap after
Heap after GC invocations=3 (full 0):
 PSYoungGen      total 38400K, used 5118K [0x00000000d5f00000, 0x00000000daa00000, 0x0000000100000000)
  eden space 33280K, 0% used [0x00000000d5f00000,0x00000000d5f00000,0x00000000d7f80000)
  from space 5120K, 99% used [0x00000000d7f80000,0x00000000d847f988,0x00000000d8480000)
  to   space 5120K, 0% used [0x00000000da500000,0x00000000da500000,0x00000000daa00000)
 ParOldGen       total 87552K, used 2748K [0x0000000081c00000, 0x0000000087180000, 0x00000000d5f00000)
  object space 87552K, 3% used [0x0000000081c00000,0x0000000081eaf2d0,0x0000000087180000)
 Metaspace       used 16595K, capacity 17114K, committed 17408K, reserved 1064960K
  class space    used 2145K, capacity 2288K, committed 2304K, reserved 1048576K
}

Deoptimization events (10 events):
Event: 0.510 Thread 0x000000001b48f000 Uncommon trap: reason=range_check action=make_not_entrant pc=0x00000000034b5820 method=sun.reflect.generics.parser.SignatureParser.current()C @ 34
Event: 0.659 Thread 0x000000001b48f000 Uncommon trap: reason=unstable_if action=reinterpret pc=0x0000000003493d04 method=sun.misc.MetaIndex.mayContain(Ljava/lang/String;)Z @ 38
Event: 0.764 Thread 0x0000000003148000 Uncommon trap: reason=unstable_if action=reinterpret pc=0x000000000348b7e0 method=java.io.WinNTFileSystem.isLetter(C)Z @ 15
Event: 0.764 Thread 0x0000000003148000 Uncommon trap: reason=unstable_if action=reinterpret pc=0x00000000034c1b48 method=java.io.WinNTFileSystem.isLetter(C)Z @ 15
Event: 0.800 Thread 0x000000001b48f000 Uncommon trap: reason=class_check action=maybe_recompile pc=0x00000000035c8bd0 method=java.util.HashMap.putVal(ILjava/lang/Object;Ljava/lang/Object;ZZ)Ljava/lang/Object; @ 203
Event: 0.802 Thread 0x000000001b48f000 Uncommon trap: reason=class_check action=maybe_recompile pc=0x00000000035c8bd0 method=java.util.HashMap.putVal(ILjava/lang/Object;Ljava/lang/Object;ZZ)Ljava/lang/Object; @ 203
Event: 0.804 Thread 0x000000001b48f000 Uncommon trap: reason=class_check action=maybe_recompile pc=0x00000000035c8bd0 method=java.util.HashMap.putVal(ILjava/lang/Object;Ljava/lang/Object;ZZ)Ljava/lang/Object; @ 203
Event: 0.816 Thread 0x000000001b48f000 Uncommon trap: reason=unstable_if action=reinterpret pc=0x00000000035ddcf8 method=java.util.jar.Manifest$FastInputStream.readLine([BII)I @ 87
Event: 0.832 Thread 0x0000000003148000 Uncommon trap: reason=unstable_if action=reinterpret pc=0x00000000034d0508 method=java.util.HashMap.getNode(ILjava/lang/Object;)Ljava/util/HashMap$Node; @ 129
Event: 0.832 Thread 0x0000000003148000 Uncommon trap: reason=class_check action=maybe_recompile pc=0x00000000035c8bd0 method=java.util.HashMap.putVal(ILjava/lang/Object;Ljava/lang/Object;ZZ)Ljava/lang/Object; @ 203

Classes redefined (0 events):
No events

Internal exceptions (10 events):
Event: 0.477 Thread 0x0000000003148000 Exception <a 'java/lang/ArrayIndexOutOfBoundsException'> (0x00000000d71ea178) thrown at [C:\re\workspace\8-2-build-windows-amd64-cygwin\jdk8u211\12973\hotspot\src\share\vm\runtime\sharedRuntime.cpp, line 605]
Event: 0.477 Thread 0x0000000003148000 Exception <a 'java/lang/ArrayIndexOutOfBoundsException'> (0x00000000d71ebfa0) thrown at [C:\re\workspace\8-2-build-windows-amd64-cygwin\jdk8u211\12973\hotspot\src\share\vm\runtime\sharedRuntime.cpp, line 605]
Event: 0.477 Thread 0x0000000003148000 Exception <a 'java/lang/ArrayIndexOutOfBoundsException'> (0x00000000d71f4838) thrown at [C:\re\workspace\8-2-build-windows-amd64-cygwin\jdk8u211\12973\hotspot\src\share\vm\runtime\sharedRuntime.cpp, line 605]
Event: 0.478 Thread 0x0000000003148000 Exception <a 'java/lang/ArrayIndexOutOfBoundsException'> (0x00000000d7200228) thrown at [C:\re\workspace\8-2-build-windows-amd64-cygwin\jdk8u211\12973\hotspot\src\share\vm\runtime\sharedRuntime.cpp, line 605]
Event: 0.478 Thread 0x0000000003148000 Exception <a 'java/lang/ArrayIndexOutOfBoundsException'> (0x00000000d72027c0) thrown at [C:\re\workspace\8-2-build-windows-amd64-cygwin\jdk8u211\12973\hotspot\src\share\vm\runtime\sharedRuntime.cpp, line 605]
Event: 0.478 Thread 0x0000000003148000 Exception <a 'java/lang/ArrayIndexOutOfBoundsException'> (0x00000000d7204360) thrown at [C:\re\workspace\8-2-build-windows-amd64-cygwin\jdk8u211\12973\hotspot\src\share\vm\runtime\sharedRuntime.cpp, line 605]
Event: 0.510 Thread 0x000000001b48f000 Exception <a 'java/lang/ArrayIndexOutOfBoundsException': 182> (0x00000000d7545508) thrown at [C:\re\workspace\8-2-build-windows-amd64-cygwin\jdk8u211\12973\hotspot\src\share\vm\interpreter\interpreterRuntime.cpp, line 368]
Event: 0.510 Thread 0x000000001b48f000 Exception <a 'java/lang/ArrayIndexOutOfBoundsException': 60> (0x00000000d7546650) thrown at [C:\re\workspace\8-2-build-windows-amd64-cygwin\jdk8u211\12973\hotspot\src\share\vm\interpreter\interpreterRuntime.cpp, line 368]
Event: 0.510 Thread 0x0000000003148000 Exception <a 'java/io/FileNotFoundException'> (0x00000000d7488860) thrown at [C:\re\workspace\8-2-build-windows-amd64-cygwin\jdk8u211\12973\hotspot\src\share\vm\prims\jni.cpp, line 710]
Event: 0.623 Thread 0x0000000003148000 Exception <a 'java/lang/NoSuchMethodError': java.lang.Object.lambda$chars$0()Ljava/util/Spliterator$OfInt;> (0x00000000d645f418) thrown at [C:\re\workspace\8-2-build-windows-amd64-cygwin\jdk8u211\12973\hotspot\src\share\vm\interpreter\linkResolver.cpp, li

Events (10 events):
Event: 0.910 loading class com/fasterxml/jackson/core/sym/CharsToNameCanonicalizer$Bucket
Event: 0.910 loading class com/fasterxml/jackson/core/sym/CharsToNameCanonicalizer$Bucket done
Event: 0.910 loading class com/fasterxml/jackson/core/sym/ByteQuadsCanonicalizer
Event: 0.910 loading class com/fasterxml/jackson/core/sym/ByteQuadsCanonicalizer done
Event: 0.911 loading class org/springframework/core/io/support/ResourcePatternUtils
Event: 0.911 loading class org/springframework/core/io/support/ResourcePatternUtils done
Event: 0.911 loading class org/springframework/core/type/classreading/CachingMetadataReaderFactory
Event: 0.911 loading class org/springframework/core/type/classreading/CachingMetadataReaderFactory done
Event: 0.911 loading class org/springframework/core/type/classreading/SimpleMetadataReaderFactory
Event: 0.911 loading class org/springframework/core/type/classreading/SimpleMetadataReaderFactory done


Dynamic libraries:
0x00007ff623e00000 - 0x00007ff623e37000 	C:\Program Files\Java\jre1.8.0_211\bin\javaw.exe
0x00007ffe479f0000 - 0x00007ffe47bd1000 	C:\Windows\SYSTEM32\ntdll.dll
0x00007ffe47900000 - 0x00007ffe479b1000 	C:\Windows\System32\KERNEL32.DLL
0x00007ffe44a50000 - 0x00007ffe44cc3000 	C:\Windows\System32\KERNELBASE.dll
0x00007ffe45010000 - 0x00007ffe450b1000 	C:\Windows\System32\ADVAPI32.dll
0x00007ffe47860000 - 0x00007ffe478fe000 	C:\Windows\System32\msvcrt.dll
0x00007ffe47450000 - 0x00007ffe474ab000 	C:\Windows\System32\sechost.dll
0x00007ffe47320000 - 0x00007ffe47444000 	C:\Windows\System32\RPCRT4.dll
0x00007ffe44e80000 - 0x00007ffe45010000 	C:\Windows\System32\USER32.dll
0x00007ffe43e10000 - 0x00007ffe43e30000 	C:\Windows\System32\win32u.dll
0x00007ffe476a0000 - 0x00007ffe476c8000 	C:\Windows\System32\GDI32.dll
0x00007ffe441a0000 - 0x00007ffe44331000 	C:\Windows\System32\gdi32full.dll
0x00007ffe44de0000 - 0x00007ffe44e7f000 	C:\Windows\System32\msvcp_win.dll
0x00007ffe43e30000 - 0x00007ffe43f28000 	C:\Windows\System32\ucrtbase.dll
0x00007ffe33e90000 - 0x00007ffe340f9000 	C:\Windows\WinSxS\amd64_microsoft.windows.common-controls_6595b64144ccf1df_6.0.17134.885_none_fb42a3473065565f\COMCTL32.dll
0x00007ffe45270000 - 0x00007ffe45592000 	C:\Windows\System32\combase.dll
0x00007ffe43f30000 - 0x00007ffe43fa9000 	C:\Windows\System32\bcryptPrimitives.dll
0x00007ffe476d0000 - 0x00007ffe476fd000 	C:\Windows\System32\IMM32.DLL
0x000000006d050000 - 0x000000006d122000 	C:\Program Files\Java\jre1.8.0_211\bin\msvcr100.dll
0x000000006d210000 - 0x000000006dab5000 	C:\Program Files\Java\jre1.8.0_211\bin\server\jvm.dll
0x00007ffe45a00000 - 0x00007ffe45a08000 	C:\Windows\System32\PSAPI.DLL
0x00007ffe32080000 - 0x00007ffe32089000 	C:\Windows\SYSTEM32\WSOCK32.dll
0x00007ffe415a0000 - 0x00007ffe415c3000 	C:\Windows\SYSTEM32\WINMM.dll
0x00007ffe3f0f0000 - 0x00007ffe3f0fa000 	C:\Windows\SYSTEM32\VERSION.dll
0x00007ffe45a10000 - 0x00007ffe45a7c000 	C:\Windows\System32\WS2_32.dll
0x00007ffe41450000 - 0x00007ffe4147a000 	C:\Windows\SYSTEM32\winmmbase.dll
0x00007ffe43dc0000 - 0x00007ffe43e09000 	C:\Windows\System32\cfgmgr32.dll
0x00007ffe3f670000 - 0x00007ffe3f67f000 	C:\Program Files\Java\jre1.8.0_211\bin\verify.dll
0x00007ffe3d7a0000 - 0x00007ffe3d7c9000 	C:\Program Files\Java\jre1.8.0_211\bin\java.dll
0x00007ffe3c190000 - 0x00007ffe3c1a6000 	C:\Program Files\Java\jre1.8.0_211\bin\zip.dll
0x00007ffe45e80000 - 0x00007ffe472c0000 	C:\Windows\System32\SHELL32.dll
0x00007ffe45a80000 - 0x00007ffe45b29000 	C:\Windows\System32\shcore.dll
0x00007ffe44340000 - 0x00007ffe44a4d000 	C:\Windows\System32\windows.storage.dll
0x00007ffe45210000 - 0x00007ffe45261000 	C:\Windows\System32\shlwapi.dll
0x00007ffe43d60000 - 0x00007ffe43d71000 	C:\Windows\System32\kernel.appcore.dll
0x00007ffe43d80000 - 0x00007ffe43d9f000 	C:\Windows\System32\profapi.dll
0x00007ffe43d10000 - 0x00007ffe43d5c000 	C:\Windows\System32\powrprof.dll
0x00007ffe43d00000 - 0x00007ffe43d0a000 	C:\Windows\System32\FLTLIB.DLL
0x00007ffe3c070000 - 0x00007ffe3c08a000 	C:\Program Files\Java\jre1.8.0_211\bin\net.dll
0x00007ffe3b520000 - 0x00007ffe3b6e9000 	C:\Windows\SYSTEM32\urlmon.dll
0x00007ffe3b1c0000 - 0x00007ffe3b466000 	C:\Windows\SYSTEM32\iertutil.dll
0x00007ffe43750000 - 0x00007ffe4375b000 	C:\Windows\SYSTEM32\CRYPTBASE.DLL
0x00007ffe43580000 - 0x00007ffe435e6000 	C:\Windows\system32\mswsock.dll
0x00007ffe432b0000 - 0x00007ffe432e8000 	C:\Windows\SYSTEM32\IPHLPAPI.DLL
0x00007ffe47510000 - 0x00007ffe47518000 	C:\Windows\System32\NSI.dll
0x00007ffe3bb20000 - 0x00007ffe3bb36000 	C:\Windows\SYSTEM32\dhcpcsvc6.DLL
0x00007ffe3d0d0000 - 0x00007ffe3d0ea000 	C:\Windows\SYSTEM32\dhcpcsvc.DLL
0x00007ffe432f0000 - 0x00007ffe433ae000 	C:\Windows\SYSTEM32\DNSAPI.dll
0x00007ffe36db0000 - 0x00007ffe36dba000 	C:\Windows\System32\rasadhlp.dll
0x00007ffe36eb0000 - 0x00007ffe36f22000 	C:\Windows\System32\fwpuclnt.dll
0x00007ffe43860000 - 0x00007ffe43885000 	C:\Windows\SYSTEM32\bcrypt.dll
0x00007ffe3f640000 - 0x00007ffe3f64d000 	C:\Program Files\Java\jre1.8.0_211\bin\management.dll
0x00007ffe2d290000 - 0x00007ffe2d2a6000 	C:\Windows\system32\napinsp.dll
0x00007ffe2c480000 - 0x00007ffe2c49a000 	C:\Windows\system32\pnrpnsp.dll
0x00007ffe3fd60000 - 0x00007ffe3fd79000 	C:\Windows\system32\NLAapi.dll
0x00007ffe2d280000 - 0x00007ffe2d28e000 	C:\Windows\System32\winrnr.dll
0x00007ffe2c300000 - 0x00007ffe2c315000 	C:\Windows\System32\wshbth.dll

VM Arguments:
jvm_args: -Dfile.encoding=UTF-8 
java_command: com.niit.CourseRatingCatalogApplication
java_class_path (initial): D:\KAREN\backuplatest\STSWorkspace\CourseRatingCatalog\target\classes;C:\Users\Karen\.m2\repository\org\springframework\boot\spring-boot-starter-data-jpa\2.1.6.RELEASE\spring-boot-starter-data-jpa-2.1.6.RELEASE.jar;C:\Users\Karen\.m2\repository\org\springframework\boot\spring-boot-starter-aop\2.1.6.RELEASE\spring-boot-starter-aop-2.1.6.RELEASE.jar;C:\Users\Karen\.m2\repository\org\springframework\spring-aop\5.1.8.RELEASE\spring-aop-5.1.8.RELEASE.jar;C:\Users\Karen\.m2\repository\org\aspectj\aspectjweaver\1.9.4\aspectjweaver-1.9.4.jar;C:\Users\Karen\.m2\repository\org\springframework\boot\spring-boot-starter-jdbc\2.1.6.RELEASE\spring-boot-starter-jdbc-2.1.6.RELEASE.jar;C:\Users\Karen\.m2\repository\com\zaxxer\HikariCP\3.2.0\HikariCP-3.2.0.jar;C:\Users\Karen\.m2\repository\org\springframework\spring-jdbc\5.1.8.RELEASE\spring-jdbc-5.1.8.RELEASE.jar;C:\Users\Karen\.m2\repository\javax\transaction\javax.transaction-api\1.3\javax.transaction-api-1.3.jar;C:\Users\Karen\.m2\repository\javax\xml\bind\jaxb-api\2.3.1\jaxb-api-2.3.1.jar;C:\Users\Karen\.m2\repository\javax\activation\javax.activation-api\1.2.0\javax.activation-api-1.2.0.jar;C:\Users\Karen\.m2\repository\org\hibernate\hibernate-core\5.3.10.Final\hibernate-core-5.3.10.Final.jar;C:\Users\Karen\.m2\repository\org\jboss\logging\jboss-logging\3.3.2.Final\jboss-logging-3.3.2.Final.jar;C:\Users\Karen\.m2\repository\javax\persistence\javax.persistence-api\2.2\javax.persistence-api-2.2.jar;C:\Users\Karen\.m2\repository\org\javassist\javassist\3.23.2-GA\javassist-3.23.2-GA.jar;C:\Users\Karen\.m2\repository\net\bytebuddy\byte-buddy\1.9.13\byte-buddy-1.9.13.jar;C:\Users\Karen\.m2\repository\antlr\antlr\2.7.7\antlr-2.7.7.jar;C:\Users\Karen\.m2\repository\org\jboss\jandex\2.0.5.Final\jandex-2.0.5.Final.jar;C:\Users\Karen\.m2\repository\com\fasterxml\classmate\1.4.0\classmate-1.4.0.jar;C:\Users\Karen\.m2\repository\org\dom4j\dom4j\2.1.1\dom4j-2.1.1.jar;C:\Users\Karen\.m2\repository\org\hibernate\com
Launcher Type: SUN_STANDARD

Environment Variables:
JAVA_HOME=C:\Program Files\Java\jdk1.8.0_181
PATH=C:/Program Files/Java/jre1.8.0_211/bin/server;C:/Program Files/Java/jre1.8.0_211/bin;C:/Program Files/Java/jre1.8.0_211/lib/amd64;C:\Program Files (x86)\Common Files\Oracle\Java\javapath;C:\Program Files (x86)\Intel\Intel(R) Management Engine Components\iCLS\;C:\Program Files\Intel\Intel(R) Management Engine Components\iCLS\;C:\Windows\system32;C:\Windows;C:\Windows\System32\Wbem;C:\Windows\System32\WindowsPowerShell\v1.0\;C:\Windows\System32\OpenSSH\;C:\Program Files (x86)\NVIDIA Corporation\PhysX\Common;C:\Program Files (x86)\Intel\Intel(R) Management Engine Components\DAL;C:\Program Files\Intel\Intel(R) Management Engine Components\DAL;C:\Program Files (x86)\Intel\Intel(R) Management Engine Components\IPT;C:\Program Files\Intel\Intel(R) Management Engine Components\IPT;C:\Program Files\Intel\WiFi\bin\;C:\Program Files\Common Files\Intel\WirelessCommon\;C:\Program Files\MySQL\MySQL Utilities 1.6\;C:\Program Files\Java\jdk1.8.0_181\bin;C:\Users\Karen\AppData\Local\Programs\Python\Python37-32\Scripts\;C:\Users\Karen\AppData\Local\Programs\Python\Python37-32\;C:\Users\Karen\AppData\Local\Microsoft\WindowsApps;C:\Users\Karen\AppData\Local\Programs\Microsoft VS Code\bin;;C:\SpringSTS\sts-4.3.0.RELEASE;
USERNAME=Karen
OS=Windows_NT
PROCESSOR_IDENTIFIER=Intel64 Family 6 Model 142 Stepping 10, GenuineIntel



---------------  S Y S T E M  ---------------

OS: Windows 10.0 , 64 bit Build 17134 (10.0.17134.753)

CPU:total 8 (initial active 8) (4 cores per cpu, 2 threads per core) family 6 model 142 stepping 10, cmov, cx8, fxsr, mmx, sse, sse2, sse3, ssse3, sse4.1, sse4.2, popcnt, avx, avx2, aes, clmul, erms, 3dnowpref, lzcnt, ht, tsc, tscinvbit, bmi1, bmi2, adx

Memory: 4k page, physical 8267536k(1238904k free), swap 8267536k(8360k free)

vm_info: Java HotSpot(TM) 64-Bit Server VM (25.211-b12) for windows-amd64 JRE (1.8.0_211-b12), built on Apr  1 2019 20:53:26 by "java_re" with MS VC++ 10.0 (VS2010)

time: Tue Jul 23 17:41:15 2019
timezone: India Standard Time
elapsed time: 0 seconds (0d 0h 0m 0s)

