#
# There is insufficient memory for the Java Runtime Environment to continue.
# Native memory allocation (malloc) failed to allocate 2230416 bytes for Chunk::new
# Possible reasons:
#   The system is out of physical RAM or swap space
#   The process is running with CompressedOops enabled, and the Java Heap may be blocking the growth of the native heap
# Possible solutions:
#   Reduce memory load on the system
#   Increase physical memory or swap space
#   Check if swap backing store is full
#   Decrease Java heap size (-Xmx/-Xms)
#   Decrease number of Java threads
#   Decrease Java thread stack sizes (-Xss)
#   Set larger code cache with -XX:ReservedCodeCacheSize=
#   JVM is running with Unscaled Compressed Oops mode in which the Java heap is
#     placed in the first 4GB address space. The Java Heap base address is the
#     maximum limit for the native heap growth. Please use -XX:HeapBaseMinAddress
#     to set the Java Heap base and to place the Java Heap above 4GB virtual address.
# This output file may be truncated or incomplete.
#
#  Out of Memory Error (allocation.cpp:389), pid=14536, tid=0x0000000000003728
#
# JRE version: Java(TM) SE Runtime Environment (8.0_211-b12) (build 1.8.0_211-b12)
# Java VM: Java HotSpot(TM) 64-Bit Server VM (25.211-b12 mixed mode windows-amd64 compressed oops)
# Failed to write core dump. Minidumps are not enabled by default on client versions of Windows
#

---------------  T H R E A D  ---------------

Current thread (0x0000000019baa000):  JavaThread "C2 CompilerThread2" daemon [_thread_in_native, id=14120, stack(0x000000001a560000,0x000000001a660000)]

Stack: [0x000000001a560000,0x000000001a660000]
[error occurred during error reporting (printing stack bounds), id 0xc0000005]

Native frames: (J=compiled Java code, j=interpreted, Vv=VM code, C=native code)


Current CompileTask:
C2:   1740 2051   !   4       java.net.URLClassLoader$1::run (63 bytes)


---------------  P R O C E S S  ---------------

Java Threads: ( => current thread )
  0x0000000019c2e000 JavaThread "Service Thread" daemon [_thread_blocked, id=19408, stack(0x000000001a760000,0x000000001a860000)]
  0x0000000019bba000 JavaThread "C1 CompilerThread3" daemon [_thread_in_vm, id=17180, stack(0x000000001a660000,0x000000001a760000)]
=>0x0000000019baa000 JavaThread "C2 CompilerThread2" daemon [_thread_in_native, id=14120, stack(0x000000001a560000,0x000000001a660000)]
  0x0000000019ba9800 JavaThread "C2 CompilerThread1" daemon [_thread_in_native, id=14744, stack(0x000000001a460000,0x000000001a560000)]
  0x0000000019ba4000 JavaThread "C2 CompilerThread0" daemon [_thread_blocked, id=18292, stack(0x000000001a360000,0x000000001a460000)]
  0x0000000019ba2000 JavaThread "Attach Listener" daemon [_thread_blocked, id=14864, stack(0x000000001a260000,0x000000001a360000)]
  0x0000000019ba1000 JavaThread "Signal Dispatcher" daemon [_thread_blocked, id=14356, stack(0x000000001a160000,0x000000001a260000)]
  0x0000000019b90800 JavaThread "Finalizer" daemon [_thread_blocked, id=19176, stack(0x0000000019f70000,0x000000001a070000)]
  0x0000000017c8e000 JavaThread "Reference Handler" daemon [_thread_blocked, id=14672, stack(0x0000000019a70000,0x0000000019b70000)]
  0x0000000002c18000 JavaThread "main" [_thread_in_native, id=8492, stack(0x0000000002ad0000,0x0000000002bd0000)]

Other Threads:
  0x0000000017c89000 VMThread [stack: 0x0000000019970000,0x0000000019a70000] [id=17364]
  0x0000000019cc1000 WatcherThread [stack: 0x000000001a860000,0x000000001a960000] [id=13428]

VM state:not at safepoint (normal execution)

VM Mutex/Monitor currently owned by a thread: None

heap address: 0x0000000081c00000, size: 2020 MB, Compressed Oops mode: 32-bit
Narrow klass base: 0x0000000000000000, Narrow klass shift: 3
Compressed class space size: 1073741824 Address: 0x0000000100000000

Heap:
 PSYoungGen      total 71680K, used 51919K [0x00000000d5f00000, 0x00000000dd480000, 0x0000000100000000)
  eden space 66560K, 70% used [0x00000000d5f00000,0x00000000d8cb8938,0x00000000da000000)
  from space 5120K, 99% used [0x00000000da000000,0x00000000da4fb410,0x00000000da500000)
  to   space 8704K, 0% used [0x00000000dcc00000,0x00000000dcc00000,0x00000000dd480000)
 ParOldGen       total 59392K, used 9431K [0x0000000081c00000, 0x0000000085600000, 0x00000000d5f00000)
  object space 59392K, 15% used [0x0000000081c00000,0x0000000082535c58,0x0000000085600000)
 Metaspace       used 25984K, capacity 26888K, committed 27008K, reserved 1073152K
  class space    used 3389K, capacity 3613K, committed 3712K, reserved 1048576K

Card table byte_map: [0x00000000120d0000,0x00000000124d0000] byte_map_base: 0x0000000011cc2000

Marking Bits: (ParMarkBitMap*) 0x000000006da75ce0
 Begin Bits: [0x0000000012f80000, 0x0000000014f10000)
 End Bits:   [0x0000000014f10000, 0x0000000016ea0000)

Polling page: 0x0000000000c00000

CodeCache: size=245760Kb used=8448Kb max_used=8448Kb free=237311Kb
 bounds [0x0000000002d10000, 0x0000000003560000, 0x0000000011d10000]
 total_blobs=2763 nmethods=2361 adapters=314
 compilation: enabled

Compilation events (10 events):
Event: 1.733 Thread 0x0000000019bba000 2346   !   3       sun.reflect.GeneratedMethodAccessor1::invoke (63 bytes)
Event: 1.733 Thread 0x0000000019ba4000 nmethod 2350 0x000000000353ccd0 code [0x000000000353ce00, 0x000000000353ce98]
Event: 1.733 Thread 0x0000000019bba000 nmethod 2346 0x000000000353af50 code [0x000000000353b180, 0x000000000353bb88]
Event: 1.733 Thread 0x0000000019ba4000 2351       4       sun.misc.URLClassPath::findResource (47 bytes)
Event: 1.733 Thread 0x0000000019bba000 2352       3       java.io.BufferedInputStream::<init> (9 bytes)
Event: 1.733 Thread 0x0000000019bba000 nmethod 2352 0x0000000003548d90 code [0x0000000003548f20, 0x00000000035493c8]
Event: 1.733 Thread 0x0000000019bba000 2353       3       java.io.BufferedInputStream::<init> (32 bytes)
Event: 1.734 Thread 0x0000000019bba000 nmethod 2353 0x0000000003548610 code [0x00000000035487a0, 0x0000000003548bc8]
Event: 1.735 Thread 0x0000000019bba000 2354       3       java.io.BufferedInputStream::close (41 bytes)
Event: 1.735 Thread 0x0000000019bba000 nmethod 2354 0x0000000003549610 code [0x00000000035497c0, 0x0000000003549e18]

GC Heap History (10 events):
Event: 0.761 GC heap before
{Heap before GC invocations=2 (full 0):
 PSYoungGen      total 38400K, used 38381K [0x00000000d5f00000, 0x00000000d8980000, 0x0000000100000000)
  eden space 33280K, 100% used [0x00000000d5f00000,0x00000000d7f80000,0x00000000d7f80000)
  from space 5120K, 99% used [0x00000000d7f80000,0x00000000d847b6b0,0x00000000d8480000)
  to   space 5120K, 0% used [0x00000000d8480000,0x00000000d8480000,0x00000000d8980000)
 ParOldGen       total 87552K, used 268K [0x0000000081c00000, 0x0000000087180000, 0x00000000d5f00000)
  object space 87552K, 0% used [0x0000000081c00000,0x0000000081c431e0,0x0000000087180000)
 Metaspace       used 12613K, capacity 12948K, committed 13056K, reserved 1060864K
  class space    used 1646K, capacity 1749K, committed 1792K, reserved 1048576K
Event: 0.765 GC heap after
Heap after GC invocations=2 (full 0):
 PSYoungGen      total 38400K, used 5105K [0x00000000d5f00000, 0x00000000daa00000, 0x0000000100000000)
  eden space 33280K, 0% used [0x00000000d5f00000,0x00000000d5f00000,0x00000000d7f80000)
  from space 5120K, 99% used [0x00000000d8480000,0x00000000d897c6b0,0x00000000d8980000)
  to   space 5120K, 0% used [0x00000000d7f80000,0x00000000d7f80000,0x00000000d8480000)
 ParOldGen       total 87552K, used 548K [0x0000000081c00000, 0x0000000087180000, 0x00000000d5f00000)
  object space 87552K, 0% used [0x0000000081c00000,0x0000000081c89060,0x0000000087180000)
 Metaspace       used 12613K, capacity 12948K, committed 13056K, reserved 1060864K
  class space    used 1646K, capacity 1749K, committed 1792K, reserved 1048576K
}
Event: 0.897 GC heap before
{Heap before GC invocations=3 (full 0):
 PSYoungGen      total 38400K, used 38385K [0x00000000d5f00000, 0x00000000daa00000, 0x0000000100000000)
  eden space 33280K, 100% used [0x00000000d5f00000,0x00000000d7f80000,0x00000000d7f80000)
  from space 5120K, 99% used [0x00000000d8480000,0x00000000d897c6b0,0x00000000d8980000)
  to   space 5120K, 0% used [0x00000000d7f80000,0x00000000d7f80000,0x00000000d8480000)
 ParOldGen       total 87552K, used 548K [0x0000000081c00000, 0x0000000087180000, 0x00000000d5f00000)
  object space 87552K, 0% used [0x0000000081c00000,0x0000000081c89060,0x0000000087180000)
 Metaspace       used 16595K, capacity 17112K, committed 17152K, reserved 1064960K
  class space    used 2145K, capacity 2289K, committed 2304K, reserved 1048576K
Event: 0.903 GC heap after
Heap after GC invocations=3 (full 0):
 PSYoungGen      total 38400K, used 5119K [0x00000000d5f00000, 0x00000000daa00000, 0x0000000100000000)
  eden space 33280K, 0% used [0x00000000d5f00000,0x00000000d5f00000,0x00000000d7f80000)
  from space 5120K, 99% used [0x00000000d7f80000,0x00000000d847fdf8,0x00000000d8480000)
  to   space 5120K, 0% used [0x00000000da500000,0x00000000da500000,0x00000000daa00000)
 ParOldGen       total 87552K, used 2780K [0x0000000081c00000, 0x0000000087180000, 0x00000000d5f00000)
  object space 87552K, 3% used [0x0000000081c00000,0x0000000081eb71e0,0x0000000087180000)
 Metaspace       used 16595K, capacity 17112K, committed 17152K, reserved 1064960K
  class space    used 2145K, capacity 2289K, committed 2304K, reserved 1048576K
}
Event: 1.059 GC heap before
{Heap before GC invocations=4 (full 0):
 PSYoungGen      total 38400K, used 37201K [0x00000000d5f00000, 0x00000000daa00000, 0x0000000100000000)
  eden space 33280K, 96% used [0x00000000d5f00000,0x00000000d7e54678,0x00000000d7f80000)
  from space 5120K, 99% used [0x00000000d7f80000,0x00000000d847fdf8,0x00000000d8480000)
  to   space 5120K, 0% used [0x00000000da500000,0x00000000da500000,0x00000000daa00000)
 ParOldGen       total 87552K, used 2780K [0x0000000081c00000, 0x0000000087180000, 0x00000000d5f00000)
  object space 87552K, 3% used [0x0000000081c00000,0x0000000081eb71e0,0x0000000087180000)
 Metaspace       used 20668K, capacity 21204K, committed 21296K, reserved 1067008K
  class space    used 2705K, capacity 2885K, committed 2944K, reserved 1048576K
Event: 1.065 GC heap after
Heap after GC invocations=4 (full 0):
 PSYoungGen      total 71680K, used 5097K [0x00000000d5f00000, 0x00000000daa00000, 0x0000000100000000)
  eden space 66560K, 0% used [0x00000000d5f00000,0x00000000d5f00000,0x00000000da000000)
  from space 5120K, 99% used [0x00000000da500000,0x00000000da9fa680,0x00000000daa00000)
  to   space 5120K, 0% used [0x00000000da000000,0x00000000da000000,0x00000000da500000)
 ParOldGen       total 87552K, used 5775K [0x0000000081c00000, 0x0000000087180000, 0x00000000d5f00000)
  object space 87552K, 6% used [0x0000000081c00000,0x00000000821a3d28,0x0000000087180000)
 Metaspace       used 20668K, capacity 21204K, committed 21296K, reserved 1067008K
  class space    used 2705K, capacity 2885K, committed 2944K, reserved 1048576K
}
Event: 1.065 GC heap before
{Heap before GC invocations=5 (full 1):
 PSYoungGen      total 71680K, used 5097K [0x00000000d5f00000, 0x00000000daa00000, 0x0000000100000000)
  eden space 66560K, 0% used [0x00000000d5f00000,0x00000000d5f00000,0x00000000da000000)
  from space 5120K, 99% used [0x00000000da500000,0x00000000da9fa680,0x00000000daa00000)
  to   space 5120K, 0% used [0x00000000da000000,0x00000000da000000,0x00000000da500000)
 ParOldGen       total 87552K, used 5775K [0x0000000081c00000, 0x0000000087180000, 0x00000000d5f00000)
  object space 87552K, 6% used [0x0000000081c00000,0x00000000821a3d28,0x0000000087180000)
 Metaspace       used 20668K, capacity 21204K, committed 21296K, reserved 1067008K
  class space    used 2705K, capacity 2885K, committed 2944K, reserved 1048576K
Event: 1.085 GC heap after
Heap after GC invocations=5 (full 1):
 PSYoungGen      total 71680K, used 0K [0x00000000d5f00000, 0x00000000daa00000, 0x0000000100000000)
  eden space 66560K, 0% used [0x00000000d5f00000,0x00000000d5f00000,0x00000000da000000)
  from space 5120K, 0% used [0x00000000da500000,0x00000000da500000,0x00000000daa00000)
  to   space 5120K, 0% used [0x00000000da000000,0x00000000da000000,0x00000000da500000)
 ParOldGen       total 59392K, used 7867K [0x0000000081c00000, 0x0000000085600000, 0x00000000d5f00000)
  object space 59392K, 13% used [0x0000000081c00000,0x00000000823aede8,0x0000000085600000)
 Metaspace       used 20666K, capacity 21198K, committed 21296K, reserved 1067008K
  class space    used 2704K, capacity 2884K, committed 2944K, reserved 1048576K
}
Event: 1.662 GC heap before
{Heap before GC invocations=6 (full 1):
 PSYoungGen      total 71680K, used 66560K [0x00000000d5f00000, 0x00000000daa00000, 0x0000000100000000)
  eden space 66560K, 100% used [0x00000000d5f00000,0x00000000da000000,0x00000000da000000)
  from space 5120K, 0% used [0x00000000da500000,0x00000000da500000,0x00000000daa00000)
  to   space 5120K, 0% used [0x00000000da000000,0x00000000da000000,0x00000000da500000)
 ParOldGen       total 59392K, used 7867K [0x0000000081c00000, 0x0000000085600000, 0x00000000d5f00000)
  object space 59392K, 13% used [0x0000000081c00000,0x00000000823aede8,0x0000000085600000)
 Metaspace       used 25739K, capacity 26558K, committed 26624K, reserved 1073152K
  class space    used 3356K, capacity 3570K, committed 3584K, reserved 1048576K
Event: 1.669 GC heap after
Heap after GC invocations=6 (full 1):
 PSYoungGen      total 71680K, used 5101K [0x00000000d5f00000, 0x00000000dd480000, 0x0000000100000000)
  eden space 66560K, 0% used [0x00000000d5f00000,0x00000000d5f00000,0x00000000da000000)
  from space 5120K, 99% used [0x00000000da000000,0x00000000da4fb410,0x00000000da500000)
  to   space 8704K, 0% used [0x00000000dcc00000,0x00000000dcc00000,0x00000000dd480000)
 ParOldGen       total 59392K, used 9431K [0x0000000081c00000, 0x0000000085600000, 0x00000000d5f00000)
  object space 59392K, 15% used [0x0000000081c00000,0x0000000082535c58,0x0000000085600000)
 Metaspace       used 25739K, capacity 26558K, committed 26624K, reserved 1073152K
  class space    used 3356K, capacity 3570K, committed 3584K, reserved 1048576K
}

Deoptimization events (10 events):
Event: 1.186 Thread 0x000000001bd3e000 Uncommon trap: reason=unstable_if action=reinterpret pc=0x000000000325c988 method=com.sun.org.apache.xerces.internal.util.SymbolTable.addSymbol([CII)Ljava/lang/String; @ 38
Event: 1.218 Thread 0x0000000002c18000 Uncommon trap: reason=bimorphic action=maybe_recompile pc=0x00000000030f756c method=java.util.HashMap.putVal(ILjava/lang/Object;Ljava/lang/Object;ZZ)Ljava/lang/Object; @ 203
Event: 1.244 Thread 0x0000000002c18000 Uncommon trap: reason=bimorphic action=maybe_recompile pc=0x00000000030f756c method=java.util.HashMap.putVal(ILjava/lang/Object;Ljava/lang/Object;ZZ)Ljava/lang/Object; @ 203
Event: 1.254 Thread 0x0000000002c18000 Uncommon trap: reason=bimorphic action=maybe_recompile pc=0x00000000030f756c method=java.util.HashMap.putVal(ILjava/lang/Object;Ljava/lang/Object;ZZ)Ljava/lang/Object; @ 203
Event: 1.254 Thread 0x0000000002c18000 Uncommon trap: reason=bimorphic action=maybe_recompile pc=0x00000000030f01b4 method=java.util.HashMap.putVal(ILjava/lang/Object;Ljava/lang/Object;ZZ)Ljava/lang/Object; @ 203
Event: 1.292 Thread 0x0000000002c18000 Uncommon trap: reason=unstable_if action=reinterpret pc=0x0000000003024294 method=org.springframework.util.ConcurrentReferenceHashMap$Segment.clear()V @ 4
Event: 1.418 Thread 0x0000000002c18000 Uncommon trap: reason=unstable_if action=reinterpret pc=0x000000000313cb28 method=java.net.URL.<init>(Ljava/net/URL;Ljava/lang/String;Ljava/net/URLStreamHandler;)V @ 347
Event: 1.453 Thread 0x0000000002c18000 Uncommon trap: reason=unstable_if action=reinterpret pc=0x00000000031992c0 method=java.io.WinNTFileSystem.normalize(Ljava/lang/String;)Ljava/lang/String; @ 128
Event: 1.605 Thread 0x0000000002c18000 Uncommon trap: reason=unstable_if action=reinterpret pc=0x00000000034850e8 method=org.springframework.asm.ClassReader.readUTF8(I[C)Ljava/lang/String; @ 11
Event: 1.634 Thread 0x0000000002c18000 Uncommon trap: reason=unstable_if action=reinterpret pc=0x0000000003126a24 method=org.springframework.boot.context.properties.source.ConfigurationPropertyName.equals(Ljava/lang/Object;)Z @ 90

Classes redefined (0 events):
No events

Internal exceptions (10 events):
Event: 1.449 Thread 0x0000000002c18000 Exception <a 'java/lang/ClassNotFoundException': org/springframework/core/PriorityOrderedCustomizer> (0x00000000d7efade8) thrown at [C:\re\workspace\8-2-build-windows-amd64-cygwin\jdk8u211\12973\hotspot\src\share\vm\classfile\systemDictionary.cpp, line 21
Event: 1.449 Thread 0x0000000002c18000 Exception <a 'java/lang/ClassNotFoundException': org/springframework/core/OrderedCustomizer> (0x00000000d7f16f88) thrown at [C:\re\workspace\8-2-build-windows-amd64-cygwin\jdk8u211\12973\hotspot\src\share\vm\classfile\systemDictionary.cpp, line 210]
Event: 1.449 Thread 0x0000000002c18000 Exception <a 'java/lang/ClassNotFoundException': org/springframework/context/ResourceLoaderAwareCustomizer> (0x00000000d7f3af90) thrown at [C:\re\workspace\8-2-build-windows-amd64-cygwin\jdk8u211\12973\hotspot\src\share\vm\classfile\systemDictionary.cpp, 
Event: 1.449 Thread 0x0000000002c18000 Exception <a 'java/lang/ClassNotFoundException': org/springframework/beans/factory/AwareCustomizer> (0x00000000d7f5bc18) thrown at [C:\re\workspace\8-2-build-windows-amd64-cygwin\jdk8u211\12973\hotspot\src\share\vm\classfile\systemDictionary.cpp, line 210
Event: 1.450 Thread 0x0000000002c18000 Exception <a 'java/lang/ClassNotFoundException': org/springframework/beans/factory/BeanClassLoaderAwareCustomizer> (0x00000000d7f82730) thrown at [C:\re\workspace\8-2-build-windows-amd64-cygwin\jdk8u211\12973\hotspot\src\share\vm\classfile\systemDictionar
Event: 1.450 Thread 0x0000000002c18000 Exception <a 'java/lang/ClassNotFoundException': org/springframework/beans/factory/AwareCustomizer> (0x00000000d7fa3488) thrown at [C:\re\workspace\8-2-build-windows-amd64-cygwin\jdk8u211\12973\hotspot\src\share\vm\classfile\systemDictionary.cpp, line 210
Event: 1.450 Thread 0x0000000002c18000 Exception <a 'java/lang/ClassNotFoundException': org/springframework/context/EnvironmentAwareCustomizer> (0x00000000d7fc5378) thrown at [C:\re\workspace\8-2-build-windows-amd64-cygwin\jdk8u211\12973\hotspot\src\share\vm\classfile\systemDictionary.cpp, lin
Event: 1.450 Thread 0x0000000002c18000 Exception <a 'java/lang/ClassNotFoundException': org/springframework/beans/factory/AwareCustomizer> (0x00000000d7fe6000) thrown at [C:\re\workspace\8-2-build-windows-amd64-cygwin\jdk8u211\12973\hotspot\src\share\vm\classfile\systemDictionary.cpp, line 210
Event: 1.455 Thread 0x0000000002c18000 Exception <a 'java/lang/NoSuchMethodError': java.lang.Object.lambda$comparing$77a9974f$1(Ljava/util/function/Function;Ljava/lang/Object;Ljava/lang/Object;)I> (0x00000000d8030a90) thrown at [C:\re\workspace\8-2-build-windows-amd64-cygwin\jdk8u211\12973\hot
Event: 1.522 Thread 0x0000000002c18000 Exception <a 'java/lang/IncompatibleClassChangeError': Found class java.lang.Object, but interface was expected> (0x00000000d8c1dde0) thrown at [C:\re\workspace\8-2-build-windows-amd64-cygwin\jdk8u211\12973\hotspot\src\share\vm\interpreter\linkResolver.cp

Events (10 events):
Event: 1.726 loading class org/springframework/data/web/config/SpringDataWebConfiguration
Event: 1.726 loading class org/springframework/data/web/config/SpringDataWebConfiguration done
Event: 1.727 loading class org/springframework/data/web/config/SpringDataJacksonModules
Event: 1.727 loading class org/springframework/data/web/config/SpringDataJacksonModules done
Event: 1.729 loading class org/springframework/data/querydsl/QuerydslUtils
Event: 1.729 loading class org/springframework/data/querydsl/QuerydslUtils done
Event: 1.729 loading class com/querydsl/core/types/Predicate
Event: 1.729 loading class com/querydsl/core/types/Predicate done
Event: 1.729 loading class com/querydsl/core/types$Predicate
Event: 1.729 loading class com/querydsl/core/types$Predicate done


Dynamic libraries:
0x00007ff721540000 - 0x00007ff721577000 	C:\Program Files\Java\jre1.8.0_211\bin\javaw.exe
0x00007ffe479f0000 - 0x00007ffe47bd1000 	C:\Windows\SYSTEM32\ntdll.dll
0x00007ffe47900000 - 0x00007ffe479b1000 	C:\Windows\System32\KERNEL32.DLL
0x00007ffe44a50000 - 0x00007ffe44cc3000 	C:\Windows\System32\KERNELBASE.dll
0x00007ffe45010000 - 0x00007ffe450b1000 	C:\Windows\System32\ADVAPI32.dll
0x00007ffe47860000 - 0x00007ffe478fe000 	C:\Windows\System32\msvcrt.dll
0x00007ffe47450000 - 0x00007ffe474ab000 	C:\Windows\System32\sechost.dll
0x00007ffe47320000 - 0x00007ffe47444000 	C:\Windows\System32\RPCRT4.dll
0x00007ffe44e80000 - 0x00007ffe45010000 	C:\Windows\System32\USER32.dll
0x00007ffe43e10000 - 0x00007ffe43e30000 	C:\Windows\System32\win32u.dll
0x00007ffe476a0000 - 0x00007ffe476c8000 	C:\Windows\System32\GDI32.dll
0x00007ffe441a0000 - 0x00007ffe44331000 	C:\Windows\System32\gdi32full.dll
0x00007ffe44de0000 - 0x00007ffe44e7f000 	C:\Windows\System32\msvcp_win.dll
0x00007ffe43e30000 - 0x00007ffe43f28000 	C:\Windows\System32\ucrtbase.dll
0x00007ffe33e90000 - 0x00007ffe340f9000 	C:\Windows\WinSxS\amd64_microsoft.windows.common-controls_6595b64144ccf1df_6.0.17134.885_none_fb42a3473065565f\COMCTL32.dll
0x00007ffe45270000 - 0x00007ffe45592000 	C:\Windows\System32\combase.dll
0x00007ffe43f30000 - 0x00007ffe43fa9000 	C:\Windows\System32\bcryptPrimitives.dll
0x00007ffe476d0000 - 0x00007ffe476fd000 	C:\Windows\System32\IMM32.DLL
0x000000006d090000 - 0x000000006d162000 	C:\Program Files\Java\jre1.8.0_211\bin\msvcr100.dll
0x000000006d250000 - 0x000000006daf5000 	C:\Program Files\Java\jre1.8.0_211\bin\server\jvm.dll
0x00007ffe45a00000 - 0x00007ffe45a08000 	C:\Windows\System32\PSAPI.DLL
0x00007ffe415a0000 - 0x00007ffe415c3000 	C:\Windows\SYSTEM32\WINMM.dll
0x00007ffe3f0f0000 - 0x00007ffe3f0fa000 	C:\Windows\SYSTEM32\VERSION.dll
0x00007ffe32080000 - 0x00007ffe32089000 	C:\Windows\SYSTEM32\WSOCK32.dll
0x00007ffe45a10000 - 0x00007ffe45a7c000 	C:\Windows\System32\WS2_32.dll
0x00007ffe41450000 - 0x00007ffe4147a000 	C:\Windows\SYSTEM32\WINMMBASE.dll
0x00007ffe43dc0000 - 0x00007ffe43e09000 	C:\Windows\System32\cfgmgr32.dll
0x00007ffe33e80000 - 0x00007ffe33e8f000 	C:\Program Files\Java\jre1.8.0_211\bin\verify.dll
0x00007ffe30750000 - 0x00007ffe30779000 	C:\Program Files\Java\jre1.8.0_211\bin\java.dll
0x00007ffe320f0000 - 0x00007ffe32106000 	C:\Program Files\Java\jre1.8.0_211\bin\zip.dll
0x00007ffe45e80000 - 0x00007ffe472c0000 	C:\Windows\System32\SHELL32.dll
0x00007ffe45a80000 - 0x00007ffe45b29000 	C:\Windows\System32\shcore.dll
0x00007ffe44340000 - 0x00007ffe44a4d000 	C:\Windows\System32\windows.storage.dll
0x00007ffe45210000 - 0x00007ffe45261000 	C:\Windows\System32\shlwapi.dll
0x00007ffe43d60000 - 0x00007ffe43d71000 	C:\Windows\System32\kernel.appcore.dll
0x00007ffe43d80000 - 0x00007ffe43d9f000 	C:\Windows\System32\profapi.dll
0x00007ffe43d10000 - 0x00007ffe43d5c000 	C:\Windows\System32\powrprof.dll
0x00007ffe43d00000 - 0x00007ffe43d0a000 	C:\Windows\System32\FLTLIB.DLL
0x00007ffe30730000 - 0x00007ffe3074a000 	C:\Program Files\Java\jre1.8.0_211\bin\net.dll
0x00007ffe3b520000 - 0x00007ffe3b6e9000 	C:\Windows\SYSTEM32\urlmon.dll
0x00007ffe3b1c0000 - 0x00007ffe3b466000 	C:\Windows\SYSTEM32\iertutil.dll
0x00007ffe43750000 - 0x00007ffe4375b000 	C:\Windows\SYSTEM32\CRYPTBASE.DLL
0x00007ffe43580000 - 0x00007ffe435e6000 	C:\Windows\system32\mswsock.dll
0x00007ffe432b0000 - 0x00007ffe432e8000 	C:\Windows\SYSTEM32\IPHLPAPI.DLL
0x00007ffe47510000 - 0x00007ffe47518000 	C:\Windows\System32\NSI.dll
0x00007ffe3bb20000 - 0x00007ffe3bb36000 	C:\Windows\SYSTEM32\dhcpcsvc6.DLL
0x00007ffe3d0d0000 - 0x00007ffe3d0ea000 	C:\Windows\SYSTEM32\dhcpcsvc.DLL
0x00007ffe432f0000 - 0x00007ffe433ae000 	C:\Windows\SYSTEM32\DNSAPI.dll
0x00007ffe36db0000 - 0x00007ffe36dba000 	C:\Windows\System32\rasadhlp.dll
0x00007ffe36eb0000 - 0x00007ffe36f22000 	C:\Windows\System32\fwpuclnt.dll
0x00007ffe43860000 - 0x00007ffe43885000 	C:\Windows\SYSTEM32\bcrypt.dll
0x00007ffe3e6e0000 - 0x00007ffe3e6ed000 	C:\Program Files\Java\jre1.8.0_211\bin\management.dll
0x00007ffe2d290000 - 0x00007ffe2d2a6000 	C:\Windows\system32\napinsp.dll
0x00007ffe2c480000 - 0x00007ffe2c49a000 	C:\Windows\system32\pnrpnsp.dll
0x00007ffe3fd60000 - 0x00007ffe3fd79000 	C:\Windows\system32\NLAapi.dll
0x00007ffe2d280000 - 0x00007ffe2d28e000 	C:\Windows\System32\winrnr.dll
0x00007ffe2c300000 - 0x00007ffe2c315000 	C:\Windows\System32\wshbth.dll
0x00007ffe30710000 - 0x00007ffe30722000 	C:\Program Files\Java\jre1.8.0_211\bin\nio.dll

VM Arguments:
jvm_args: -Dfile.encoding=UTF-8 
java_command: com.niit.CourseRatingCatalogApplication
java_class_path (initial): D:\KAREN\backuplatest\STSWorkspace\CourseRatingCatalog\target\classes;C:\Users\Karen\.m2\repository\org\springframework\boot\spring-boot-starter-data-jpa\2.1.6.RELEASE\spring-boot-starter-data-jpa-2.1.6.RELEASE.jar;C:\Users\Karen\.m2\repository\org\springframework\boot\spring-boot-starter-aop\2.1.6.RELEASE\spring-boot-starter-aop-2.1.6.RELEASE.jar;C:\Users\Karen\.m2\repository\org\springframework\spring-aop\5.1.8.RELEASE\spring-aop-5.1.8.RELEASE.jar;C:\Users\Karen\.m2\repository\org\aspectj\aspectjweaver\1.9.4\aspectjweaver-1.9.4.jar;C:\Users\Karen\.m2\repository\org\springframework\boot\spring-boot-starter-jdbc\2.1.6.RELEASE\spring-boot-starter-jdbc-2.1.6.RELEASE.jar;C:\Users\Karen\.m2\repository\com\zaxxer\HikariCP\3.2.0\HikariCP-3.2.0.jar;C:\Users\Karen\.m2\repository\org\springframework\spring-jdbc\5.1.8.RELEASE\spring-jdbc-5.1.8.RELEASE.jar;C:\Users\Karen\.m2\repository\javax\transaction\javax.transaction-api\1.3\javax.transaction-api-1.3.jar;C:\Users\Karen\.m2\repository\javax\xml\bind\jaxb-api\2.3.1\jaxb-api-2.3.1.jar;C:\Users\Karen\.m2\repository\javax\activation\javax.activation-api\1.2.0\javax.activation-api-1.2.0.jar;C:\Users\Karen\.m2\repository\org\hibernate\hibernate-core\5.3.10.Final\hibernate-core-5.3.10.Final.jar;C:\Users\Karen\.m2\repository\org\jboss\logging\jboss-logging\3.3.2.Final\jboss-logging-3.3.2.Final.jar;C:\Users\Karen\.m2\repository\javax\persistence\javax.persistence-api\2.2\javax.persistence-api-2.2.jar;C:\Users\Karen\.m2\repository\org\javassist\javassist\3.23.2-GA\javassist-3.23.2-GA.jar;C:\Users\Karen\.m2\repository\net\bytebuddy\byte-buddy\1.9.13\byte-buddy-1.9.13.jar;C:\Users\Karen\.m2\repository\antlr\antlr\2.7.7\antlr-2.7.7.jar;C:\Users\Karen\.m2\repository\org\jboss\jandex\2.0.5.Final\jandex-2.0.5.Final.jar;C:\Users\Karen\.m2\repository\com\fasterxml\classmate\1.4.0\classmate-1.4.0.jar;C:\Users\Karen\.m2\repository\org\dom4j\dom4j\2.1.1\dom4j-2.1.1.jar;C:\Users\Karen\.m2\repository\org\hibernate\com
Launcher Type: SUN_STANDARD

Environment Variables:
JAVA_HOME=C:\Program Files\Java\jdk1.8.0_181
PATH=C:/Program Files/Java/jre1.8.0_211/bin/server;C:/Program Files/Java/jre1.8.0_211/bin;C:/Program Files/Java/jre1.8.0_211/lib/amd64;C:\Program Files (x86)\Common Files\Oracle\Java\javapath;C:\Program Files (x86)\Intel\Intel(R) Management Engine Components\iCLS\;C:\Program Files\Intel\Intel(R) Management Engine Components\iCLS\;C:\Windows\system32;C:\Windows;C:\Windows\System32\Wbem;C:\Windows\System32\WindowsPowerShell\v1.0\;C:\Windows\System32\OpenSSH\;C:\Program Files (x86)\NVIDIA Corporation\PhysX\Common;C:\Program Files (x86)\Intel\Intel(R) Management Engine Components\DAL;C:\Program Files\Intel\Intel(R) Management Engine Components\DAL;C:\Program Files (x86)\Intel\Intel(R) Management Engine Components\IPT;C:\Program Files\Intel\Intel(R) Management Engine Components\IPT;C:\Program Files\Intel\WiFi\bin\;C:\Program Files\Common Files\Intel\WirelessCommon\;C:\Program Files\MySQL\MySQL Utilities 1.6\;C:\Program Files\Java\jdk1.8.0_181\bin;C:\Users\Karen\AppData\Local\Programs\Python\Python37-32\Scripts\;C:\Users\Karen\AppData\Local\Programs\Python\Python37-32\;C:\Users\Karen\AppData\Local\Microsoft\WindowsApps;C:\Users\Karen\AppData\Local\Programs\Microsoft VS Code\bin;;C:\SpringSTS\sts-4.3.0.RELEASE;
USERNAME=Karen
OS=Windows_NT
PROCESSOR_IDENTIFIER=Intel64 Family 6 Model 142 Stepping 10, GenuineIntel



---------------  S Y S T E M  ---------------

OS: Windows 10.0 , 64 bit Build 17134 (10.0.17134.753)

CPU:total 8 (initial active 8) (4 cores per cpu, 2 threads per core) family 6 model 142 stepping 10, cmov, cx8, fxsr, mmx, sse, sse2, sse3, ssse3, sse4.1, sse4.2, popcnt, avx, avx2, aes, clmul, erms, 3dnowpref, lzcnt, ht, tsc, tscinvbit, bmi1, bmi2, adx

Memory: 4k page, physical 8267536k(1295752k free), swap 8267536k(5632k free)

vm_info: Java HotSpot(TM) 64-Bit Server VM (25.211-b12) for windows-amd64 JRE (1.8.0_211-b12), built on Apr  1 2019 20:53:26 by "java_re" with MS VC++ 10.0 (VS2010)

time: Tue Jul 23 22:26:57 2019
timezone: India Standard Time
elapsed time: 1 seconds (0d 0h 0m 1s)

