#
# There is insufficient memory for the Java Runtime Environment to continue.
# Native memory allocation (malloc) failed to allocate 2398416 bytes for Chunk::new
# Possible reasons:
#   The system is out of physical RAM or swap space
#   The process is running with CompressedOops enabled, and the Java Heap may be blocking the growth of the native heap
# Possible solutions:
#   Reduce memory load on the system
#   Increase physical memory or swap space
#   Check if swap backing store is full
#   Decrease Java heap size (-Xmx/-Xms)
#   Decrease number of Java threads
#   Decrease Java thread stack sizes (-Xss)
#   Set larger code cache with -XX:ReservedCodeCacheSize=
#   JVM is running with Unscaled Compressed Oops mode in which the Java heap is
#     placed in the first 4GB address space. The Java Heap base address is the
#     maximum limit for the native heap growth. Please use -XX:HeapBaseMinAddress
#     to set the Java Heap base and to place the Java Heap above 4GB virtual address.
# This output file may be truncated or incomplete.
#
#  Out of Memory Error (allocation.cpp:389), pid=1384, tid=0x00000000000004e8
#
# JRE version: Java(TM) SE Runtime Environment (8.0_211-b12) (build 1.8.0_211-b12)
# Java VM: Java HotSpot(TM) 64-Bit Server VM (25.211-b12 mixed mode windows-amd64 compressed oops)
# Failed to write core dump. Minidumps are not enabled by default on client versions of Windows
#

---------------  T H R E A D  ---------------

Current thread (0x0000000019f25000):  JavaThread "C2 CompilerThread1" daemon [_thread_in_native, id=1256, stack(0x000000001a7e0000,0x000000001a8e0000)]

Stack: [0x000000001a7e0000,0x000000001a8e0000]
[error occurred during error reporting (printing stack bounds), id 0xc0000005]

Native frames: (J=compiled Java code, j=interpreted, Vv=VM code, C=native code)


Current CompileTask:
C2:   2947 3217   !   4       java.net.URLClassLoader$1::run (63 bytes)


---------------  P R O C E S S  ---------------

Java Threads: ( => current thread )
  0x000000001db7d000 JavaThread "derby.rawStoreDaemon" daemon [_thread_blocked, id=12108, stack(0x0000000023a60000,0x0000000023b60000)]
  0x000000002286f800 JavaThread "Thread-3" daemon [_thread_in_Java, id=13512, stack(0x0000000022370000,0x0000000022470000)]
  0x00000000219e6000 JavaThread "Timer-0" daemon [_thread_blocked, id=9880, stack(0x0000000022270000,0x0000000022370000)]
  0x0000000020078800 JavaThread "container-0" [_thread_blocked, id=5740, stack(0x0000000021f70000,0x0000000022070000)]
  0x000000001bfe4000 JavaThread "Catalina-utility-2" [_thread_blocked, id=14084, stack(0x0000000021e70000,0x0000000021f70000)]
  0x000000001f852800 JavaThread "Catalina-utility-1" [_thread_blocked, id=13760, stack(0x0000000021d70000,0x0000000021e70000)]
  0x0000000019faa800 JavaThread "Service Thread" daemon [_thread_blocked, id=8688, stack(0x000000001aae0000,0x000000001abe0000)]
  0x0000000019f36800 JavaThread "C1 CompilerThread3" daemon [_thread_blocked, id=9144, stack(0x000000001a9e0000,0x000000001aae0000)]
  0x0000000019f26000 JavaThread "C2 CompilerThread2" daemon [_thread_in_native, id=15468, stack(0x000000001a8e0000,0x000000001a9e0000)]
=>0x0000000019f25000 JavaThread "C2 CompilerThread1" daemon [_thread_in_native, id=1256, stack(0x000000001a7e0000,0x000000001a8e0000)]
  0x0000000019f22000 JavaThread "C2 CompilerThread0" daemon [_thread_in_native, id=15408, stack(0x000000001a6e0000,0x000000001a7e0000)]
  0x0000000019f1c000 JavaThread "Attach Listener" daemon [_thread_blocked, id=8768, stack(0x000000001a5e0000,0x000000001a6e0000)]
  0x0000000019f1b000 JavaThread "Signal Dispatcher" daemon [_thread_blocked, id=5744, stack(0x000000001a4e0000,0x000000001a5e0000)]
  0x0000000019f10800 JavaThread "Finalizer" daemon [_thread_blocked, id=14264, stack(0x000000001a2f0000,0x000000001a3f0000)]
  0x000000000309b000 JavaThread "Reference Handler" daemon [_thread_blocked, id=8160, stack(0x0000000019df0000,0x0000000019ef0000)]
  0x0000000002fa4000 JavaThread "main" [_thread_blocked, id=13732, stack(0x0000000002ea0000,0x0000000002fa0000)]

Other Threads:
  0x000000001801a000 VMThread [stack: 0x0000000019cf0000,0x0000000019df0000] [id=4336]
  0x0000000019ffe000 WatcherThread [stack: 0x000000001abe0000,0x000000001ace0000] [id=11476]

VM state:not at safepoint (normal execution)

VM Mutex/Monitor currently owned by a thread: None

heap address: 0x0000000081c00000, size: 2020 MB, Compressed Oops mode: 32-bit
Narrow klass base: 0x0000000000000000, Narrow klass shift: 3
Compressed class space size: 1073741824 Address: 0x0000000100000000

Heap:
 PSYoungGen      total 231936K, used 16817K [0x00000000d5f00000, 0x00000000e5680000, 0x0000000100000000)
  eden space 219648K, 7% used [0x00000000d5f00000,0x00000000d6f6c7a0,0x00000000e3580000)
  from space 12288K, 0% used [0x00000000e4200000,0x00000000e4200000,0x00000000e4e00000)
  to   space 12800K, 0% used [0x00000000e3580000,0x00000000e3580000,0x00000000e4200000)
 ParOldGen       total 46592K, used 14474K [0x0000000081c00000, 0x0000000084980000, 0x00000000d5f00000)
  object space 46592K, 31% used [0x0000000081c00000,0x0000000082a22850,0x0000000084980000)
 Metaspace       used 36082K, capacity 37472K, committed 37584K, reserved 1081344K
  class space    used 4665K, capacity 4953K, committed 4992K, reserved 1048576K

Card table byte_map: [0x0000000012460000,0x0000000012860000] byte_map_base: 0x0000000012052000

Marking Bits: (ParMarkBitMap*) 0x000000006da75ce0
 Begin Bits: [0x0000000013310000, 0x00000000152a0000)
 End Bits:   [0x00000000152a0000, 0x0000000017230000)

Polling page: 0x0000000002d50000

CodeCache: size=245760Kb used=11691Kb max_used=11691Kb free=234068Kb
 bounds [0x00000000030a0000, 0x0000000003c20000, 0x00000000120a0000]
 total_blobs=3769 nmethods=3278 adapters=403
 compilation: enabled

Compilation events (10 events):
Event: 2.876 Thread 0x0000000019f36800 3285       3       java.lang.System::getProperty (25 bytes)
Event: 2.876 Thread 0x0000000019f36800 nmethod 3285 0x0000000003c03dd0 code [0x0000000003c03fa0, 0x0000000003c04608]
Event: 2.882 Thread 0x0000000019f36800 3286       3       java.util.EventObject::<init> (24 bytes)
Event: 2.882 Thread 0x0000000019f36800 nmethod 3286 0x0000000003c04890 code [0x0000000003c04a00, 0x0000000003c04cc8]
Event: 2.884 Thread 0x0000000019f36800 3287       1       org.apache.derby.impl.services.monitor.ModuleInstance::getInstance (5 bytes)
Event: 2.884 Thread 0x0000000019f36800 nmethod 3287 0x0000000003c04dd0 code [0x0000000003c04f20, 0x0000000003c05030]
Event: 2.885 Thread 0x0000000019f36800 3288       3       sun.nio.cs.UTF_8$Encoder::encodeArrayLoop (489 bytes)
Event: 2.888 Thread 0x0000000019f36800 nmethod 3288 0x0000000003c05090 code [0x0000000003c05600, 0x0000000003c08c68]
Event: 2.888 Thread 0x0000000019f36800 3289       3       java.lang.AbstractStringBuilder::append (50 bytes)
Event: 2.889 Thread 0x0000000019f36800 nmethod 3289 0x0000000003c0b210 code [0x0000000003c0b3e0, 0x0000000003c0bb38]

GC Heap History (10 events):
Event: 1.051 GC heap before
{Heap before GC invocations=6 (full 1):
 PSYoungGen      total 71680K, used 5008K [0x00000000d5f00000, 0x00000000df200000, 0x0000000100000000)
  eden space 66560K, 0% used [0x00000000d5f00000,0x00000000d5f00000,0x00000000da000000)
  from space 5120K, 97% used [0x00000000da000000,0x00000000da4e4010,0x00000000da500000)
  to   space 8704K, 0% used [0x00000000de980000,0x00000000de980000,0x00000000df200000)
 ParOldGen       total 87552K, used 5595K [0x0000000081c00000, 0x0000000087180000, 0x00000000d5f00000)
  object space 87552K, 6% used [0x0000000081c00000,0x0000000082176eb8,0x0000000087180000)
 Metaspace       used 20964K, capacity 21518K, committed 21628K, reserved 1069056K
  class space    used 2757K, capacity 2926K, committed 2944K, reserved 1048576K
Event: 1.072 GC heap after
Heap after GC invocations=6 (full 1):
 PSYoungGen      total 71680K, used 0K [0x00000000d5f00000, 0x00000000df200000, 0x0000000100000000)
  eden space 66560K, 0% used [0x00000000d5f00000,0x00000000d5f00000,0x00000000da000000)
  from space 5120K, 0% used [0x00000000da000000,0x00000000da000000,0x00000000da500000)
  to   space 8704K, 0% used [0x00000000de980000,0x00000000de980000,0x00000000df200000)
 ParOldGen       total 46592K, used 4800K [0x0000000081c00000, 0x0000000084980000, 0x00000000d5f00000)
  object space 46592K, 10% used [0x0000000081c00000,0x00000000820b0068,0x0000000084980000)
 Metaspace       used 20962K, capacity 21512K, committed 21628K, reserved 1069056K
  class space    used 2757K, capacity 2925K, committed 2944K, reserved 1048576K
}
Event: 1.387 GC heap before
{Heap before GC invocations=7 (full 1):
 PSYoungGen      total 71680K, used 66560K [0x00000000d5f00000, 0x00000000df200000, 0x0000000100000000)
  eden space 66560K, 100% used [0x00000000d5f00000,0x00000000da000000,0x00000000da000000)
  from space 5120K, 0% used [0x00000000da000000,0x00000000da000000,0x00000000da500000)
  to   space 8704K, 0% used [0x00000000de980000,0x00000000de980000,0x00000000df200000)
 ParOldGen       total 46592K, used 4800K [0x0000000081c00000, 0x0000000084980000, 0x00000000d5f00000)
  object space 46592K, 10% used [0x0000000081c00000,0x00000000820b0068,0x0000000084980000)
 Metaspace       used 23589K, capacity 24320K, committed 24572K, reserved 1071104K
  class space    used 3096K, capacity 3281K, committed 3328K, reserved 1048576K
Event: 1.391 GC heap after
Heap after GC invocations=7 (full 1):
 PSYoungGen      total 126976K, used 4163K [0x00000000d5f00000, 0x00000000dee00000, 0x0000000100000000)
  eden space 122368K, 0% used [0x00000000d5f00000,0x00000000d5f00000,0x00000000dd680000)
  from space 4608K, 90% used [0x00000000de980000,0x00000000ded90eb8,0x00000000dee00000)
  to   space 9216K, 0% used [0x00000000ddc00000,0x00000000ddc00000,0x00000000de500000)
 ParOldGen       total 46592K, used 4872K [0x0000000081c00000, 0x0000000084980000, 0x00000000d5f00000)
  object space 46592K, 10% used [0x0000000081c00000,0x00000000820c2078,0x0000000084980000)
 Metaspace       used 23589K, capacity 24320K, committed 24572K, reserved 1071104K
  class space    used 3096K, capacity 3281K, committed 3328K, reserved 1048576K
}
Event: 2.531 GC heap before
{Heap before GC invocations=8 (full 1):
 PSYoungGen      total 126976K, used 126531K [0x00000000d5f00000, 0x00000000dee00000, 0x0000000100000000)
  eden space 122368K, 100% used [0x00000000d5f00000,0x00000000dd680000,0x00000000dd680000)
  from space 4608K, 90% used [0x00000000de980000,0x00000000ded90eb8,0x00000000dee00000)
  to   space 9216K, 0% used [0x00000000ddc00000,0x00000000ddc00000,0x00000000de500000)
 ParOldGen       total 46592K, used 4872K [0x0000000081c00000, 0x0000000084980000, 0x00000000d5f00000)
  object space 46592K, 10% used [0x0000000081c00000,0x00000000820c2078,0x0000000084980000)
 Metaspace       used 31806K, capacity 33138K, committed 33404K, reserved 1079296K
  class space    used 4133K, capacity 4390K, committed 4480K, reserved 1048576K
Event: 2.544 GC heap after
Heap after GC invocations=8 (full 1):
 PSYoungGen      total 137216K, used 9204K [0x00000000d5f00000, 0x00000000e4e00000, 0x0000000100000000)
  eden space 128000K, 0% used [0x00000000d5f00000,0x00000000d5f00000,0x00000000ddc00000)
  from space 9216K, 99% used [0x00000000ddc00000,0x00000000de4fd0d0,0x00000000de500000)
  to   space 12288K, 0% used [0x00000000e4200000,0x00000000e4200000,0x00000000e4e00000)
 ParOldGen       total 46592K, used 8658K [0x0000000081c00000, 0x0000000084980000, 0x00000000d5f00000)
  object space 46592K, 18% used [0x0000000081c00000,0x0000000082474a38,0x0000000084980000)
 Metaspace       used 31806K, capacity 33138K, committed 33404K, reserved 1079296K
  class space    used 4133K, capacity 4390K, committed 4480K, reserved 1048576K
}
Event: 2.761 GC heap before
{Heap before GC invocations=9 (full 1):
 PSYoungGen      total 137216K, used 31843K [0x00000000d5f00000, 0x00000000e4e00000, 0x0000000100000000)
  eden space 128000K, 17% used [0x00000000d5f00000,0x00000000d751be00,0x00000000ddc00000)
  from space 9216K, 99% used [0x00000000ddc00000,0x00000000de4fd0d0,0x00000000de500000)
  to   space 12288K, 0% used [0x00000000e4200000,0x00000000e4200000,0x00000000e4e00000)
 ParOldGen       total 46592K, used 8658K [0x0000000081c00000, 0x0000000084980000, 0x00000000d5f00000)
  object space 46592K, 18% used [0x0000000081c00000,0x0000000082474a38,0x0000000084980000)
 Metaspace       used 34614K, capacity 35960K, committed 36048K, reserved 1081344K
  class space    used 4456K, capacity 4727K, committed 4736K, reserved 1048576K
Event: 2.771 GC heap after
Heap after GC invocations=9 (full 1):
 PSYoungGen      total 231936K, used 9916K [0x00000000d5f00000, 0x00000000e5680000, 0x0000000100000000)
  eden space 219648K, 0% used [0x00000000d5f00000,0x00000000d5f00000,0x00000000e3580000)
  from space 12288K, 80% used [0x00000000e4200000,0x00000000e4baf190,0x00000000e4e00000)
  to   space 12800K, 0% used [0x00000000e3580000,0x00000000e3580000,0x00000000e4200000)
 ParOldGen       total 46592K, used 8666K [0x0000000081c00000, 0x0000000084980000, 0x00000000d5f00000)
  object space 46592K, 18% used [0x0000000081c00000,0x0000000082476a38,0x0000000084980000)
 Metaspace       used 34614K, capacity 35960K, committed 36048K, reserved 1081344K
  class space    used 4456K, capacity 4727K, committed 4736K, reserved 1048576K
}
Event: 2.771 GC heap before
{Heap before GC invocations=10 (full 2):
 PSYoungGen      total 231936K, used 9916K [0x00000000d5f00000, 0x00000000e5680000, 0x0000000100000000)
  eden space 219648K, 0% used [0x00000000d5f00000,0x00000000d5f00000,0x00000000e3580000)
  from space 12288K, 80% used [0x00000000e4200000,0x00000000e4baf190,0x00000000e4e00000)
  to   space 12800K, 0% used [0x00000000e3580000,0x00000000e3580000,0x00000000e4200000)
 ParOldGen       total 46592K, used 8666K [0x0000000081c00000, 0x0000000084980000, 0x00000000d5f00000)
  object space 46592K, 18% used [0x0000000081c00000,0x0000000082476a38,0x0000000084980000)
 Metaspace       used 34614K, capacity 35960K, committed 36048K, reserved 1081344K
  class space    used 4456K, capacity 4727K, committed 4736K, reserved 1048576K
Event: 2.814 GC heap after
Heap after GC invocations=10 (full 2):
 PSYoungGen      total 231936K, used 0K [0x00000000d5f00000, 0x00000000e5680000, 0x0000000100000000)
  eden space 219648K, 0% used [0x00000000d5f00000,0x00000000d5f00000,0x00000000e3580000)
  from space 12288K, 0% used [0x00000000e4200000,0x00000000e4200000,0x00000000e4e00000)
  to   space 12800K, 0% used [0x00000000e3580000,0x00000000e3580000,0x00000000e4200000)
 ParOldGen       total 46592K, used 14474K [0x0000000081c00000, 0x0000000084980000, 0x00000000d5f00000)
  object space 46592K, 31% used [0x0000000081c00000,0x0000000082a22850,0x0000000084980000)
 Metaspace       used 34614K, capacity 35960K, committed 36048K, reserved 1081344K
  class space    used 4456K, capacity 4727K, committed 4736K, reserved 1048576K
}

Deoptimization events (10 events):
Event: 2.879 Thread 0x000000002286f800 Uncommon trap: reason=unstable_if action=reinterpret pc=0x00000000032cdac0 method=java.lang.AbstractStringBuilder.append(Ljava/lang/String;)Ljava/lang/AbstractStringBuilder; @ 1
Event: 2.903 Thread 0x000000002286f800 Uncommon trap: reason=predicate action=maybe_recompile pc=0x000000000343a5e8 method=java.lang.String.regionMatches(ZILjava/lang/String;II)Z @ 63
Event: 2.915 Thread 0x000000002286f800 Uncommon trap: reason=bimorphic action=maybe_recompile pc=0x00000000034a4e1c method=java.io.DataOutputStream.writeShort(I)V @ 12
Event: 2.915 Thread 0x000000002286f800 Uncommon trap: reason=bimorphic action=maybe_recompile pc=0x00000000034a4e1c method=java.io.DataOutputStream.writeShort(I)V @ 12
Event: 2.930 Thread 0x000000002286f800 Uncommon trap: reason=bimorphic action=maybe_recompile pc=0x00000000034a4e1c method=java.io.DataOutputStream.writeShort(I)V @ 12
Event: 2.930 Thread 0x000000002286f800 Uncommon trap: reason=bimorphic action=maybe_recompile pc=0x00000000037600e4 method=java.io.DataOutputStream.writeByte(I)V @ 5
Event: 2.930 Thread 0x000000002286f800 Uncommon trap: reason=bimorphic action=maybe_recompile pc=0x00000000037600e4 method=java.io.DataOutputStream.writeByte(I)V @ 5
Event: 2.930 Thread 0x000000002286f800 Uncommon trap: reason=bimorphic action=maybe_recompile pc=0x00000000034a4e1c method=java.io.DataOutputStream.writeShort(I)V @ 12
Event: 2.930 Thread 0x000000002286f800 Uncommon trap: reason=bimorphic action=maybe_recompile pc=0x00000000037600e4 method=java.io.DataOutputStream.writeByte(I)V @ 5
Event: 2.930 Thread 0x000000002286f800 Uncommon trap: reason=bimorphic action=maybe_recompile pc=0x00000000037600e4 method=java.io.DataOutputStream.writeByte(I)V @ 5

Classes redefined (0 events):
No events

Internal exceptions (10 events):
Event: 1.937 Thread 0x0000000002fa4000 Implicit null exception at 0x000000000383b6b7 to 0x000000000383b7f5
Event: 1.992 Thread 0x0000000002fa4000 Exception <a 'java/lang/NoSuchMethodError': java.lang.Object.lambda$and$0(Ljava/util/function/Predicate;Ljava/lang/Object;)Z> (0x00000000d96a63d8) thrown at [C:\re\workspace\8-2-build-windows-amd64-cygwin\jdk8u211\12973\hotspot\src\share\vm\interpreter\li
Event: 2.457 Thread 0x0000000002fa4000 Exception <a 'java/io/FileNotFoundException'> (0x00000000dd171848) thrown at [C:\re\workspace\8-2-build-windows-amd64-cygwin\jdk8u211\12973\hotspot\src\share\vm\prims\jni.cpp, line 710]
Event: 2.526 Thread 0x0000000002fa4000 Exception <a 'java/io/FileNotFoundException'> (0x00000000dd60ac70) thrown at [C:\re\workspace\8-2-build-windows-amd64-cygwin\jdk8u211\12973\hotspot\src\share\vm\prims\jni.cpp, line 710]
Event: 2.566 Thread 0x0000000002fa4000 Exception <a 'java/lang/NoSuchMethodError': java.lang.Object.lambda$static$0(Ljava/lang/Object;)Ljava/lang/Object;> (0x00000000d614f4e0) thrown at [C:\re\workspace\8-2-build-windows-amd64-cygwin\jdk8u211\12973\hotspot\src\share\vm\interpreter\linkResolver
Event: 2.571 Thread 0x0000000002fa4000 Implicit null exception at 0x00000000037494b4 to 0x0000000003749567
Event: 2.571 Thread 0x0000000002fa4000 Implicit null exception at 0x000000000378d999 to 0x000000000378ed05
Event: 2.574 Thread 0x0000000002fa4000 Implicit null exception at 0x00000000032dfcd6 to 0x00000000032e0071
Event: 2.860 Thread 0x000000002286f800 Exception <a 'java/security/PrivilegedActionException'> (0x00000000d632aeb0) thrown at [C:\re\workspace\8-2-build-windows-amd64-cygwin\jdk8u211\12973\hotspot\src\share\vm\prims\jvm.cpp, line 1502]
Event: 2.879 Thread 0x000000002286f800 Implicit null exception at 0x00000000032cd716 to 0x00000000032cdaa9

Events (10 events):
Event: 2.939 loading class org/apache/derby/impl/store/access/conglomerate/OpenConglomerateScratchSpace
Event: 2.939 loading class org/apache/derby/impl/store/access/conglomerate/OpenConglomerateScratchSpace done
Event: 2.939 loading class org/apache/derby/impl/services/locks/LockControl
Event: 2.939 loading class org/apache/derby/impl/services/locks/LockControl done
Event: 2.940 loading class org/apache/derby/impl/store/access/heap/HeapScan
Event: 2.940 loading class org/apache/derby/impl/store/access/heap/HeapScan done
Event: 2.940 loading class org/apache/derby/impl/store/access/conglomerate/GenericScanController
Event: 2.940 loading class org/apache/derby/impl/store/access/conglomerate/GenericScanController done
Event: 2.941 loading class org/apache/derby/impl/store/access/conglomerate/GenericController
Event: 2.941 loading class org/apache/derby/impl/store/access/conglomerate/GenericController done


Dynamic libraries:
0x00007ff7f0fb0000 - 0x00007ff7f0fe7000 	C:\Program Files\Java\jre1.8.0_211\bin\javaw.exe
0x00007ffe479f0000 - 0x00007ffe47bd1000 	C:\Windows\SYSTEM32\ntdll.dll
0x00007ffe47900000 - 0x00007ffe479b1000 	C:\Windows\System32\KERNEL32.DLL
0x00007ffe44a50000 - 0x00007ffe44cc3000 	C:\Windows\System32\KERNELBASE.dll
0x00007ffe45010000 - 0x00007ffe450b1000 	C:\Windows\System32\ADVAPI32.dll
0x00007ffe47860000 - 0x00007ffe478fe000 	C:\Windows\System32\msvcrt.dll
0x00007ffe47450000 - 0x00007ffe474ab000 	C:\Windows\System32\sechost.dll
0x00007ffe47320000 - 0x00007ffe47444000 	C:\Windows\System32\RPCRT4.dll
0x00007ffe44e80000 - 0x00007ffe45010000 	C:\Windows\System32\USER32.dll
0x00007ffe43e10000 - 0x00007ffe43e30000 	C:\Windows\System32\win32u.dll
0x00007ffe476a0000 - 0x00007ffe476c8000 	C:\Windows\System32\GDI32.dll
0x00007ffe441a0000 - 0x00007ffe44331000 	C:\Windows\System32\gdi32full.dll
0x00007ffe44de0000 - 0x00007ffe44e7f000 	C:\Windows\System32\msvcp_win.dll
0x00007ffe43e30000 - 0x00007ffe43f28000 	C:\Windows\System32\ucrtbase.dll
0x00007ffe33e90000 - 0x00007ffe340f9000 	C:\Windows\WinSxS\amd64_microsoft.windows.common-controls_6595b64144ccf1df_6.0.17134.885_none_fb42a3473065565f\COMCTL32.dll
0x00007ffe45270000 - 0x00007ffe45592000 	C:\Windows\System32\combase.dll
0x00007ffe43f30000 - 0x00007ffe43fa9000 	C:\Windows\System32\bcryptPrimitives.dll
0x00007ffe476d0000 - 0x00007ffe476fd000 	C:\Windows\System32\IMM32.DLL
0x000000006d090000 - 0x000000006d162000 	C:\Program Files\Java\jre1.8.0_211\bin\msvcr100.dll
0x000000006d250000 - 0x000000006daf5000 	C:\Program Files\Java\jre1.8.0_211\bin\server\jvm.dll
0x00007ffe45a00000 - 0x00007ffe45a08000 	C:\Windows\System32\PSAPI.DLL
0x00007ffe32080000 - 0x00007ffe32089000 	C:\Windows\SYSTEM32\WSOCK32.dll
0x00007ffe415a0000 - 0x00007ffe415c3000 	C:\Windows\SYSTEM32\WINMM.dll
0x00007ffe3f0f0000 - 0x00007ffe3f0fa000 	C:\Windows\SYSTEM32\VERSION.dll
0x00007ffe45a10000 - 0x00007ffe45a7c000 	C:\Windows\System32\WS2_32.dll
0x00007ffe41450000 - 0x00007ffe4147a000 	C:\Windows\SYSTEM32\winmmbase.dll
0x00007ffe43dc0000 - 0x00007ffe43e09000 	C:\Windows\System32\cfgmgr32.dll
0x00007ffe3fc70000 - 0x00007ffe3fc7f000 	C:\Program Files\Java\jre1.8.0_211\bin\verify.dll
0x00007ffe33540000 - 0x00007ffe33569000 	C:\Program Files\Java\jre1.8.0_211\bin\java.dll
0x00007ffe33cc0000 - 0x00007ffe33cd6000 	C:\Program Files\Java\jre1.8.0_211\bin\zip.dll
0x00007ffe45e80000 - 0x00007ffe472c0000 	C:\Windows\System32\SHELL32.dll
0x00007ffe45a80000 - 0x00007ffe45b29000 	C:\Windows\System32\shcore.dll
0x00007ffe44340000 - 0x00007ffe44a4d000 	C:\Windows\System32\windows.storage.dll
0x00007ffe45210000 - 0x00007ffe45261000 	C:\Windows\System32\shlwapi.dll
0x00007ffe43d60000 - 0x00007ffe43d71000 	C:\Windows\System32\kernel.appcore.dll
0x00007ffe43d80000 - 0x00007ffe43d9f000 	C:\Windows\System32\profapi.dll
0x00007ffe43d10000 - 0x00007ffe43d5c000 	C:\Windows\System32\powrprof.dll
0x00007ffe43d00000 - 0x00007ffe43d0a000 	C:\Windows\System32\FLTLIB.DLL
0x00007ffe3f1c0000 - 0x00007ffe3f1cd000 	C:\Program Files\Java\jre1.8.0_211\bin\management.dll
0x00007ffe32ed0000 - 0x00007ffe32eea000 	C:\Program Files\Java\jre1.8.0_211\bin\net.dll
0x00007ffe3b520000 - 0x00007ffe3b6e9000 	C:\Windows\SYSTEM32\urlmon.dll
0x00007ffe3b1c0000 - 0x00007ffe3b466000 	C:\Windows\SYSTEM32\iertutil.dll
0x00007ffe43750000 - 0x00007ffe4375b000 	C:\Windows\SYSTEM32\CRYPTBASE.DLL
0x00007ffe43580000 - 0x00007ffe435e6000 	C:\Windows\system32\mswsock.dll
0x00007ffe2d290000 - 0x00007ffe2d2a6000 	C:\Windows\system32\napinsp.dll
0x00007ffe2c480000 - 0x00007ffe2c49a000 	C:\Windows\system32\pnrpnsp.dll
0x00007ffe3fd60000 - 0x00007ffe3fd79000 	C:\Windows\system32\NLAapi.dll
0x00007ffe432f0000 - 0x00007ffe433ae000 	C:\Windows\SYSTEM32\DNSAPI.dll
0x00007ffe47510000 - 0x00007ffe47518000 	C:\Windows\System32\NSI.dll
0x00007ffe432b0000 - 0x00007ffe432e8000 	C:\Windows\SYSTEM32\IPHLPAPI.DLL
0x00007ffe2d280000 - 0x00007ffe2d28e000 	C:\Windows\System32\winrnr.dll
0x00007ffe2c300000 - 0x00007ffe2c315000 	C:\Windows\System32\wshbth.dll
0x00007ffe36db0000 - 0x00007ffe36dba000 	C:\Windows\System32\rasadhlp.dll
0x00007ffe36eb0000 - 0x00007ffe36f22000 	C:\Windows\System32\fwpuclnt.dll
0x00007ffe43860000 - 0x00007ffe43885000 	C:\Windows\SYSTEM32\bcrypt.dll
0x00007ffe32c50000 - 0x00007ffe32c62000 	C:\Program Files\Java\jre1.8.0_211\bin\nio.dll
0x00007ffe43730000 - 0x00007ffe43747000 	C:\Windows\SYSTEM32\CRYPTSP.dll
0x00007ffe43110000 - 0x00007ffe43143000 	C:\Windows\system32\rsaenh.dll
0x00007ffe43c30000 - 0x00007ffe43c58000 	C:\Windows\SYSTEM32\USERENV.dll
0x00007ffe3bb20000 - 0x00007ffe3bb36000 	C:\Windows\SYSTEM32\dhcpcsvc6.DLL
0x00007ffe3d0d0000 - 0x00007ffe3d0ea000 	C:\Windows\SYSTEM32\dhcpcsvc.DLL

VM Arguments:
jvm_args: -Dfile.encoding=UTF-8 
java_command: com.niit.CourseInfoServiceApplication
java_class_path (initial): D:\KAREN\backuplatest\STSWorkspace\CourseInfoService\target\classes;C:\Users\Karen\.m2\repository\org\springframework\boot\spring-boot-starter-data-jpa\2.1.6.RELEASE\spring-boot-starter-data-jpa-2.1.6.RELEASE.jar;C:\Users\Karen\.m2\repository\org\springframework\boot\spring-boot-starter-aop\2.1.6.RELEASE\spring-boot-starter-aop-2.1.6.RELEASE.jar;C:\Users\Karen\.m2\repository\org\springframework\spring-aop\5.1.8.RELEASE\spring-aop-5.1.8.RELEASE.jar;C:\Users\Karen\.m2\repository\org\aspectj\aspectjweaver\1.9.4\aspectjweaver-1.9.4.jar;C:\Users\Karen\.m2\repository\org\springframework\boot\spring-boot-starter-jdbc\2.1.6.RELEASE\spring-boot-starter-jdbc-2.1.6.RELEASE.jar;C:\Users\Karen\.m2\repository\com\zaxxer\HikariCP\3.2.0\HikariCP-3.2.0.jar;C:\Users\Karen\.m2\repository\org\springframework\spring-jdbc\5.1.8.RELEASE\spring-jdbc-5.1.8.RELEASE.jar;C:\Users\Karen\.m2\repository\javax\transaction\javax.transaction-api\1.3\javax.transaction-api-1.3.jar;C:\Users\Karen\.m2\repository\javax\xml\bind\jaxb-api\2.3.1\jaxb-api-2.3.1.jar;C:\Users\Karen\.m2\repository\javax\activation\javax.activation-api\1.2.0\javax.activation-api-1.2.0.jar;C:\Users\Karen\.m2\repository\org\hibernate\hibernate-core\5.3.10.Final\hibernate-core-5.3.10.Final.jar;C:\Users\Karen\.m2\repository\org\jboss\logging\jboss-logging\3.3.2.Final\jboss-logging-3.3.2.Final.jar;C:\Users\Karen\.m2\repository\javax\persistence\javax.persistence-api\2.2\javax.persistence-api-2.2.jar;C:\Users\Karen\.m2\repository\org\javassist\javassist\3.23.2-GA\javassist-3.23.2-GA.jar;C:\Users\Karen\.m2\repository\net\bytebuddy\byte-buddy\1.9.13\byte-buddy-1.9.13.jar;C:\Users\Karen\.m2\repository\antlr\antlr\2.7.7\antlr-2.7.7.jar;C:\Users\Karen\.m2\repository\org\jboss\jandex\2.0.5.Final\jandex-2.0.5.Final.jar;C:\Users\Karen\.m2\repository\com\fasterxml\classmate\1.4.0\classmate-1.4.0.jar;C:\Users\Karen\.m2\repository\org\dom4j\dom4j\2.1.1\dom4j-2.1.1.jar;C:\Users\Karen\.m2\repository\org\hibernate\commo
Launcher Type: SUN_STANDARD

Environment Variables:
JAVA_HOME=C:\Program Files\Java\jdk1.8.0_181
PATH=C:/Program Files/Java/jre1.8.0_211/bin/server;C:/Program Files/Java/jre1.8.0_211/bin;C:/Program Files/Java/jre1.8.0_211/lib/amd64;C:\Program Files (x86)\Common Files\Oracle\Java\javapath;C:\Program Files (x86)\Intel\Intel(R) Management Engine Components\iCLS\;C:\Program Files\Intel\Intel(R) Management Engine Components\iCLS\;C:\Windows\system32;C:\Windows;C:\Windows\System32\Wbem;C:\Windows\System32\WindowsPowerShell\v1.0\;C:\Windows\System32\OpenSSH\;C:\Program Files (x86)\NVIDIA Corporation\PhysX\Common;C:\Program Files (x86)\Intel\Intel(R) Management Engine Components\DAL;C:\Program Files\Intel\Intel(R) Management Engine Components\DAL;C:\Program Files (x86)\Intel\Intel(R) Management Engine Components\IPT;C:\Program Files\Intel\Intel(R) Management Engine Components\IPT;C:\Program Files\Intel\WiFi\bin\;C:\Program Files\Common Files\Intel\WirelessCommon\;C:\Program Files\MySQL\MySQL Utilities 1.6\;C:\Program Files\Java\jdk1.8.0_181\bin;C:\Users\Karen\AppData\Local\Programs\Python\Python37-32\Scripts\;C:\Users\Karen\AppData\Local\Programs\Python\Python37-32\;C:\Users\Karen\AppData\Local\Microsoft\WindowsApps;C:\Users\Karen\AppData\Local\Programs\Microsoft VS Code\bin;;C:\SpringSTS\sts-4.3.0.RELEASE;
USERNAME=Karen
OS=Windows_NT
PROCESSOR_IDENTIFIER=Intel64 Family 6 Model 142 Stepping 10, GenuineIntel



---------------  S Y S T E M  ---------------

OS: Windows 10.0 , 64 bit Build 17134 (10.0.17134.753)

CPU:total 8 (initial active 8) (4 cores per cpu, 2 threads per core) family 6 model 142 stepping 10, cmov, cx8, fxsr, mmx, sse, sse2, sse3, ssse3, sse4.1, sse4.2, popcnt, avx, avx2, aes, clmul, erms, 3dnowpref, lzcnt, ht, tsc, tscinvbit, bmi1, bmi2, adx

Memory: 4k page, physical 8267536k(1444832k free), swap 8267536k(6332k free)

vm_info: Java HotSpot(TM) 64-Bit Server VM (25.211-b12) for windows-amd64 JRE (1.8.0_211-b12), built on Apr  1 2019 20:53:26 by "java_re" with MS VC++ 10.0 (VS2010)

time: Sat Jul 20 15:23:18 2019
timezone: India Standard Time
elapsed time: 2 seconds (0d 0h 0m 2s)

