#
# There is insufficient memory for the Java Runtime Environment to continue.
# Native memory allocation (malloc) failed to allocate 1187376 bytes for Chunk::new
# Possible reasons:
#   The system is out of physical RAM or swap space
#   The process is running with CompressedOops enabled, and the Java Heap may be blocking the growth of the native heap
# Possible solutions:
#   Reduce memory load on the system
#   Increase physical memory or swap space
#   Check if swap backing store is full
#   Decrease Java heap size (-Xmx/-Xms)
#   Decrease number of Java threads
#   Decrease Java thread stack sizes (-Xss)
#   Set larger code cache with -XX:ReservedCodeCacheSize=
#   JVM is running with Unscaled Compressed Oops mode in which the Java heap is
#     placed in the first 4GB address space. The Java Heap base address is the
#     maximum limit for the native heap growth. Please use -XX:HeapBaseMinAddress
#     to set the Java Heap base and to place the Java Heap above 4GB virtual address.
# This output file may be truncated or incomplete.
#
#  Out of Memory Error (allocation.cpp:389), pid=4976, tid=0x0000000000004904
#
# JRE version: Java(TM) SE Runtime Environment (8.0_211-b12) (build 1.8.0_211-b12)
# Java VM: Java HotSpot(TM) 64-Bit Server VM (25.211-b12 mixed mode windows-amd64 compressed oops)
# Failed to write core dump. Minidumps are not enabled by default on client versions of Windows
#

---------------  T H R E A D  ---------------

Current thread (0x000000001993c000):  JavaThread "C2 CompilerThread2" daemon [_thread_in_native, id=18692, stack(0x000000001a2f0000,0x000000001a3f0000)]

Stack: [0x000000001a2f0000,0x000000001a3f0000]
[error occurred during error reporting (printing stack bounds), id 0xc0000005]

Native frames: (J=compiled Java code, j=interpreted, Vv=VM code, C=native code)


Current CompileTask:
C2:   6022 4751   !   4       org.springframework.util.ReflectionUtils::doWithMethods (176 bytes)


---------------  P R O C E S S  ---------------

Java Threads: ( => current thread )
  0x00000000205a7000 JavaThread "HikariPool-1 connection adder" daemon [_thread_blocked, id=13540, stack(0x0000000022cd0000,0x0000000022dd0000)]
  0x00000000205a1000 JavaThread "HikariPool-1 housekeeper" daemon [_thread_blocked, id=2700, stack(0x0000000022bd0000,0x0000000022cd0000)]
  0x000000002090e800 JavaThread "mysql-cj-abandoned-connection-cleanup" daemon [_thread_blocked, id=17432, stack(0x0000000022490000,0x0000000022590000)]
  0x00000000202b5800 JavaThread "container-0" [_thread_blocked, id=8176, stack(0x0000000020e50000,0x0000000020f50000)]
  0x000000001b009000 JavaThread "Catalina-utility-2" [_thread_blocked, id=17476, stack(0x0000000020d50000,0x0000000020e50000)]
  0x000000002090f800 JavaThread "Catalina-utility-1" [_thread_blocked, id=4828, stack(0x0000000020c50000,0x0000000020d50000)]
  0x00000000199cf000 JavaThread "Service Thread" daemon [_thread_blocked, id=14276, stack(0x000000001a4f0000,0x000000001a5f0000)]
  0x0000000019943800 JavaThread "C1 CompilerThread3" daemon [_thread_blocked, id=14536, stack(0x000000001a3f0000,0x000000001a4f0000)]
=>0x000000001993c000 JavaThread "C2 CompilerThread2" daemon [_thread_in_native, id=18692, stack(0x000000001a2f0000,0x000000001a3f0000)]
  0x0000000019938000 JavaThread "C2 CompilerThread1" daemon [_thread_in_native, id=13920, stack(0x000000001a1f0000,0x000000001a2f0000)]
  0x0000000019935000 JavaThread "C2 CompilerThread0" daemon [_thread_in_native, id=18304, stack(0x000000001a0f0000,0x000000001a1f0000)]
  0x0000000019933000 JavaThread "Attach Listener" daemon [_thread_blocked, id=19184, stack(0x0000000019ff0000,0x000000001a0f0000)]
  0x0000000019932000 JavaThread "Signal Dispatcher" daemon [_thread_blocked, id=6628, stack(0x0000000019ef0000,0x0000000019ff0000)]
  0x0000000017a36000 JavaThread "Finalizer" daemon [_thread_blocked, id=18744, stack(0x0000000019d00000,0x0000000019e00000)]
  0x0000000017a2f000 JavaThread "Reference Handler" daemon [_thread_blocked, id=2416, stack(0x0000000019800000,0x0000000019900000)]
  0x00000000029b8800 JavaThread "main" [_thread_in_vm, id=16760, stack(0x0000000002870000,0x0000000002970000)]

Other Threads:
  0x0000000017a27800 VMThread [stack: 0x0000000019700000,0x0000000019800000] [id=18660]
  0x0000000019a1a800 WatcherThread [stack: 0x000000001a5f0000,0x000000001a6f0000] [id=9876]

VM state:not at safepoint (normal execution)

VM Mutex/Monitor currently owned by a thread: None

heap address: 0x0000000081c00000, size: 2020 MB, Compressed Oops mode: 32-bit
Narrow klass base: 0x0000000000000000, Narrow klass shift: 3
Compressed class space size: 1073741824 Address: 0x0000000100000000

Heap:
 PSYoungGen      total 196608K, used 6547K [0x00000000d5f00000, 0x00000000e3b80000, 0x0000000100000000)
  eden space 179712K, 3% used [0x00000000d5f00000,0x00000000d6564c50,0x00000000e0e80000)
  from space 16896K, 0% used [0x00000000e2000000,0x00000000e2000000,0x00000000e3080000)
  to   space 17920K, 0% used [0x00000000e0e80000,0x00000000e0e80000,0x00000000e2000000)
 ParOldGen       total 136704K, used 25644K [0x0000000081c00000, 0x000000008a180000, 0x00000000d5f00000)
  object space 136704K, 18% used [0x0000000081c00000,0x000000008350b070,0x000000008a180000)
 Metaspace       used 56816K, capacity 59256K, committed 59544K, reserved 1099776K
  class space    used 7887K, capacity 8345K, committed 8448K, reserved 1048576K

Card table byte_map: [0x0000000011e70000,0x0000000012270000] byte_map_base: 0x0000000011a62000

Marking Bits: (ParMarkBitMap*) 0x000000006da35ce0
 Begin Bits: [0x0000000012d20000, 0x0000000014cb0000)
 End Bits:   [0x0000000014cb0000, 0x0000000016c40000)

Polling page: 0x0000000002810000

CodeCache: size=245760Kb used=15681Kb max_used=16169Kb free=230078Kb
 bounds [0x0000000002ab0000, 0x0000000003a90000, 0x0000000011ab0000]
 total_blobs=4761 nmethods=4234 adapters=438
 compilation: enabled

Compilation events (10 events):
Event: 5.989 Thread 0x0000000019943800 4889   !   2       org.springframework.beans.factory.support.DefaultSingletonBeanRegistry::getSingleton (117 bytes)
Event: 5.990 Thread 0x0000000019943800 nmethod 4889 0x0000000002e74a10 code [0x0000000002e74be0, 0x0000000002e75108]
Event: 6.000 Thread 0x0000000019943800 4890       2       org.apache.commons.logging.LogAdapter$Slf4jLog::isInfoEnabled (10 bytes)
Event: 6.000 Thread 0x0000000019943800 nmethod 4890 0x0000000002fe30d0 code [0x0000000002fe3240, 0x0000000002fe33c8]
Event: 6.008 Thread 0x0000000019943800 4891       2       org.springframework.core.io.ResourceEditor::<init> (8 bytes)
Event: 6.009 Thread 0x0000000019943800 nmethod 4891 0x0000000002f8e090 code [0x0000000002f8e200, 0x0000000002f8e468]
Event: 6.009 Thread 0x0000000019943800 4892       2       org.springframework.core.io.ResourceEditor::<init> (26 bytes)
Event: 6.009 Thread 0x0000000019943800 nmethod 4892 0x0000000002e620d0 code [0x0000000002e62240, 0x0000000002e624a8]
Event: 6.015 Thread 0x0000000019943800 4893       2       org.springframework.core.BridgeMethodResolver::findBridgedMethod (106 bytes)
Event: 6.016 Thread 0x0000000019943800 nmethod 4893 0x0000000002e41dd0 code [0x0000000002e41fa0, 0x0000000002e42598]

GC Heap History (10 events):
Event: 3.105 GC heap before
{Heap before GC invocations=9 (full 2):
 PSYoungGen      total 111104K, used 8689K [0x00000000d5f00000, 0x00000000e0e00000, 0x0000000100000000)
  eden space 102400K, 0% used [0x00000000d5f00000,0x00000000d5f00000,0x00000000dc300000)
  from space 8704K, 99% used [0x00000000dc300000,0x00000000dcb7c580,0x00000000dcb80000)
  to   space 12288K, 0% used [0x00000000e0200000,0x00000000e0200000,0x00000000e0e00000)
 ParOldGen       total 58880K, used 15434K [0x0000000081c00000, 0x0000000085580000, 0x00000000d5f00000)
  object space 58880K, 26% used [0x0000000081c00000,0x0000000082b128d0,0x0000000085580000)
 Metaspace       used 33941K, capacity 35402K, committed 35496K, reserved 1079296K
  class space    used 4502K, capacity 4778K, committed 4864K, reserved 1048576K
Event: 3.171 GC heap after
Heap after GC invocations=9 (full 2):
 PSYoungGen      total 111104K, used 0K [0x00000000d5f00000, 0x00000000e0e00000, 0x0000000100000000)
  eden space 102400K, 0% used [0x00000000d5f00000,0x00000000d5f00000,0x00000000dc300000)
  from space 8704K, 0% used [0x00000000dc300000,0x00000000dc300000,0x00000000dcb80000)
  to   space 12288K, 0% used [0x00000000e0200000,0x00000000e0200000,0x00000000e0e00000)
 ParOldGen       total 98816K, used 18454K [0x0000000081c00000, 0x0000000087c80000, 0x00000000d5f00000)
  object space 98816K, 18% used [0x0000000081c00000,0x0000000082e05a18,0x0000000087c80000)
 Metaspace       used 33941K, capacity 35402K, committed 35496K, reserved 1079296K
  class space    used 4502K, capacity 4778K, committed 4864K, reserved 1048576K
}
Event: 3.635 GC heap before
{Heap before GC invocations=10 (full 2):
 PSYoungGen      total 111104K, used 102400K [0x00000000d5f00000, 0x00000000e0e00000, 0x0000000100000000)
  eden space 102400K, 100% used [0x00000000d5f00000,0x00000000dc300000,0x00000000dc300000)
  from space 8704K, 0% used [0x00000000dc300000,0x00000000dc300000,0x00000000dcb80000)
  to   space 12288K, 0% used [0x00000000e0200000,0x00000000e0200000,0x00000000e0e00000)
 ParOldGen       total 98816K, used 18454K [0x0000000081c00000, 0x0000000087c80000, 0x00000000d5f00000)
  object space 98816K, 18% used [0x0000000081c00000,0x0000000082e05a18,0x0000000087c80000)
 Metaspace       used 36046K, capacity 37576K, committed 37888K, reserved 1081344K
  class space    used 4746K, capacity 5057K, committed 5120K, reserved 1048576K
Event: 3.645 GC heap after
Heap after GC invocations=10 (full 2):
 PSYoungGen      total 153088K, used 6822K [0x00000000d5f00000, 0x00000000e0900000, 0x0000000100000000)
  eden space 145920K, 0% used [0x00000000d5f00000,0x00000000d5f00000,0x00000000ded80000)
  from space 7168K, 95% used [0x00000000e0200000,0x00000000e08a9820,0x00000000e0900000)
  to   space 11776K, 0% used [0x00000000df200000,0x00000000df200000,0x00000000dfd80000)
 ParOldGen       total 98816K, used 18462K [0x0000000081c00000, 0x0000000087c80000, 0x00000000d5f00000)
  object space 98816K, 18% used [0x0000000081c00000,0x0000000082e07a18,0x0000000087c80000)
 Metaspace       used 36046K, capacity 37576K, committed 37888K, reserved 1081344K
  class space    used 4746K, capacity 5057K, committed 5120K, reserved 1048576K
}
Event: 5.281 GC heap before
{Heap before GC invocations=11 (full 2):
 PSYoungGen      total 153088K, used 152742K [0x00000000d5f00000, 0x00000000e0900000, 0x0000000100000000)
  eden space 145920K, 100% used [0x00000000d5f00000,0x00000000ded80000,0x00000000ded80000)
  from space 7168K, 95% used [0x00000000e0200000,0x00000000e08a9820,0x00000000e0900000)
  to   space 11776K, 0% used [0x00000000df200000,0x00000000df200000,0x00000000dfd80000)
 ParOldGen       total 98816K, used 18462K [0x0000000081c00000, 0x0000000087c80000, 0x00000000d5f00000)
  object space 98816K, 18% used [0x0000000081c00000,0x0000000082e07a18,0x0000000087c80000)
 Metaspace       used 53234K, capacity 55110K, committed 55424K, reserved 1097728K
  class space    used 7335K, capacity 7684K, committed 7808K, reserved 1048576K
Event: 5.298 GC heap after
Heap after GC invocations=11 (full 2):
 PSYoungGen      total 162304K, used 11766K [0x00000000d5f00000, 0x00000000e3080000, 0x0000000100000000)
  eden space 150528K, 0% used [0x00000000d5f00000,0x00000000d5f00000,0x00000000df200000)
  from space 11776K, 99% used [0x00000000df200000,0x00000000dfd7da00,0x00000000dfd80000)
  to   space 16896K, 0% used [0x00000000e2000000,0x00000000e2000000,0x00000000e3080000)
 ParOldGen       total 98816K, used 28035K [0x0000000081c00000, 0x0000000087c80000, 0x00000000d5f00000)
  object space 98816K, 28% used [0x0000000081c00000,0x0000000083760d10,0x0000000087c80000)
 Metaspace       used 53234K, capacity 55110K, committed 55424K, reserved 1097728K
  class space    used 7335K, capacity 7684K, committed 7808K, reserved 1048576K
}
Event: 5.813 GC heap before
{Heap before GC invocations=12 (full 2):
 PSYoungGen      total 162304K, used 66686K [0x00000000d5f00000, 0x00000000e3080000, 0x0000000100000000)
  eden space 150528K, 36% used [0x00000000d5f00000,0x00000000d94a2110,0x00000000df200000)
  from space 11776K, 99% used [0x00000000df200000,0x00000000dfd7da00,0x00000000dfd80000)
  to   space 16896K, 0% used [0x00000000e2000000,0x00000000e2000000,0x00000000e3080000)
 ParOldGen       total 98816K, used 28035K [0x0000000081c00000, 0x0000000087c80000, 0x00000000d5f00000)
  object space 98816K, 28% used [0x0000000081c00000,0x0000000083760d10,0x0000000087c80000)
 Metaspace       used 56689K, capacity 59136K, committed 59160K, reserved 1099776K
  class space    used 7845K, capacity 8299K, committed 8320K, reserved 1048576K
Event: 5.828 GC heap after
Heap after GC invocations=12 (full 2):
 PSYoungGen      total 196608K, used 13101K [0x00000000d5f00000, 0x00000000e3b80000, 0x0000000100000000)
  eden space 179712K, 0% used [0x00000000d5f00000,0x00000000d5f00000,0x00000000e0e80000)
  from space 16896K, 77% used [0x00000000e2000000,0x00000000e2ccb440,0x00000000e3080000)
  to   space 17920K, 0% used [0x00000000e0e80000,0x00000000e0e80000,0x00000000e2000000)
 ParOldGen       total 98816K, used 28043K [0x0000000081c00000, 0x0000000087c80000, 0x00000000d5f00000)
  object space 98816K, 28% used [0x0000000081c00000,0x0000000083762d10,0x0000000087c80000)
 Metaspace       used 56689K, capacity 59136K, committed 59160K, reserved 1099776K
  class space    used 7845K, capacity 8299K, committed 8320K, reserved 1048576K
}
Event: 5.828 GC heap before
{Heap before GC invocations=13 (full 3):
 PSYoungGen      total 196608K, used 13101K [0x00000000d5f00000, 0x00000000e3b80000, 0x0000000100000000)
  eden space 179712K, 0% used [0x00000000d5f00000,0x00000000d5f00000,0x00000000e0e80000)
  from space 16896K, 77% used [0x00000000e2000000,0x00000000e2ccb440,0x00000000e3080000)
  to   space 17920K, 0% used [0x00000000e0e80000,0x00000000e0e80000,0x00000000e2000000)
 ParOldGen       total 98816K, used 28043K [0x0000000081c00000, 0x0000000087c80000, 0x00000000d5f00000)
  object space 98816K, 28% used [0x0000000081c00000,0x0000000083762d10,0x0000000087c80000)
 Metaspace       used 56689K, capacity 59136K, committed 59160K, reserved 1099776K
  class space    used 7845K, capacity 8299K, committed 8320K, reserved 1048576K
Event: 5.947 GC heap after
Heap after GC invocations=13 (full 3):
 PSYoungGen      total 196608K, used 0K [0x00000000d5f00000, 0x00000000e3b80000, 0x0000000100000000)
  eden space 179712K, 0% used [0x00000000d5f00000,0x00000000d5f00000,0x00000000e0e80000)
  from space 16896K, 0% used [0x00000000e2000000,0x00000000e2000000,0x00000000e3080000)
  to   space 17920K, 0% used [0x00000000e0e80000,0x00000000e0e80000,0x00000000e2000000)
 ParOldGen       total 136704K, used 25644K [0x0000000081c00000, 0x000000008a180000, 0x00000000d5f00000)
  object space 136704K, 18% used [0x0000000081c00000,0x000000008350b070,0x000000008a180000)
 Metaspace       used 56689K, capacity 59136K, committed 59160K, reserved 1099776K
  class space    used 7845K, capacity 8299K, committed 8320K, reserved 1048576K
}

Deoptimization events (10 events):
Event: 5.581 Thread 0x00000000029b8800 Uncommon trap: reason=unstable_if action=reinterpret pc=0x00000000035235c0 method=org.springframework.util.StringUtils.collectionToDelimitedString(Ljava/util/Collection;Ljava/lang/String;Ljava/lang/String;Ljava/lang/String;)Ljava/lang/String; @ 4
Event: 5.630 Thread 0x00000000029b8800 Uncommon trap: reason=null_check action=make_not_entrant pc=0x0000000003a35a5c method=org.springframework.core.annotation.AnnotatedElementUtils.searchWithGetSemanticsInAnnotations(Ljava/lang/reflect/AnnotatedElement;Ljava/util/List;Ljava/util/Set;Ljava/la
Event: 5.637 Thread 0x00000000029b8800 Uncommon trap: reason=class_check action=maybe_recompile pc=0x0000000003a4fe48 method=org.springframework.core.annotation.AnnotationUtils.getAnnotatedMethodsInBaseType(Ljava/lang/Class;)Ljava/util/Set; @ 29
Event: 5.637 Thread 0x00000000029b8800 Uncommon trap: reason=class_check action=maybe_recompile pc=0x0000000003a4fe48 method=org.springframework.core.annotation.AnnotationUtils.getAnnotatedMethodsInBaseType(Ljava/lang/Class;)Ljava/util/Set; @ 29
Event: 5.637 Thread 0x00000000029b8800 Uncommon trap: reason=class_check action=maybe_recompile pc=0x0000000003a4fe48 method=org.springframework.core.annotation.AnnotationUtils.getAnnotatedMethodsInBaseType(Ljava/lang/Class;)Ljava/util/Set; @ 29
Event: 5.637 Thread 0x00000000029b8800 Uncommon trap: reason=class_check action=maybe_recompile pc=0x0000000003a4fe48 method=org.springframework.core.annotation.AnnotationUtils.getAnnotatedMethodsInBaseType(Ljava/lang/Class;)Ljava/util/Set; @ 29
Event: 5.755 Thread 0x00000000029b8800 Uncommon trap: reason=unstable_if action=reinterpret pc=0x0000000002eb5c34 method=java.util.concurrent.ConcurrentHashMap.transfer([Ljava/util/concurrent/ConcurrentHashMap$Node;[Ljava/util/concurrent/ConcurrentHashMap$Node;)V @ 356
Event: 5.756 Thread 0x00000000029b8800 Uncommon trap: reason=unstable_if action=reinterpret pc=0x0000000002e98380 method=java.util.concurrent.ConcurrentHashMap.transfer([Ljava/util/concurrent/ConcurrentHashMap$Node;[Ljava/util/concurrent/ConcurrentHashMap$Node;)V @ 356
Event: 5.806 Thread 0x00000000029b8800 Uncommon trap: reason=unstable_if action=reinterpret pc=0x0000000002f623d8 method=org.springframework.beans.factory.support.AbstractBeanFactory.isTypeMatch(Ljava/lang/String;Lorg/springframework/core/ResolvableType;)Z @ 26
Event: 5.982 Thread 0x00000000029b8800 Uncommon trap: reason=unstable_if action=reinterpret pc=0x000000000348ce58 method=org.springframework.beans.factory.support.DefaultSingletonBeanRegistry.getSingleton(Ljava/lang/String;Z)Ljava/lang/Object; @ 47

Classes redefined (0 events):
No events

Internal exceptions (10 events):
Event: 5.612 Thread 0x00000000029b8800 Exception <a 'java/lang/ClassNotFoundException': org/springframework/boot/autoconfigure/web/servlet/WebMvcAutoConfiguration$EnableWebMvcConfigurationCustomizer> (0x00000000d7e0d978) thrown at [C:\re\workspace\8-2-build-windows-amd64-cygwin\jdk8u211\12973\
Event: 5.612 Thread 0x00000000029b8800 Exception <a 'java/lang/ClassNotFoundException': org/springframework/boot/autoconfigure/web/servlet/WebMvcAutoConfiguration$EnableWebMvcConfiguration$$EnhancerBySpringCGLIB$$be59cc45Customizer> (0x00000000d7e61c98) thrown at [C:\re\workspace\8-2-build-win
Event: 5.613 Thread 0x00000000029b8800 Exception <a 'java/lang/ClassNotFoundException': org/springframework/context/annotation/ConfigurationClassEnhancer$EnhancedConfigurationCustomizer> (0x00000000d7eb8718) thrown at [C:\re\workspace\8-2-build-windows-amd64-cygwin\jdk8u211\12973\hotspot\src\s
Event: 5.614 Thread 0x00000000029b8800 Exception <a 'java/lang/ClassNotFoundException': org/springframework/beans/factory/BeanFactoryAwareCustomizer> (0x00000000d7ede790) thrown at [C:\re\workspace\8-2-build-windows-amd64-cygwin\jdk8u211\12973\hotspot\src\share\vm\classfile\systemDictionary.cp
Event: 5.614 Thread 0x00000000029b8800 Exception <a 'java/lang/ClassNotFoundException': org/springframework/beans/factory/AwareCustomizer> (0x00000000d7f00758) thrown at [C:\re\workspace\8-2-build-windows-amd64-cygwin\jdk8u211\12973\hotspot\src\share\vm\classfile\systemDictionary.cpp, line 210
Event: 5.614 Thread 0x00000000029b8800 Exception <a 'java/lang/ClassNotFoundException': org/springframework/context/ApplicationContextAwareCustomizer> (0x00000000d7f26e70) thrown at [C:\re\workspace\8-2-build-windows-amd64-cygwin\jdk8u211\12973\hotspot\src\share\vm\classfile\systemDictionary.c
Event: 5.615 Thread 0x00000000029b8800 Exception <a 'java/lang/ClassNotFoundException': org/springframework/beans/factory/AwareCustomizer> (0x00000000d7f48e68) thrown at [C:\re\workspace\8-2-build-windows-amd64-cygwin\jdk8u211\12973\hotspot\src\share\vm\classfile\systemDictionary.cpp, line 210
Event: 5.615 Thread 0x00000000029b8800 Exception <a 'java/lang/ClassNotFoundException': org/springframework/web/context/ServletContextAwareCustomizer> (0x00000000d7f6f5c0) thrown at [C:\re\workspace\8-2-build-windows-amd64-cygwin\jdk8u211\12973\hotspot\src\share\vm\classfile\systemDictionary.c
Event: 5.615 Thread 0x00000000029b8800 Exception <a 'java/lang/ClassNotFoundException': org/springframework/beans/factory/AwareCustomizer> (0x00000000d7f90fd0) thrown at [C:\re\workspace\8-2-build-windows-amd64-cygwin\jdk8u211\12973\hotspot\src\share\vm\classfile\systemDictionary.cpp, line 210
Event: 5.630 Thread 0x00000000029b8800 Implicit null exception at 0x0000000003a336e1 to 0x0000000003a35a2d

Events (10 events):
Event: 6.012 loading class org/springframework/jmx/support/JmxUtils
Event: 6.012 loading class org/springframework/jmx/support/JmxUtils done
Event: 6.013 loading class javax/management/AttributeList
Event: 6.014 loading class javax/management/AttributeList done
Event: 6.014 Executing VM operation: Deoptimize
Event: 6.014 Executing VM operation: Deoptimize done
Event: 6.014 loading class javax/management/Attribute
Event: 6.014 loading class javax/management/Attribute done
Event: 6.015 loading class javax/management/IntrospectionException
Event: 6.015 loading class javax/management/IntrospectionException done


Dynamic libraries:
0x00007ff623e00000 - 0x00007ff623e37000 	C:\Program Files\Java\jre1.8.0_211\bin\javaw.exe
0x00007ffe479f0000 - 0x00007ffe47bd1000 	C:\Windows\SYSTEM32\ntdll.dll
0x00007ffe47900000 - 0x00007ffe479b1000 	C:\Windows\System32\KERNEL32.DLL
0x00007ffe44a50000 - 0x00007ffe44cc3000 	C:\Windows\System32\KERNELBASE.dll
0x00007ffe45010000 - 0x00007ffe450b1000 	C:\Windows\System32\ADVAPI32.dll
0x00007ffe47860000 - 0x00007ffe478fe000 	C:\Windows\System32\msvcrt.dll
0x00007ffe47450000 - 0x00007ffe474ab000 	C:\Windows\System32\sechost.dll
0x00007ffe47320000 - 0x00007ffe47444000 	C:\Windows\System32\RPCRT4.dll
0x00007ffe44e80000 - 0x00007ffe45010000 	C:\Windows\System32\USER32.dll
0x00007ffe43e10000 - 0x00007ffe43e30000 	C:\Windows\System32\win32u.dll
0x00007ffe476a0000 - 0x00007ffe476c8000 	C:\Windows\System32\GDI32.dll
0x00007ffe441a0000 - 0x00007ffe44331000 	C:\Windows\System32\gdi32full.dll
0x00007ffe44de0000 - 0x00007ffe44e7f000 	C:\Windows\System32\msvcp_win.dll
0x00007ffe43e30000 - 0x00007ffe43f28000 	C:\Windows\System32\ucrtbase.dll
0x00007ffe33e90000 - 0x00007ffe340f9000 	C:\Windows\WinSxS\amd64_microsoft.windows.common-controls_6595b64144ccf1df_6.0.17134.885_none_fb42a3473065565f\COMCTL32.dll
0x00007ffe45270000 - 0x00007ffe45592000 	C:\Windows\System32\combase.dll
0x00007ffe43f30000 - 0x00007ffe43fa9000 	C:\Windows\System32\bcryptPrimitives.dll
0x00007ffe476d0000 - 0x00007ffe476fd000 	C:\Windows\System32\IMM32.DLL
0x000000006d050000 - 0x000000006d122000 	C:\Program Files\Java\jre1.8.0_211\bin\msvcr100.dll
0x000000006d210000 - 0x000000006dab5000 	C:\Program Files\Java\jre1.8.0_211\bin\server\jvm.dll
0x00007ffe45a00000 - 0x00007ffe45a08000 	C:\Windows\System32\PSAPI.DLL
0x00007ffe32080000 - 0x00007ffe32089000 	C:\Windows\SYSTEM32\WSOCK32.dll
0x00007ffe415a0000 - 0x00007ffe415c3000 	C:\Windows\SYSTEM32\WINMM.dll
0x00007ffe3f0f0000 - 0x00007ffe3f0fa000 	C:\Windows\SYSTEM32\VERSION.dll
0x00007ffe45a10000 - 0x00007ffe45a7c000 	C:\Windows\System32\WS2_32.dll
0x00007ffe41450000 - 0x00007ffe4147a000 	C:\Windows\SYSTEM32\winmmbase.dll
0x00007ffe43dc0000 - 0x00007ffe43e09000 	C:\Windows\System32\cfgmgr32.dll
0x00007ffe3f670000 - 0x00007ffe3f67f000 	C:\Program Files\Java\jre1.8.0_211\bin\verify.dll
0x00007ffe3d7a0000 - 0x00007ffe3d7c9000 	C:\Program Files\Java\jre1.8.0_211\bin\java.dll
0x00007ffe3c190000 - 0x00007ffe3c1a6000 	C:\Program Files\Java\jre1.8.0_211\bin\zip.dll
0x00007ffe45e80000 - 0x00007ffe472c0000 	C:\Windows\System32\SHELL32.dll
0x00007ffe45a80000 - 0x00007ffe45b29000 	C:\Windows\System32\shcore.dll
0x00007ffe44340000 - 0x00007ffe44a4d000 	C:\Windows\System32\windows.storage.dll
0x00007ffe45210000 - 0x00007ffe45261000 	C:\Windows\System32\shlwapi.dll
0x00007ffe43d60000 - 0x00007ffe43d71000 	C:\Windows\System32\kernel.appcore.dll
0x00007ffe43d80000 - 0x00007ffe43d9f000 	C:\Windows\System32\profapi.dll
0x00007ffe43d10000 - 0x00007ffe43d5c000 	C:\Windows\System32\powrprof.dll
0x00007ffe43d00000 - 0x00007ffe43d0a000 	C:\Windows\System32\FLTLIB.DLL
0x00007ffe3c070000 - 0x00007ffe3c08a000 	C:\Program Files\Java\jre1.8.0_211\bin\net.dll
0x00007ffe3b520000 - 0x00007ffe3b6e9000 	C:\Windows\SYSTEM32\urlmon.dll
0x00007ffe3b1c0000 - 0x00007ffe3b466000 	C:\Windows\SYSTEM32\iertutil.dll
0x00007ffe43750000 - 0x00007ffe4375b000 	C:\Windows\SYSTEM32\CRYPTBASE.DLL
0x00007ffe43580000 - 0x00007ffe435e6000 	C:\Windows\system32\mswsock.dll
0x00007ffe432b0000 - 0x00007ffe432e8000 	C:\Windows\SYSTEM32\IPHLPAPI.DLL
0x00007ffe47510000 - 0x00007ffe47518000 	C:\Windows\System32\NSI.dll
0x00007ffe3bb20000 - 0x00007ffe3bb36000 	C:\Windows\SYSTEM32\dhcpcsvc6.DLL
0x00007ffe3d0d0000 - 0x00007ffe3d0ea000 	C:\Windows\SYSTEM32\dhcpcsvc.DLL
0x00007ffe432f0000 - 0x00007ffe433ae000 	C:\Windows\SYSTEM32\DNSAPI.dll
0x00007ffe36db0000 - 0x00007ffe36dba000 	C:\Windows\System32\rasadhlp.dll
0x00007ffe36eb0000 - 0x00007ffe36f22000 	C:\Windows\System32\fwpuclnt.dll
0x00007ffe43860000 - 0x00007ffe43885000 	C:\Windows\SYSTEM32\bcrypt.dll
0x00007ffe3f640000 - 0x00007ffe3f64d000 	C:\Program Files\Java\jre1.8.0_211\bin\management.dll
0x00007ffe2d290000 - 0x00007ffe2d2a6000 	C:\Windows\system32\napinsp.dll
0x00007ffe2c480000 - 0x00007ffe2c49a000 	C:\Windows\system32\pnrpnsp.dll
0x00007ffe3fd60000 - 0x00007ffe3fd79000 	C:\Windows\system32\NLAapi.dll
0x00007ffe2d280000 - 0x00007ffe2d28e000 	C:\Windows\System32\winrnr.dll
0x00007ffe2c300000 - 0x00007ffe2c315000 	C:\Windows\System32\wshbth.dll
0x00007ffe3bff0000 - 0x00007ffe3c002000 	C:\Program Files\Java\jre1.8.0_211\bin\nio.dll
0x00007ffe43730000 - 0x00007ffe43747000 	C:\Windows\SYSTEM32\CRYPTSP.dll
0x00007ffe43110000 - 0x00007ffe43143000 	C:\Windows\system32\rsaenh.dll
0x00007ffe43c30000 - 0x00007ffe43c58000 	C:\Windows\SYSTEM32\USERENV.dll

VM Arguments:
jvm_args: -Dfile.encoding=UTF-8 
java_command: com.niit.CourseInfoServiceApplication
java_class_path (initial): D:\KAREN\backuplatest\STSWorkspace\CourseInfoService\target\classes;C:\Users\Karen\.m2\repository\org\springframework\boot\spring-boot-starter-data-jpa\2.1.6.RELEASE\spring-boot-starter-data-jpa-2.1.6.RELEASE.jar;C:\Users\Karen\.m2\repository\org\springframework\boot\spring-boot-starter-aop\2.1.6.RELEASE\spring-boot-starter-aop-2.1.6.RELEASE.jar;C:\Users\Karen\.m2\repository\org\springframework\spring-aop\5.1.8.RELEASE\spring-aop-5.1.8.RELEASE.jar;C:\Users\Karen\.m2\repository\org\aspectj\aspectjweaver\1.9.4\aspectjweaver-1.9.4.jar;C:\Users\Karen\.m2\repository\org\springframework\boot\spring-boot-starter-jdbc\2.1.6.RELEASE\spring-boot-starter-jdbc-2.1.6.RELEASE.jar;C:\Users\Karen\.m2\repository\com\zaxxer\HikariCP\3.2.0\HikariCP-3.2.0.jar;C:\Users\Karen\.m2\repository\org\springframework\spring-jdbc\5.1.8.RELEASE\spring-jdbc-5.1.8.RELEASE.jar;C:\Users\Karen\.m2\repository\javax\transaction\javax.transaction-api\1.3\javax.transaction-api-1.3.jar;C:\Users\Karen\.m2\repository\javax\xml\bind\jaxb-api\2.3.1\jaxb-api-2.3.1.jar;C:\Users\Karen\.m2\repository\javax\activation\javax.activation-api\1.2.0\javax.activation-api-1.2.0.jar;C:\Users\Karen\.m2\repository\org\hibernate\hibernate-core\5.3.10.Final\hibernate-core-5.3.10.Final.jar;C:\Users\Karen\.m2\repository\org\jboss\logging\jboss-logging\3.3.2.Final\jboss-logging-3.3.2.Final.jar;C:\Users\Karen\.m2\repository\javax\persistence\javax.persistence-api\2.2\javax.persistence-api-2.2.jar;C:\Users\Karen\.m2\repository\org\javassist\javassist\3.23.2-GA\javassist-3.23.2-GA.jar;C:\Users\Karen\.m2\repository\net\bytebuddy\byte-buddy\1.9.13\byte-buddy-1.9.13.jar;C:\Users\Karen\.m2\repository\antlr\antlr\2.7.7\antlr-2.7.7.jar;C:\Users\Karen\.m2\repository\org\jboss\jandex\2.0.5.Final\jandex-2.0.5.Final.jar;C:\Users\Karen\.m2\repository\com\fasterxml\classmate\1.4.0\classmate-1.4.0.jar;C:\Users\Karen\.m2\repository\org\dom4j\dom4j\2.1.1\dom4j-2.1.1.jar;C:\Users\Karen\.m2\repository\org\hibernate\commo
Launcher Type: SUN_STANDARD

Environment Variables:
JAVA_HOME=C:\Program Files\Java\jdk1.8.0_181
PATH=C:/Program Files/Java/jre1.8.0_211/bin/server;C:/Program Files/Java/jre1.8.0_211/bin;C:/Program Files/Java/jre1.8.0_211/lib/amd64;C:\Program Files (x86)\Common Files\Oracle\Java\javapath;C:\Program Files (x86)\Intel\Intel(R) Management Engine Components\iCLS\;C:\Program Files\Intel\Intel(R) Management Engine Components\iCLS\;C:\Windows\system32;C:\Windows;C:\Windows\System32\Wbem;C:\Windows\System32\WindowsPowerShell\v1.0\;C:\Windows\System32\OpenSSH\;C:\Program Files (x86)\NVIDIA Corporation\PhysX\Common;C:\Program Files (x86)\Intel\Intel(R) Management Engine Components\DAL;C:\Program Files\Intel\Intel(R) Management Engine Components\DAL;C:\Program Files (x86)\Intel\Intel(R) Management Engine Components\IPT;C:\Program Files\Intel\Intel(R) Management Engine Components\IPT;C:\Program Files\Intel\WiFi\bin\;C:\Program Files\Common Files\Intel\WirelessCommon\;C:\Program Files\MySQL\MySQL Utilities 1.6\;C:\Program Files\Java\jdk1.8.0_181\bin;C:\Users\Karen\AppData\Local\Programs\Python\Python37-32\Scripts\;C:\Users\Karen\AppData\Local\Programs\Python\Python37-32\;C:\Users\Karen\AppData\Local\Microsoft\WindowsApps;C:\Users\Karen\AppData\Local\Programs\Microsoft VS Code\bin;;C:\SpringSTS\sts-4.3.0.RELEASE;
USERNAME=Karen
OS=Windows_NT
PROCESSOR_IDENTIFIER=Intel64 Family 6 Model 142 Stepping 10, GenuineIntel



---------------  S Y S T E M  ---------------

OS: Windows 10.0 , 64 bit Build 17134 (10.0.17134.753)

CPU:total 8 (initial active 8) (4 cores per cpu, 2 threads per core) family 6 model 142 stepping 10, cmov, cx8, fxsr, mmx, sse, sse2, sse3, ssse3, sse4.1, sse4.2, popcnt, avx, avx2, aes, clmul, erms, 3dnowpref, lzcnt, ht, tsc, tscinvbit, bmi1, bmi2, adx

Memory: 4k page, physical 8267536k(1075684k free), swap 8267536k(5856k free)

vm_info: Java HotSpot(TM) 64-Bit Server VM (25.211-b12) for windows-amd64 JRE (1.8.0_211-b12), built on Apr  1 2019 20:53:26 by "java_re" with MS VC++ 10.0 (VS2010)

time: Tue Jul 23 17:57:12 2019
timezone: India Standard Time
elapsed time: 6 seconds (0d 0h 0m 6s)

