#
# There is insufficient memory for the Java Runtime Environment to continue.
# Native memory allocation (malloc) failed to allocate 32744 bytes for ChunkPool::allocate
# Possible reasons:
#   The system is out of physical RAM or swap space
#   The process is running with CompressedOops enabled, and the Java Heap may be blocking the growth of the native heap
# Possible solutions:
#   Reduce memory load on the system
#   Increase physical memory or swap space
#   Check if swap backing store is full
#   Decrease Java heap size (-Xmx/-Xms)
#   Decrease number of Java threads
#   Decrease Java thread stack sizes (-Xss)
#   Set larger code cache with -XX:ReservedCodeCacheSize=
#   JVM is running with Unscaled Compressed Oops mode in which the Java heap is
#     placed in the first 4GB address space. The Java Heap base address is the
#     maximum limit for the native heap growth. Please use -XX:HeapBaseMinAddress
#     to set the Java Heap base and to place the Java Heap above 4GB virtual address.
# This output file may be truncated or incomplete.
#
#  Out of Memory Error (allocation.cpp:272), pid=16652, tid=0x0000000000002668
#
# JRE version: Java(TM) SE Runtime Environment (8.0_211-b12) (build 1.8.0_211-b12)
# Java VM: Java HotSpot(TM) 64-Bit Server VM (25.211-b12 mixed mode windows-amd64 compressed oops)
# Failed to write core dump. Minidumps are not enabled by default on client versions of Windows
#

---------------  T H R E A D  ---------------

Current thread (0x0000000019a74800):  JavaThread "C2 CompilerThread0" daemon [_thread_in_native, id=9832, stack(0x000000001a230000,0x000000001a330000)]

Stack: [0x000000001a230000,0x000000001a330000]
[error occurred during error reporting (printing stack bounds), id 0xc0000005]

Native frames: (J=compiled Java code, j=interpreted, Vv=VM code, C=native code)


Current CompileTask:
C2:   2533 2019       4       java.net.URLClassLoader$1::run (5 bytes)


---------------  P R O C E S S  ---------------

Java Threads: ( => current thread )
  0x0000000019b1a000 JavaThread "Service Thread" daemon [_thread_blocked, id=4092, stack(0x000000001a630000,0x000000001a730000)]
  0x0000000019a93000 JavaThread "C1 CompilerThread3" daemon [_thread_in_native, id=12872, stack(0x000000001a530000,0x000000001a630000)]
  0x0000000019a7d000 JavaThread "C2 CompilerThread2" daemon [_thread_in_native, id=16960, stack(0x000000001a430000,0x000000001a530000)]
  0x0000000019a7b800 JavaThread "C2 CompilerThread1" daemon [_thread_blocked, id=16816, stack(0x000000001a330000,0x000000001a430000)]
=>0x0000000019a74800 JavaThread "C2 CompilerThread0" daemon [_thread_in_native, id=9832, stack(0x000000001a230000,0x000000001a330000)]
  0x0000000019a73000 JavaThread "Attach Listener" daemon [_thread_blocked, id=8520, stack(0x000000001a130000,0x000000001a230000)]
  0x0000000019a72000 JavaThread "Signal Dispatcher" daemon [_thread_blocked, id=18180, stack(0x000000001a030000,0x000000001a130000)]
  0x0000000017b45800 JavaThread "Finalizer" daemon [_thread_blocked, id=10284, stack(0x0000000019e40000,0x0000000019f40000)]
  0x0000000017b3e800 JavaThread "Reference Handler" daemon [_thread_blocked, id=14160, stack(0x0000000019940000,0x0000000019a40000)]
  0x0000000002ac8800 JavaThread "main" [_thread_in_Java, id=1208, stack(0x00000000029c0000,0x0000000002ac0000)]

Other Threads:
  0x0000000002bbe800 VMThread [stack: 0x0000000019840000,0x0000000019940000] [id=8112]
  0x0000000019b7d800 WatcherThread [stack: 0x000000001a730000,0x000000001a830000] [id=20044]

VM state:not at safepoint (normal execution)

VM Mutex/Monitor currently owned by a thread: None

heap address: 0x0000000081c00000, size: 2020 MB, Compressed Oops mode: 32-bit
Narrow klass base: 0x0000000000000000, Narrow klass shift: 3
Compressed class space size: 1073741824 Address: 0x0000000100000000

Heap:
 PSYoungGen      total 71680K, used 51216K [0x00000000d5f00000, 0x00000000dd500000, 0x0000000100000000)
  eden space 66560K, 69% used [0x00000000d5f00000,0x00000000d8c0b610,0x00000000da000000)
  from space 5120K, 99% used [0x00000000da000000,0x00000000da4f8a40,0x00000000da500000)
  to   space 8704K, 0% used [0x00000000dcc80000,0x00000000dcc80000,0x00000000dd500000)
 ParOldGen       total 58880K, used 9259K [0x0000000081c00000, 0x0000000085580000, 0x00000000d5f00000)
  object space 58880K, 15% used [0x0000000081c00000,0x000000008250ae30,0x0000000085580000)
 Metaspace       used 25920K, capacity 26838K, committed 26880K, reserved 1073152K
  class space    used 3371K, capacity 3574K, committed 3584K, reserved 1048576K

Card table byte_map: [0x0000000011f80000,0x0000000012380000] byte_map_base: 0x0000000011b72000

Marking Bits: (ParMarkBitMap*) 0x000000006c935ce0
 Begin Bits: [0x0000000012e30000, 0x0000000014dc0000)
 End Bits:   [0x0000000014dc0000, 0x0000000016d50000)

Polling page: 0x0000000000bf0000

CodeCache: size=245760Kb used=8192Kb max_used=8192Kb free=237567Kb
 bounds [0x0000000002bc0000, 0x00000000033d0000, 0x0000000011bc0000]
 total_blobs=2737 nmethods=2335 adapters=314
 compilation: enabled

Compilation events (10 events):
Event: 2.522 Thread 0x0000000019a93000 2328       3       java.io.FilterInputStream::close (8 bytes)
Event: 2.523 Thread 0x0000000019a93000 nmethod 2328 0x00000000033be550 code [0x00000000033be6c0, 0x00000000033be8e8]
Event: 2.524 Thread 0x0000000019a93000 2329   !   3       sun.net.www.protocol.jar.JarURLConnection$JarURLInputStream::close (51 bytes)
Event: 2.524 Thread 0x0000000019a93000 nmethod 2329 0x00000000033bd8d0 code [0x00000000033bdaa0, 0x00000000033be208]
Event: 2.525 Thread 0x0000000019a93000 2330       3       java.lang.Class::getDeclaredConstructor (16 bytes)
Event: 2.525 Thread 0x0000000019a93000 nmethod 2330 0x00000000033bd450 code [0x00000000033bd5e0, 0x00000000033bd7e8]
Event: 2.528 Thread 0x0000000019a93000 2331       3       org.springframework.asm.ClassVisitor::<init> (7 bytes)
Event: 2.528 Thread 0x0000000019a93000 nmethod 2331 0x00000000033bd0d0 code [0x00000000033bd240, 0x00000000033bd3c8]
Event: 2.529 Thread 0x0000000019a7b800 2332       4       java.util.AbstractSet::<init> (5 bytes)
Event: 2.529 Thread 0x0000000019a93000 2333   !   3       org.springframework.beans.BeanUtils::instantiateClass (84 bytes)

GC Heap History (10 events):
Event: 1.110 GC heap before
{Heap before GC invocations=2 (full 0):
 PSYoungGen      total 38400K, used 38374K [0x00000000d5f00000, 0x00000000d8980000, 0x0000000100000000)
  eden space 33280K, 100% used [0x00000000d5f00000,0x00000000d7f80000,0x00000000d7f80000)
  from space 5120K, 99% used [0x00000000d7f80000,0x00000000d8479af8,0x00000000d8480000)
  to   space 5120K, 0% used [0x00000000d8480000,0x00000000d8480000,0x00000000d8980000)
 ParOldGen       total 87552K, used 266K [0x0000000081c00000, 0x0000000087180000, 0x00000000d5f00000)
  object space 87552K, 0% used [0x0000000081c00000,0x0000000081c42b38,0x0000000087180000)
 Metaspace       used 12537K, capacity 12816K, committed 13056K, reserved 1060864K
  class space    used 1617K, capacity 1727K, committed 1792K, reserved 1048576K
Event: 1.116 GC heap after
Heap after GC invocations=2 (full 0):
 PSYoungGen      total 38400K, used 5091K [0x00000000d5f00000, 0x00000000daa00000, 0x0000000100000000)
  eden space 33280K, 0% used [0x00000000d5f00000,0x00000000d5f00000,0x00000000d7f80000)
  from space 5120K, 99% used [0x00000000d8480000,0x00000000d8978f68,0x00000000d8980000)
  to   space 5120K, 0% used [0x00000000d7f80000,0x00000000d7f80000,0x00000000d8480000)
 ParOldGen       total 87552K, used 708K [0x0000000081c00000, 0x0000000087180000, 0x00000000d5f00000)
  object space 87552K, 0% used [0x0000000081c00000,0x0000000081cb12b0,0x0000000087180000)
 Metaspace       used 12537K, capacity 12816K, committed 13056K, reserved 1060864K
  class space    used 1617K, capacity 1727K, committed 1792K, reserved 1048576K
}
Event: 1.316 GC heap before
{Heap before GC invocations=3 (full 0):
 PSYoungGen      total 38400K, used 38371K [0x00000000d5f00000, 0x00000000daa00000, 0x0000000100000000)
  eden space 33280K, 100% used [0x00000000d5f00000,0x00000000d7f80000,0x00000000d7f80000)
  from space 5120K, 99% used [0x00000000d8480000,0x00000000d8978f68,0x00000000d8980000)
  to   space 5120K, 0% used [0x00000000d7f80000,0x00000000d7f80000,0x00000000d8480000)
 ParOldGen       total 87552K, used 708K [0x0000000081c00000, 0x0000000087180000, 0x00000000d5f00000)
  object space 87552K, 0% used [0x0000000081c00000,0x0000000081cb12b0,0x0000000087180000)
 Metaspace       used 16537K, capacity 17038K, committed 17152K, reserved 1064960K
  class space    used 2116K, capacity 2286K, committed 2304K, reserved 1048576K
Event: 1.324 GC heap after
Heap after GC invocations=3 (full 0):
 PSYoungGen      total 38400K, used 5105K [0x00000000d5f00000, 0x00000000daa00000, 0x0000000100000000)
  eden space 33280K, 0% used [0x00000000d5f00000,0x00000000d5f00000,0x00000000d7f80000)
  from space 5120K, 99% used [0x00000000d7f80000,0x00000000d847c7c8,0x00000000d8480000)
  to   space 5120K, 0% used [0x00000000da500000,0x00000000da500000,0x00000000daa00000)
 ParOldGen       total 87552K, used 2998K [0x0000000081c00000, 0x0000000087180000, 0x00000000d5f00000)
  object space 87552K, 3% used [0x0000000081c00000,0x0000000081eeda98,0x0000000087180000)
 Metaspace       used 16537K, capacity 17038K, committed 17152K, reserved 1064960K
  class space    used 2116K, capacity 2286K, committed 2304K, reserved 1048576K
}
Event: 1.533 GC heap before
{Heap before GC invocations=4 (full 0):
 PSYoungGen      total 38400K, used 35390K [0x00000000d5f00000, 0x00000000daa00000, 0x0000000100000000)
  eden space 33280K, 91% used [0x00000000d5f00000,0x00000000d7c933f8,0x00000000d7f80000)
  from space 5120K, 99% used [0x00000000d7f80000,0x00000000d847c7c8,0x00000000d8480000)
  to   space 5120K, 0% used [0x00000000da500000,0x00000000da500000,0x00000000daa00000)
 ParOldGen       total 87552K, used 2998K [0x0000000081c00000, 0x0000000087180000, 0x00000000d5f00000)
  object space 87552K, 3% used [0x0000000081c00000,0x0000000081eeda98,0x0000000087180000)
 Metaspace       used 20697K, capacity 21196K, committed 21296K, reserved 1067008K
  class space    used 2705K, capacity 2881K, committed 2944K, reserved 1048576K
Event: 1.541 GC heap after
Heap after GC invocations=4 (full 0):
 PSYoungGen      total 71680K, used 5093K [0x00000000d5f00000, 0x00000000daa00000, 0x0000000100000000)
  eden space 66560K, 0% used [0x00000000d5f00000,0x00000000d5f00000,0x00000000da000000)
  from space 5120K, 99% used [0x00000000da500000,0x00000000da9f96a0,0x00000000daa00000)
  to   space 5120K, 0% used [0x00000000da000000,0x00000000da000000,0x00000000da500000)
 ParOldGen       total 87552K, used 5899K [0x0000000081c00000, 0x0000000087180000, 0x00000000d5f00000)
  object space 87552K, 6% used [0x0000000081c00000,0x00000000821c2ee0,0x0000000087180000)
 Metaspace       used 20697K, capacity 21196K, committed 21296K, reserved 1067008K
  class space    used 2705K, capacity 2881K, committed 2944K, reserved 1048576K
}
Event: 1.541 GC heap before
{Heap before GC invocations=5 (full 1):
 PSYoungGen      total 71680K, used 5093K [0x00000000d5f00000, 0x00000000daa00000, 0x0000000100000000)
  eden space 66560K, 0% used [0x00000000d5f00000,0x00000000d5f00000,0x00000000da000000)
  from space 5120K, 99% used [0x00000000da500000,0x00000000da9f96a0,0x00000000daa00000)
  to   space 5120K, 0% used [0x00000000da000000,0x00000000da000000,0x00000000da500000)
 ParOldGen       total 87552K, used 5899K [0x0000000081c00000, 0x0000000087180000, 0x00000000d5f00000)
  object space 87552K, 6% used [0x0000000081c00000,0x00000000821c2ee0,0x0000000087180000)
 Metaspace       used 20697K, capacity 21196K, committed 21296K, reserved 1067008K
  class space    used 2705K, capacity 2881K, committed 2944K, reserved 1048576K
Event: 1.569 GC heap after
Heap after GC invocations=5 (full 1):
 PSYoungGen      total 71680K, used 0K [0x00000000d5f00000, 0x00000000daa00000, 0x0000000100000000)
  eden space 66560K, 0% used [0x00000000d5f00000,0x00000000d5f00000,0x00000000da000000)
  from space 5120K, 0% used [0x00000000da500000,0x00000000da500000,0x00000000daa00000)
  to   space 5120K, 0% used [0x00000000da000000,0x00000000da000000,0x00000000da500000)
 ParOldGen       total 58880K, used 7710K [0x0000000081c00000, 0x0000000085580000, 0x00000000d5f00000)
  object space 58880K, 13% used [0x0000000081c00000,0x0000000082387878,0x0000000085580000)
 Metaspace       used 20696K, capacity 21190K, committed 21296K, reserved 1067008K
  class space    used 2704K, capacity 2880K, committed 2944K, reserved 1048576K
}
Event: 2.414 GC heap before
{Heap before GC invocations=6 (full 1):
 PSYoungGen      total 71680K, used 66560K [0x00000000d5f00000, 0x00000000daa00000, 0x0000000100000000)
  eden space 66560K, 100% used [0x00000000d5f00000,0x00000000da000000,0x00000000da000000)
  from space 5120K, 0% used [0x00000000da500000,0x00000000da500000,0x00000000daa00000)
  to   space 5120K, 0% used [0x00000000da000000,0x00000000da000000,0x00000000da500000)
 ParOldGen       total 58880K, used 7710K [0x0000000081c00000, 0x0000000085580000, 0x00000000d5f00000)
  object space 58880K, 13% used [0x0000000081c00000,0x0000000082387878,0x0000000085580000)
 Metaspace       used 25627K, capacity 26444K, committed 26624K, reserved 1073152K
  class space    used 3338K, capacity 3535K, committed 3584K, reserved 1048576K
Event: 2.423 GC heap after
Heap after GC invocations=6 (full 1):
 PSYoungGen      total 71680K, used 5090K [0x00000000d5f00000, 0x00000000dd500000, 0x0000000100000000)
  eden space 66560K, 0% used [0x00000000d5f00000,0x00000000d5f00000,0x00000000da000000)
  from space 5120K, 99% used [0x00000000da000000,0x00000000da4f8a40,0x00000000da500000)
  to   space 8704K, 0% used [0x00000000dcc80000,0x00000000dcc80000,0x00000000dd500000)
 ParOldGen       total 58880K, used 9259K [0x0000000081c00000, 0x0000000085580000, 0x00000000d5f00000)
  object space 58880K, 15% used [0x0000000081c00000,0x000000008250ae30,0x0000000085580000)
 Metaspace       used 25627K, capacity 26444K, committed 26624K, reserved 1073152K
  class space    used 3338K, capacity 3535K, committed 3584K, reserved 1048576K
}

Deoptimization events (10 events):
Event: 1.636 Thread 0x000000001b142000 Uncommon trap: reason=unstable_if action=reinterpret pc=0x000000000307a020 method=com.sun.org.apache.xerces.internal.impl.XMLEntityScanner.scanLiteral(ILcom/sun/org/apache/xerces/internal/xni/XMLString;Z)I @ 570
Event: 1.653 Thread 0x000000001b142000 Uncommon trap: reason=unstable_if action=reinterpret pc=0x00000000030742b4 method=com.sun.org.apache.xerces.internal.impl.XMLEntityScanner.checkBeforeLoad(Lcom/sun/xml/internal/stream/Entity$ScannedEntity;II)I @ 18
Event: 1.683 Thread 0x000000001b142000 Uncommon trap: reason=unstable_if action=reinterpret pc=0x00000000030a3e1c method=com.sun.org.apache.xerces.internal.impl.XMLEntityScanner.skipSpaces()Z @ 125
Event: 1.718 Thread 0x000000001b142000 Uncommon trap: reason=unstable_if action=reinterpret pc=0x00000000030fa108 method=com.sun.org.apache.xerces.internal.util.SymbolTable.addSymbol([CII)Ljava/lang/String; @ 38
Event: 1.917 Thread 0x0000000002ac8800 Uncommon trap: reason=unstable_if action=reinterpret pc=0x0000000002ee6ed4 method=org.springframework.util.ConcurrentReferenceHashMap$Segment.clear()V @ 4
Event: 2.100 Thread 0x0000000002ac8800 Uncommon trap: reason=unstable_if action=reinterpret pc=0x0000000003001360 method=java.net.URL.<init>(Ljava/net/URL;Ljava/lang/String;Ljava/net/URLStreamHandler;)V @ 347
Event: 2.149 Thread 0x0000000002ac8800 Uncommon trap: reason=unstable_if action=reinterpret pc=0x0000000002e10580 method=java.io.WinNTFileSystem.normalize(Ljava/lang/String;)Ljava/lang/String; @ 128
Event: 2.218 Thread 0x0000000002ac8800 Uncommon trap: reason=unstable_if action=reinterpret pc=0x00000000031decf8 method=java.util.concurrent.ConcurrentHashMap.putVal(Ljava/lang/Object;Ljava/lang/Object;Z)Ljava/lang/Object; @ 113
Event: 2.366 Thread 0x0000000002ac8800 Uncommon trap: reason=unstable_if action=reinterpret pc=0x0000000003328844 method=org.springframework.asm.ClassReader.readUTF8(I[C)Ljava/lang/String; @ 11
Event: 2.409 Thread 0x0000000002ac8800 Uncommon trap: reason=unstable_if action=reinterpret pc=0x00000000030083b0 method=org.springframework.boot.context.properties.source.ConfigurationPropertyName.equals(Ljava/lang/Object;)Z @ 90

Classes redefined (0 events):
No events

Internal exceptions (10 events):
Event: 2.143 Thread 0x0000000002ac8800 Exception <a 'java/lang/ClassNotFoundException': org/springframework/core/PriorityOrderedCustomizer> (0x00000000d81956f8) thrown at [C:\re\workspace\8-2-build-windows-amd64-cygwin\jdk8u211\12973\hotspot\src\share\vm\classfile\systemDictionary.cpp, line 21
Event: 2.144 Thread 0x0000000002ac8800 Exception <a 'java/lang/ClassNotFoundException': org/springframework/core/OrderedCustomizer> (0x00000000d81b26a8) thrown at [C:\re\workspace\8-2-build-windows-amd64-cygwin\jdk8u211\12973\hotspot\src\share\vm\classfile\systemDictionary.cpp, line 210]
Event: 2.144 Thread 0x0000000002ac8800 Exception <a 'java/lang/ClassNotFoundException': org/springframework/context/ResourceLoaderAwareCustomizer> (0x00000000d81d77d8) thrown at [C:\re\workspace\8-2-build-windows-amd64-cygwin\jdk8u211\12973\hotspot\src\share\vm\classfile\systemDictionary.cpp, 
Event: 2.144 Thread 0x0000000002ac8800 Exception <a 'java/lang/ClassNotFoundException': org/springframework/beans/factory/AwareCustomizer> (0x00000000d81f9470) thrown at [C:\re\workspace\8-2-build-windows-amd64-cygwin\jdk8u211\12973\hotspot\src\share\vm\classfile\systemDictionary.cpp, line 210
Event: 2.145 Thread 0x0000000002ac8800 Exception <a 'java/lang/ClassNotFoundException': org/springframework/beans/factory/BeanClassLoaderAwareCustomizer> (0x00000000d8221378) thrown at [C:\re\workspace\8-2-build-windows-amd64-cygwin\jdk8u211\12973\hotspot\src\share\vm\classfile\systemDictionar
Event: 2.145 Thread 0x0000000002ac8800 Exception <a 'java/lang/ClassNotFoundException': org/springframework/beans/factory/AwareCustomizer> (0x00000000d82430e0) thrown at [C:\re\workspace\8-2-build-windows-amd64-cygwin\jdk8u211\12973\hotspot\src\share\vm\classfile\systemDictionary.cpp, line 210
Event: 2.145 Thread 0x0000000002ac8800 Exception <a 'java/lang/ClassNotFoundException': org/springframework/context/EnvironmentAwareCustomizer> (0x00000000d82661c8) thrown at [C:\re\workspace\8-2-build-windows-amd64-cygwin\jdk8u211\12973\hotspot\src\share\vm\classfile\systemDictionary.cpp, lin
Event: 2.146 Thread 0x0000000002ac8800 Exception <a 'java/lang/ClassNotFoundException': org/springframework/beans/factory/AwareCustomizer> (0x00000000d8287e10) thrown at [C:\re\workspace\8-2-build-windows-amd64-cygwin\jdk8u211\12973\hotspot\src\share\vm\classfile\systemDictionary.cpp, line 210
Event: 2.151 Thread 0x0000000002ac8800 Exception <a 'java/lang/NoSuchMethodError': java.lang.Object.lambda$comparing$77a9974f$1(Ljava/util/function/Function;Ljava/lang/Object;Ljava/lang/Object;)I> (0x00000000d82d34c0) thrown at [C:\re\workspace\8-2-build-windows-amd64-cygwin\jdk8u211\12973\hot
Event: 2.262 Thread 0x0000000002ac8800 Exception <a 'java/lang/IncompatibleClassChangeError': Found class java.lang.Object, but interface was expected> (0x00000000d90141f0) thrown at [C:\re\workspace\8-2-build-windows-amd64-cygwin\jdk8u211\12973\hotspot\src\share\vm\interpreter\linkResolver.cp

Events (10 events):
Event: 2.525 loading class org/springframework/data/repository/config/AnnotationRepositoryConfigurationSource
Event: 2.525 loading class org/springframework/data/repository/config/AnnotationRepositoryConfigurationSource done
Event: 2.526 loading class org/springframework/data/repository/config/RepositoryConfigurationSourceSupport
Event: 2.526 loading class org/springframework/data/repository/config/RepositoryConfigurationSourceSupport done
Event: 2.526 loading class org/springframework/data/repository/config/RepositoryConfigurationSource
Event: 2.526 loading class org/springframework/data/repository/config/RepositoryConfigurationSource done
Event: 2.527 loading class org/springframework/boot/autoconfigure/data/AbstractRepositoryConfigurationSourceSupport$1
Event: 2.527 loading class org/springframework/boot/autoconfigure/data/AbstractRepositoryConfigurationSourceSupport$1 done
Event: 2.527 loading class org/springframework/data/repository/config/RepositoryConfigurationExtension
Event: 2.527 loading class org/springframework/data/repository/config/RepositoryConfigurationExtension done


Dynamic libraries:
0x00007ff691980000 - 0x00007ff6919b7000 	C:\Program Files\Java\jre1.8.0_211\bin\javaw.exe
0x00007ffe479f0000 - 0x00007ffe47bd1000 	C:\Windows\SYSTEM32\ntdll.dll
0x00007ffe47900000 - 0x00007ffe479b1000 	C:\Windows\System32\KERNEL32.DLL
0x00007ffe44a50000 - 0x00007ffe44cc3000 	C:\Windows\System32\KERNELBASE.dll
0x00007ffe45010000 - 0x00007ffe450b1000 	C:\Windows\System32\ADVAPI32.dll
0x00007ffe47860000 - 0x00007ffe478fe000 	C:\Windows\System32\msvcrt.dll
0x00007ffe47450000 - 0x00007ffe474ab000 	C:\Windows\System32\sechost.dll
0x00007ffe47320000 - 0x00007ffe47444000 	C:\Windows\System32\RPCRT4.dll
0x00007ffe44e80000 - 0x00007ffe45010000 	C:\Windows\System32\USER32.dll
0x00007ffe43e10000 - 0x00007ffe43e30000 	C:\Windows\System32\win32u.dll
0x00007ffe476a0000 - 0x00007ffe476c8000 	C:\Windows\System32\GDI32.dll
0x00007ffe441a0000 - 0x00007ffe44331000 	C:\Windows\System32\gdi32full.dll
0x00007ffe44de0000 - 0x00007ffe44e7f000 	C:\Windows\System32\msvcp_win.dll
0x00007ffe43e30000 - 0x00007ffe43f28000 	C:\Windows\System32\ucrtbase.dll
0x00007ffe33e90000 - 0x00007ffe340f9000 	C:\Windows\WinSxS\amd64_microsoft.windows.common-controls_6595b64144ccf1df_6.0.17134.885_none_fb42a3473065565f\COMCTL32.dll
0x00007ffe45270000 - 0x00007ffe45592000 	C:\Windows\System32\combase.dll
0x00007ffe43f30000 - 0x00007ffe43fa9000 	C:\Windows\System32\bcryptPrimitives.dll
0x00007ffe476d0000 - 0x00007ffe476fd000 	C:\Windows\System32\IMM32.DLL
0x000000006bf50000 - 0x000000006c022000 	C:\Program Files\Java\jre1.8.0_211\bin\msvcr100.dll
0x000000006c110000 - 0x000000006c9b5000 	C:\Program Files\Java\jre1.8.0_211\bin\server\jvm.dll
0x00007ffe45a00000 - 0x00007ffe45a08000 	C:\Windows\System32\PSAPI.DLL
0x00007ffe415a0000 - 0x00007ffe415c3000 	C:\Windows\SYSTEM32\WINMM.dll
0x00007ffe3f0f0000 - 0x00007ffe3f0fa000 	C:\Windows\SYSTEM32\VERSION.dll
0x00007ffe32080000 - 0x00007ffe32089000 	C:\Windows\SYSTEM32\WSOCK32.dll
0x00007ffe45a10000 - 0x00007ffe45a7c000 	C:\Windows\System32\WS2_32.dll
0x00007ffe41450000 - 0x00007ffe4147a000 	C:\Windows\SYSTEM32\WINMMBASE.dll
0x00007ffe43dc0000 - 0x00007ffe43e09000 	C:\Windows\System32\cfgmgr32.dll
0x00007ffe3e730000 - 0x00007ffe3e73f000 	C:\Program Files\Java\jre1.8.0_211\bin\verify.dll
0x00007ffe3d940000 - 0x00007ffe3d969000 	C:\Program Files\Java\jre1.8.0_211\bin\java.dll
0x00007ffe3c460000 - 0x00007ffe3c476000 	C:\Program Files\Java\jre1.8.0_211\bin\zip.dll
0x00007ffe45e80000 - 0x00007ffe472c0000 	C:\Windows\System32\SHELL32.dll
0x00007ffe45a80000 - 0x00007ffe45b29000 	C:\Windows\System32\shcore.dll
0x00007ffe44340000 - 0x00007ffe44a4d000 	C:\Windows\System32\windows.storage.dll
0x00007ffe45210000 - 0x00007ffe45261000 	C:\Windows\System32\shlwapi.dll
0x00007ffe43d60000 - 0x00007ffe43d71000 	C:\Windows\System32\kernel.appcore.dll
0x00007ffe43d80000 - 0x00007ffe43d9f000 	C:\Windows\System32\profapi.dll
0x00007ffe43d10000 - 0x00007ffe43d5c000 	C:\Windows\System32\powrprof.dll
0x00007ffe43d00000 - 0x00007ffe43d0a000 	C:\Windows\System32\FLTLIB.DLL
0x00007ffe3c440000 - 0x00007ffe3c45a000 	C:\Program Files\Java\jre1.8.0_211\bin\net.dll
0x00007ffe3b520000 - 0x00007ffe3b6e9000 	C:\Windows\SYSTEM32\urlmon.dll
0x00007ffe3b1c0000 - 0x00007ffe3b466000 	C:\Windows\SYSTEM32\iertutil.dll
0x00007ffe43750000 - 0x00007ffe4375b000 	C:\Windows\SYSTEM32\CRYPTBASE.DLL
0x00007ffe43580000 - 0x00007ffe435e6000 	C:\Windows\system32\mswsock.dll
0x00007ffe432b0000 - 0x00007ffe432e8000 	C:\Windows\SYSTEM32\IPHLPAPI.DLL
0x00007ffe47510000 - 0x00007ffe47518000 	C:\Windows\System32\NSI.dll
0x00007ffe3bb20000 - 0x00007ffe3bb36000 	C:\Windows\SYSTEM32\dhcpcsvc6.DLL
0x00007ffe3d0d0000 - 0x00007ffe3d0ea000 	C:\Windows\SYSTEM32\dhcpcsvc.DLL
0x00007ffe432f0000 - 0x00007ffe433ae000 	C:\Windows\SYSTEM32\DNSAPI.dll
0x00007ffe36db0000 - 0x00007ffe36dba000 	C:\Windows\System32\rasadhlp.dll
0x00007ffe36eb0000 - 0x00007ffe36f22000 	C:\Windows\System32\fwpuclnt.dll
0x00007ffe43860000 - 0x00007ffe43885000 	C:\Windows\SYSTEM32\bcrypt.dll
0x00007ffe3f270000 - 0x00007ffe3f27d000 	C:\Program Files\Java\jre1.8.0_211\bin\management.dll
0x00007ffe2d290000 - 0x00007ffe2d2a6000 	C:\Windows\system32\napinsp.dll
0x00007ffe2c480000 - 0x00007ffe2c49a000 	C:\Windows\system32\pnrpnsp.dll
0x00007ffe3fd60000 - 0x00007ffe3fd79000 	C:\Windows\system32\NLAapi.dll
0x00007ffe2d280000 - 0x00007ffe2d28e000 	C:\Windows\System32\winrnr.dll
0x00007ffe2c300000 - 0x00007ffe2c315000 	C:\Windows\System32\wshbth.dll
0x00007ffe3c420000 - 0x00007ffe3c432000 	C:\Program Files\Java\jre1.8.0_211\bin\nio.dll

VM Arguments:
jvm_args: -Dfile.encoding=UTF-8 
java_command: com.niit.CourseInfoServiceApplication
java_class_path (initial): D:\KAREN\backuplatest\STSWorkspace\CourseInfoService\target\classes;C:\Users\Karen\.m2\repository\org\springframework\boot\spring-boot-starter-data-jpa\2.1.6.RELEASE\spring-boot-starter-data-jpa-2.1.6.RELEASE.jar;C:\Users\Karen\.m2\repository\org\springframework\boot\spring-boot-starter-aop\2.1.6.RELEASE\spring-boot-starter-aop-2.1.6.RELEASE.jar;C:\Users\Karen\.m2\repository\org\springframework\spring-aop\5.1.8.RELEASE\spring-aop-5.1.8.RELEASE.jar;C:\Users\Karen\.m2\repository\org\aspectj\aspectjweaver\1.9.4\aspectjweaver-1.9.4.jar;C:\Users\Karen\.m2\repository\org\springframework\boot\spring-boot-starter-jdbc\2.1.6.RELEASE\spring-boot-starter-jdbc-2.1.6.RELEASE.jar;C:\Users\Karen\.m2\repository\com\zaxxer\HikariCP\3.2.0\HikariCP-3.2.0.jar;C:\Users\Karen\.m2\repository\org\springframework\spring-jdbc\5.1.8.RELEASE\spring-jdbc-5.1.8.RELEASE.jar;C:\Users\Karen\.m2\repository\javax\transaction\javax.transaction-api\1.3\javax.transaction-api-1.3.jar;C:\Users\Karen\.m2\repository\javax\xml\bind\jaxb-api\2.3.1\jaxb-api-2.3.1.jar;C:\Users\Karen\.m2\repository\javax\activation\javax.activation-api\1.2.0\javax.activation-api-1.2.0.jar;C:\Users\Karen\.m2\repository\org\hibernate\hibernate-core\5.3.10.Final\hibernate-core-5.3.10.Final.jar;C:\Users\Karen\.m2\repository\org\jboss\logging\jboss-logging\3.3.2.Final\jboss-logging-3.3.2.Final.jar;C:\Users\Karen\.m2\repository\javax\persistence\javax.persistence-api\2.2\javax.persistence-api-2.2.jar;C:\Users\Karen\.m2\repository\org\javassist\javassist\3.23.2-GA\javassist-3.23.2-GA.jar;C:\Users\Karen\.m2\repository\net\bytebuddy\byte-buddy\1.9.13\byte-buddy-1.9.13.jar;C:\Users\Karen\.m2\repository\antlr\antlr\2.7.7\antlr-2.7.7.jar;C:\Users\Karen\.m2\repository\org\jboss\jandex\2.0.5.Final\jandex-2.0.5.Final.jar;C:\Users\Karen\.m2\repository\com\fasterxml\classmate\1.4.0\classmate-1.4.0.jar;C:\Users\Karen\.m2\repository\org\dom4j\dom4j\2.1.1\dom4j-2.1.1.jar;C:\Users\Karen\.m2\repository\org\hibernate\commo
Launcher Type: SUN_STANDARD

Environment Variables:
JAVA_HOME=C:\Program Files\Java\jdk1.8.0_181
PATH=C:/Program Files/Java/jre1.8.0_211/bin/server;C:/Program Files/Java/jre1.8.0_211/bin;C:/Program Files/Java/jre1.8.0_211/lib/amd64;C:\Program Files (x86)\Common Files\Oracle\Java\javapath;C:\Program Files (x86)\Intel\Intel(R) Management Engine Components\iCLS\;C:\Program Files\Intel\Intel(R) Management Engine Components\iCLS\;C:\Windows\system32;C:\Windows;C:\Windows\System32\Wbem;C:\Windows\System32\WindowsPowerShell\v1.0\;C:\Windows\System32\OpenSSH\;C:\Program Files (x86)\NVIDIA Corporation\PhysX\Common;C:\Program Files (x86)\Intel\Intel(R) Management Engine Components\DAL;C:\Program Files\Intel\Intel(R) Management Engine Components\DAL;C:\Program Files (x86)\Intel\Intel(R) Management Engine Components\IPT;C:\Program Files\Intel\Intel(R) Management Engine Components\IPT;C:\Program Files\Intel\WiFi\bin\;C:\Program Files\Common Files\Intel\WirelessCommon\;C:\Program Files\MySQL\MySQL Utilities 1.6\;C:\Program Files\Java\jdk1.8.0_181\bin;C:\Users\Karen\AppData\Local\Programs\Python\Python37-32\Scripts\;C:\Users\Karen\AppData\Local\Programs\Python\Python37-32\;C:\Users\Karen\AppData\Local\Microsoft\WindowsApps;C:\Users\Karen\AppData\Local\Programs\Microsoft VS Code\bin;;C:\SpringSTS\sts-4.3.0.RELEASE;
USERNAME=Karen
OS=Windows_NT
PROCESSOR_IDENTIFIER=Intel64 Family 6 Model 142 Stepping 10, GenuineIntel



---------------  S Y S T E M  ---------------

OS: Windows 10.0 , 64 bit Build 17134 (10.0.17134.753)

CPU:total 8 (initial active 8) (4 cores per cpu, 2 threads per core) family 6 model 142 stepping 10, cmov, cx8, fxsr, mmx, sse, sse2, sse3, ssse3, sse4.1, sse4.2, popcnt, avx, avx2, aes, clmul, erms, 3dnowpref, lzcnt, ht, tsc, tscinvbit, bmi1, bmi2, adx

Memory: 4k page, physical 8267536k(765948k free), swap 8267536k(5132k free)

vm_info: Java HotSpot(TM) 64-Bit Server VM (25.211-b12) for windows-amd64 JRE (1.8.0_211-b12), built on Apr  1 2019 20:53:26 by "java_re" with MS VC++ 10.0 (VS2010)

time: Wed Jul 24 10:43:57 2019
timezone: India Standard Time
elapsed time: 2 seconds (0d 0h 0m 2s)

